2014/12/08 16:12:22:186,[5],[]:System.ArgumentNullException: String 引用没有设置为 String 的实例。
参数名: s
   在 System.Text.Encoding.GetBytes(String s)
   在 FinancialRegulation.ViewModel.Accrual.BillstrPad.BillPadRight() 位置 D:\Users\孙立翔\Desktop\资金监管\FinancialRegulation\FinancialRegulation\Page\Accrual\InterestCheckBillVM.cs:行号 446
   在 FinancialRegulation.ViewModel.Accrual.InterestCheckBillVM.ProduceFileExecute() 位置 D:\Users\孙立翔\Desktop\资金监管\FinancialRegulation\FinancialRegulation\Page\Accrual\InterestCheckBillVM.cs:行号 185
2014/12/08 16:15:42:157,[5],[]:System.ArgumentNullException: String 引用没有设置为 String 的实例。
参数名: s
   在 System.Text.Encoding.GetBytes(String s)
   在 FinancialRegulation.ViewModel.Accrual.BillstrPad.BillPadRight() 位置 D:\Users\孙立翔\Desktop\资金监管\FinancialRegulation\FinancialRegulation\Page\Accrual\InterestCheckBillVM.cs:行号 446
   在 FinancialRegulation.ViewModel.Accrual.InterestCheckBillVM.ProduceFileExecute() 位置 D:\Users\孙立翔\Desktop\资金监管\FinancialRegulation\FinancialRegulation\Page\Accrual\InterestCheckBillVM.cs:行号 185
2014/12/08 16:16:09:955,[5],[]:System.ArgumentNullException: String 引用没有设置为 String 的实例。
参数名: s
   在 System.Text.Encoding.GetBytes(String s)
   在 FinancialRegulation.ViewModel.Accrual.BillstrPad.BillPadRight() 位置 D:\Users\孙立翔\Desktop\资金监管\FinancialRegulation\FinancialRegulation\Page\Accrual\InterestCheckBillVM.cs:行号 446
   在 FinancialRegulation.ViewModel.Accrual.InterestCheckBillVM.ProduceFileExecute() 位置 D:\Users\孙立翔\Desktop\资金监管\FinancialRegulation\FinancialRegulation\Page\Accrual\InterestCheckBillVM.cs:行号 185
2014/12/08 16:16:59:191,[5],[]:System.ArgumentNullException: String 引用没有设置为 String 的实例。
参数名: s
   在 System.Text.Encoding.GetBytes(String s)
   在 FinancialRegulation.ViewModel.Accrual.BillstrPad.BillPadRight() 位置 D:\Users\孙立翔\Desktop\资金监管\FinancialRegulation\FinancialRegulation\Page\Accrual\InterestCheckBillVM.cs:行号 446
   在 FinancialRegulation.ViewModel.Accrual.InterestCheckBillVM.ProduceFileExecute() 位置 D:\Users\孙立翔\Desktop\资金监管\FinancialRegulation\FinancialRegulation\Page\Accrual\InterestCheckBillVM.cs:行号 185
2014/12/08 16:17:32:123,[5],[]:System.ArgumentNullException: String 引用没有设置为 String 的实例。
参数名: s
   在 System.Text.Encoding.GetBytes(String s)
   在 FinancialRegulation.ViewModel.Accrual.BillstrPad.BillPadRight() 位置 D:\Users\孙立翔\Desktop\资金监管\FinancialRegulation\FinancialRegulation\Page\Accrual\InterestCheckBillVM.cs:行号 446
   在 FinancialRegulation.ViewModel.Accrual.InterestCheckBillVM.ProduceFileExecute() 位置 D:\Users\孙立翔\Desktop\资金监管\FinancialRegulation\FinancialRegulation\Page\Accrual\InterestCheckBillVM.cs:行号 185
2014/12/08 16:20:57:263,[5],[]:System.Collections.Generic.KeyNotFoundException: 给定关键字不在字典中。
   在 System.Collections.Generic.Dictionary`2.get_Item(TKey key)
   在 FinancialRegulation.ViewModel.Accrual.BillstrPad.BillPadRight() 位置 D:\Users\孙立翔\Desktop\资金监管\FinancialRegulation\FinancialRegulation\Page\Accrual\InterestCheckBillVM.cs:行号 443
   在 FinancialRegulation.ViewModel.Accrual.InterestCheckBillVM.ProduceFileExecute() 位置 D:\Users\孙立翔\Desktop\资金监管\FinancialRegulation\FinancialRegulation\Page\Accrual\InterestCheckBillVM.cs:行号 185
