2014/09/25 00:09:32:399,[5],[]:System.Net.WebException: 请求因 HTTP 状态 400 失败: Bad Request。
   在 System.Web.Services.Protocols.SoapHttpClientProtocol.ReadResponse(SoapClientMessage message, WebResponse response, Stream responseStream, Boolean asyncCall)
   在 System.Web.Services.Protocols.SoapHttpClientProtocol.Invoke(String methodName, Object[] parameters)
   在 FundsRegulatoryClient.JG_MessageInfoSrv.JG_MessageInfoService.Add(MessageInfo o) 位置 D:\Users\孙立翔\Desktop\项目\程序\FinancialRegulation\FundsRegulatoryClient\Web References\JG_MessageInfoSrv\Reference.cs:行号 98
   在 FundsRegulatoryClient.JG_MessageInfoClient.Add(MessageInfo m) 位置 D:\Users\孙立翔\Desktop\项目\程序\FinancialRegulation\FundsRegulatoryClient\JG_MessageInfoClient.cs:行号 36
   在 Message.MessageSender.SaveMessage(String MessageInfo, String WebsiteCode, String TellerCode) 位置 D:\Users\孙立翔\Desktop\项目\程序\FinancialRegulation\Message\MessageSender.cs:行号 113
   在 Message.MessageSender.SendMessage(BaseRequest bmr, String WebsiteCode, String TellerCode) 位置 D:\Users\孙立翔\Desktop\项目\程序\FinancialRegulation\Message\MessageSender.cs:行号 76
   在 FinancialRegulation.ViewModel.BaseVM`1.SendMessage[R](BaseRequest request, String WebsiteCode, String TellerCode) 位置 D:\Users\孙立翔\Desktop\项目\程序\FinancialRegulation\FinancialRegulation\ViewModel\BaseVM.cs:行号 31
   在 FinancialRegulation.ViewModel.FundInfoCheckVM.SearchExecute() 位置 D:\Users\孙立翔\Desktop\项目\程序\FinancialRegulation\FinancialRegulation\Page\Fund\FundInfoCheckVM.cs:行号 203
2014/09/25 00:10:37:597,[5],[]:System.Net.WebException: 请求因 HTTP 状态 400 失败: Bad Request。
   在 System.Web.Services.Protocols.SoapHttpClientProtocol.ReadResponse(SoapClientMessage message, WebResponse response, Stream responseStream, Boolean asyncCall)
   在 System.Web.Services.Protocols.SoapHttpClientProtocol.Invoke(String methodName, Object[] parameters)
   在 FundsRegulatoryClient.JG_AccountManageSrv.JG_AccountManageService.Select(JG_AccountManageInfo o) 位置 D:\Users\孙立翔\Desktop\项目\程序\FinancialRegulation\FundsRegulatoryClient\Web References\JG_AccountManageSrv\Reference.cs:行号 217
   在 FundsRegulatoryClient.JG_AccountManageClient.Select(JG_AccountManageInfo m) 位置 D:\Users\孙立翔\Desktop\项目\程序\FinancialRegulation\FundsRegulatoryClient\JG_AccountManageClient.cs:行号 75
   在 FinancialRegulation.ViewModel.PayInfoAddToEditVM.OKExecute() 位置 D:\Users\孙立翔\Desktop\项目\程序\FinancialRegulation\FinancialRegulation\Page\Pay\PayInfoAddToEditVM.cs:行号 162
   在 FinancialRegulation.ViewModel.BaseEditVM`1.OKExecuteHost() 位置 D:\Users\孙立翔\Desktop\项目\程序\FinancialRegulation\FinancialRegulation\ViewModel\BaseEditVM.cs:行号 72
2014/09/25 09:57:06:316,[5],[]:System.Web.Services.Protocols.SoapException: System.Web.Services.Protocols.SoapException: 服务器未能识别 HTTP 头 SOAPAction 的值: http://tempuri.org/Select。
   在 System.Web.Services.Protocols.Soap11ServerProtocolHelper.RouteRequest()
   在 System.Web.Services.Protocols.SoapServerProtocol.RouteRequest(SoapServerMessage message)
   在 System.Web.Services.Protocols.SoapServerProtocol.Initialize()
   在 System.Web.Services.Protocols.ServerProtocolFactory.Create(Type type, HttpContext context, HttpRequest request, HttpResponse response, Boolean& abortProcessing)
   在 System.Web.Services.Protocols.SoapHttpClientProtocol.ReadResponse(SoapClientMessage message, WebResponse response, Stream responseStream, Boolean asyncCall)
   在 System.Web.Services.Protocols.SoapHttpClientProtocol.Invoke(String methodName, Object[] parameters)
   在 FundsRegulatoryClient.JG_AccountManageSrv.JG_AccountManageService.Select(JG_AccountManageInfo o) 位置 D:\Users\孙立翔\Desktop\项目\程序\FinancialRegulation\FundsRegulatoryClient\Web References\JG_AccountManageSrv\Reference.cs:行号 217
   在 FundsRegulatoryClient.JG_AccountManageClient.Select(JG_AccountManageInfo m) 位置 D:\Users\孙立翔\Desktop\项目\程序\FinancialRegulation\FundsRegulatoryClient\JG_AccountManageClient.cs:行号 75
   在 FinancialRegulation.ViewModel.PayInfoAddToEditVM.OKExecute() 位置 D:\Users\孙立翔\Desktop\项目\程序\FinancialRegulation\FinancialRegulation\Page\Pay\PayInfoAddToEditVM.cs:行号 164
   在 FinancialRegulation.ViewModel.BaseEditVM`1.OKExecuteHost() 位置 D:\Users\孙立翔\Desktop\项目\程序\FinancialRegulation\FinancialRegulation\ViewModel\BaseEditVM.cs:行号 72
2014/09/25 09:57:47:988,[5],[]:System.Web.Services.Protocols.SoapException: System.Web.Services.Protocols.SoapException: 服务器未能识别 HTTP 头 SOAPAction 的值: http://tempuri.org/Select。
   在 System.Web.Services.Protocols.Soap11ServerProtocolHelper.RouteRequest()
   在 System.Web.Services.Protocols.SoapServerProtocol.RouteRequest(SoapServerMessage message)
   在 System.Web.Services.Protocols.SoapServerProtocol.Initialize()
   在 System.Web.Services.Protocols.ServerProtocolFactory.Create(Type type, HttpContext context, HttpRequest request, HttpResponse response, Boolean& abortProcessing)
   在 System.Web.Services.Protocols.SoapHttpClientProtocol.ReadResponse(SoapClientMessage message, WebResponse response, Stream responseStream, Boolean asyncCall)
   在 System.Web.Services.Protocols.SoapHttpClientProtocol.Invoke(String methodName, Object[] parameters)
   在 FundsRegulatoryClient.JG_AccountManageSrv.JG_AccountManageService.Select(JG_AccountManageInfo o) 位置 D:\Users\孙立翔\Desktop\项目\程序\FinancialRegulation\FundsRegulatoryClient\Web References\JG_AccountManageSrv\Reference.cs:行号 217
   在 FundsRegulatoryClient.JG_AccountManageClient.Select(JG_AccountManageInfo m) 位置 D:\Users\孙立翔\Desktop\项目\程序\FinancialRegulation\FundsRegulatoryClient\JG_AccountManageClient.cs:行号 75
   在 FinancialRegulation.ViewModel.FundInfoEditVM.OKExecute() 位置 D:\Users\孙立翔\Desktop\项目\程序\FinancialRegulation\FinancialRegulation\Page\Fund\FundInfoEditVM.cs:行号 150
   在 FinancialRegulation.ViewModel.BaseEditVM`1.OKExecuteHost() 位置 D:\Users\孙立翔\Desktop\项目\程序\FinancialRegulation\FinancialRegulation\ViewModel\BaseEditVM.cs:行号 72
2014/09/25 10:02:10:787,[5],[]:System.Net.WebException: 请求因 HTTP 状态 400 失败: Bad Request。
   在 System.Web.Services.Protocols.SoapHttpClientProtocol.ReadResponse(SoapClientMessage message, WebResponse response, Stream responseStream, Boolean asyncCall)
   在 System.Web.Services.Protocols.SoapHttpClientProtocol.Invoke(String methodName, Object[] parameters)
   在 FundsRegulatoryClient.JG_AccountManageSrv.JG_AccountManageService.Select(JG_AccountManageInfo o) 位置 D:\Users\孙立翔\Desktop\项目\程序\FinancialRegulation\FundsRegulatoryClient\Web References\JG_AccountManageSrv\Reference.cs:行号 217
   在 FundsRegulatoryClient.JG_AccountManageClient.Select(JG_AccountManageInfo m) 位置 D:\Users\孙立翔\Desktop\项目\程序\FinancialRegulation\FundsRegulatoryClient\JG_AccountManageClient.cs:行号 75
   在 FinancialRegulation.ViewModel.PayInfoAddToEditVM.OKExecute() 位置 D:\Users\孙立翔\Desktop\项目\程序\FinancialRegulation\FinancialRegulation\Page\Pay\PayInfoAddToEditVM.cs:行号 164
   在 FinancialRegulation.ViewModel.BaseEditVM`1.OKExecuteHost() 位置 D:\Users\孙立翔\Desktop\项目\程序\FinancialRegulation\FinancialRegulation\ViewModel\BaseEditVM.cs:行号 72
2014/09/25 10:02:26:187,[5],[]:System.Net.WebException: 请求因 HTTP 状态 400 失败: Bad Request。
   在 System.Web.Services.Protocols.SoapHttpClientProtocol.ReadResponse(SoapClientMessage message, WebResponse response, Stream responseStream, Boolean asyncCall)
   在 System.Web.Services.Protocols.SoapHttpClientProtocol.Invoke(String methodName, Object[] parameters)
   在 FundsRegulatoryClient.JG_AccountManageSrv.JG_AccountManageService.Select(JG_AccountManageInfo o) 位置 D:\Users\孙立翔\Desktop\项目\程序\FinancialRegulation\FundsRegulatoryClient\Web References\JG_AccountManageSrv\Reference.cs:行号 217
   在 FundsRegulatoryClient.JG_AccountManageClient.Select(JG_AccountManageInfo m) 位置 D:\Users\孙立翔\Desktop\项目\程序\FinancialRegulation\FundsRegulatoryClient\JG_AccountManageClient.cs:行号 75
   在 FinancialRegulation.ViewModel.PayInfoAddToEditVM.OKExecute() 位置 D:\Users\孙立翔\Desktop\项目\程序\FinancialRegulation\FinancialRegulation\Page\Pay\PayInfoAddToEditVM.cs:行号 164
   在 FinancialRegulation.ViewModel.BaseEditVM`1.OKExecuteHost() 位置 D:\Users\孙立翔\Desktop\项目\程序\FinancialRegulation\FinancialRegulation\ViewModel\BaseEditVM.cs:行号 72
2014/09/25 10:02:36:528,[5],[]:System.Net.WebException: 请求因 HTTP 状态 400 失败: Bad Request。
   在 System.Web.Services.Protocols.SoapHttpClientProtocol.ReadResponse(SoapClientMessage message, WebResponse response, Stream responseStream, Boolean asyncCall)
   在 System.Web.Services.Protocols.SoapHttpClientProtocol.Invoke(String methodName, Object[] parameters)
   在 FundsRegulatoryClient.JG_AccountManageSrv.JG_AccountManageService.Select(JG_AccountManageInfo o) 位置 D:\Users\孙立翔\Desktop\项目\程序\FinancialRegulation\FundsRegulatoryClient\Web References\JG_AccountManageSrv\Reference.cs:行号 217
   在 FundsRegulatoryClient.JG_AccountManageClient.Select(JG_AccountManageInfo m) 位置 D:\Users\孙立翔\Desktop\项目\程序\FinancialRegulation\FundsRegulatoryClient\JG_AccountManageClient.cs:行号 75
   在 FinancialRegulation.ViewModel.PayInfoAddToEditVM.OKExecute() 位置 D:\Users\孙立翔\Desktop\项目\程序\FinancialRegulation\FinancialRegulation\Page\Pay\PayInfoAddToEditVM.cs:行号 164
   在 FinancialRegulation.ViewModel.BaseEditVM`1.OKExecuteHost() 位置 D:\Users\孙立翔\Desktop\项目\程序\FinancialRegulation\FinancialRegulation\ViewModel\BaseEditVM.cs:行号 72
2014/09/25 10:19:31:146,[5],[]:System.ArgumentOutOfRangeException: 索引超出范围。必须为非负值并小于集合大小。
参数名: index
   在 System.ThrowHelper.ThrowArgumentOutOfRangeException()
   在 System.Collections.Generic.List`1.get_Item(Int32 index)
   在 System.Collections.ObjectModel.Collection`1.get_Item(Int32 index)
   在 FinancialRegulation.ViewModel.PayInfoAddToEditVM.OKExecute() 位置 D:\Users\孙立翔\Desktop\项目\程序\FinancialRegulation\FinancialRegulation\Page\Pay\PayInfoAddToEditVM.cs:行号 210
   在 FinancialRegulation.ViewModel.BaseEditVM`1.OKExecuteHost() 位置 D:\Users\孙立翔\Desktop\项目\程序\FinancialRegulation\FinancialRegulation\ViewModel\BaseEditVM.cs:行号 72
2014/09/25 10:23:31:230,[5],[]:System.Net.WebException: 请求因 HTTP 状态 400 失败: Bad Request。
   在 System.Web.Services.Protocols.SoapHttpClientProtocol.ReadResponse(SoapClientMessage message, WebResponse response, Stream responseStream, Boolean asyncCall)
   在 System.Web.Services.Protocols.SoapHttpClientProtocol.Invoke(String methodName, Object[] parameters)
   在 FundsRegulatoryClient.JG_AccountManageSrv.JG_AccountManageService.Select(JG_AccountManageInfo o) 位置 D:\Users\孙立翔\Desktop\项目\程序\FinancialRegulation\FundsRegulatoryClient\Web References\JG_AccountManageSrv\Reference.cs:行号 217
   在 FundsRegulatoryClient.JG_AccountManageClient.Select(JG_AccountManageInfo ami) 位置 D:\Users\孙立翔\Desktop\项目\程序\FinancialRegulation\FundsRegulatoryClient\JG_AccountManageClient.cs:行号 78
   在 FinancialRegulation.ViewModel.PayInfoAddToEditVM.OKExecute() 位置 D:\Users\孙立翔\Desktop\项目\程序\FinancialRegulation\FinancialRegulation\Page\Pay\PayInfoAddToEditVM.cs:行号 164
   在 FinancialRegulation.ViewModel.BaseEditVM`1.OKExecuteHost() 位置 D:\Users\孙立翔\Desktop\项目\程序\FinancialRegulation\FinancialRegulation\ViewModel\BaseEditVM.cs:行号 72
2014/09/25 10:24:39:835,[5],[]:System.Net.WebException: 请求因 HTTP 状态 400 失败: Bad Request。
   在 System.Web.Services.Protocols.SoapHttpClientProtocol.ReadResponse(SoapClientMessage message, WebResponse response, Stream responseStream, Boolean asyncCall)
   在 System.Web.Services.Protocols.SoapHttpClientProtocol.Invoke(String methodName, Object[] parameters)
   在 FundsRegulatoryClient.JG_AccountManageSrv.JG_AccountManageService.Select(JG_AccountManageInfo o) 位置 D:\Users\孙立翔\Desktop\项目\程序\FinancialRegulation\FundsRegulatoryClient\Web References\JG_AccountManageSrv\Reference.cs:行号 217
   在 FundsRegulatoryClient.JG_AccountManageClient.Select(JG_AccountManageInfo ami) 位置 D:\Users\孙立翔\Desktop\项目\程序\FinancialRegulation\FundsRegulatoryClient\JG_AccountManageClient.cs:行号 78
   在 FinancialRegulation.ViewModel.PayInfoAddToEditVM.OKExecute() 位置 D:\Users\孙立翔\Desktop\项目\程序\FinancialRegulation\FinancialRegulation\Page\Pay\PayInfoAddToEditVM.cs:行号 164
   在 FinancialRegulation.ViewModel.BaseEditVM`1.OKExecuteHost() 位置 D:\Users\孙立翔\Desktop\项目\程序\FinancialRegulation\FinancialRegulation\ViewModel\BaseEditVM.cs:行号 72
2014/09/25 10:34:25:596,[5],[]:System.Net.WebException: 请求因 HTTP 状态 400 失败: Bad Request。
   在 System.Web.Services.Protocols.SoapHttpClientProtocol.ReadResponse(SoapClientMessage message, WebResponse response, Stream responseStream, Boolean asyncCall)
   在 System.Web.Services.Protocols.SoapHttpClientProtocol.Invoke(String methodName, Object[] parameters)
   在 FundsRegulatoryClient.JG_AccountManageSrv.JG_AccountManageService.Select(JG_AccountManageInfo o) 位置 D:\Users\孙立翔\Desktop\项目\程序\FinancialRegulation\FundsRegulatoryClient\Web References\JG_AccountManageSrv\Reference.cs:行号 217
   在 FundsRegulatoryClient.JG_AccountManageClient.Select(JG_AccountManageInfo ami) 位置 D:\Users\孙立翔\Desktop\项目\程序\FinancialRegulation\FundsRegulatoryClient\JG_AccountManageClient.cs:行号 78
   在 FinancialRegulation.ViewModel.PayInfoAddToEditVM.OKExecute() 位置 D:\Users\孙立翔\Desktop\项目\程序\FinancialRegulation\FinancialRegulation\Page\Pay\PayInfoAddToEditVM.cs:行号 162
   在 FinancialRegulation.ViewModel.BaseEditVM`1.OKExecuteHost() 位置 D:\Users\孙立翔\Desktop\项目\程序\FinancialRegulation\FinancialRegulation\ViewModel\BaseEditVM.cs:行号 72
2014/09/25 10:34:53:190,[5],[]:System.Net.WebException: 请求因 HTTP 状态 400 失败: Bad Request。
   在 System.Web.Services.Protocols.SoapHttpClientProtocol.ReadResponse(SoapClientMessage message, WebResponse response, Stream responseStream, Boolean asyncCall)
   在 System.Web.Services.Protocols.SoapHttpClientProtocol.Invoke(String methodName, Object[] parameters)
   在 FundsRegulatoryClient.JG_AccountManageSrv.JG_AccountManageService.Select(JG_AccountManageInfo o) 位置 D:\Users\孙立翔\Desktop\项目\程序\FinancialRegulation\FundsRegulatoryClient\Web References\JG_AccountManageSrv\Reference.cs:行号 217
   在 FundsRegulatoryClient.JG_AccountManageClient.Select(JG_AccountManageInfo ami) 位置 D:\Users\孙立翔\Desktop\项目\程序\FinancialRegulation\FundsRegulatoryClient\JG_AccountManageClient.cs:行号 78
   在 FinancialRegulation.ViewModel.PayInfoAddToEditVM.OKExecute() 位置 D:\Users\孙立翔\Desktop\项目\程序\FinancialRegulation\FinancialRegulation\Page\Pay\PayInfoAddToEditVM.cs:行号 162
   在 FinancialRegulation.ViewModel.BaseEditVM`1.OKExecuteHost() 位置 D:\Users\孙立翔\Desktop\项目\程序\FinancialRegulation\FinancialRegulation\ViewModel\BaseEditVM.cs:行号 72
2014/09/25 10:52:16:772,[5],[]:System.NullReferenceException: 未将对象引用设置到对象的实例。
   在 Message.NewMessage.Message.ObjectToMessage() 位置 D:\Users\孙立翔\Desktop\项目\程序\FinancialRegulation\Message\NewMessage\Message.cs:行号 53
   在 Message.MessageSender.SendMessage(BaseRequest bmr, String WebsiteCode, String TellerCode) 位置 D:\Users\孙立翔\Desktop\项目\程序\FinancialRegulation\Message\MessageSender.cs:行号 51
   在 FinancialRegulation.ViewModel.BaseVM`1.SendMessage[R](BaseRequest request, String WebsiteCode, String TellerCode) 位置 D:\Users\孙立翔\Desktop\项目\程序\FinancialRegulation\FinancialRegulation\ViewModel\BaseVM.cs:行号 31
   在 FinancialRegulation.ViewModel.ReverseTradeVM.OKExecute() 位置 D:\Users\孙立翔\Desktop\项目\程序\FinancialRegulation\FinancialRegulation\Page\Pay\ReverseTradeVM.cs:行号 112
   在 FinancialRegulation.ViewModel.BaseEditVM`1.OKExecuteHost() 位置 D:\Users\孙立翔\Desktop\项目\程序\FinancialRegulation\FinancialRegulation\ViewModel\BaseEditVM.cs:行号 72
2014/09/25 11:02:38:921,[5],[]:System.NullReferenceException: 未将对象引用设置到对象的实例。
   在 Message.NewMessage.Message.ObjectToMessage() 位置 D:\Users\孙立翔\Desktop\项目\程序\FinancialRegulation\Message\NewMessage\Message.cs:行号 53
   在 Message.MessageSender.SendMessage(BaseRequest bmr, String WebsiteCode, String TellerCode) 位置 D:\Users\孙立翔\Desktop\项目\程序\FinancialRegulation\Message\MessageSender.cs:行号 51
   在 FinancialRegulation.ViewModel.BaseVM`1.SendMessage[R](BaseRequest request, String WebsiteCode, String TellerCode) 位置 D:\Users\孙立翔\Desktop\项目\程序\FinancialRegulation\FinancialRegulation\ViewModel\BaseVM.cs:行号 31
   在 FinancialRegulation.ViewModel.Fund.ReverseTradeVM.OKExecute() 位置 D:\Users\孙立翔\Desktop\项目\程序\FinancialRegulation\FinancialRegulation\Page\Fund\ReverseTradeVM.cs:行号 112
   在 FinancialRegulation.ViewModel.BaseEditVM`1.OKExecuteHost() 位置 D:\Users\孙立翔\Desktop\项目\程序\FinancialRegulation\FinancialRegulation\ViewModel\BaseEditVM.cs:行号 72
2014/09/25 11:02:51:500,[5],[]:System.NullReferenceException: 未将对象引用设置到对象的实例。
   在 Message.NewMessage.Message.ObjectToMessage() 位置 D:\Users\孙立翔\Desktop\项目\程序\FinancialRegulation\Message\NewMessage\Message.cs:行号 53
   在 Message.MessageSender.SendMessage(BaseRequest bmr, String WebsiteCode, String TellerCode) 位置 D:\Users\孙立翔\Desktop\项目\程序\FinancialRegulation\Message\MessageSender.cs:行号 51
   在 FinancialRegulation.ViewModel.BaseVM`1.SendMessage[R](BaseRequest request, String WebsiteCode, String TellerCode) 位置 D:\Users\孙立翔\Desktop\项目\程序\FinancialRegulation\FinancialRegulation\ViewModel\BaseVM.cs:行号 31
   在 FinancialRegulation.ViewModel.ReverseTradeVM.OKExecute() 位置 D:\Users\孙立翔\Desktop\项目\程序\FinancialRegulation\FinancialRegulation\Page\Pay\ReverseTradeVM.cs:行号 112
   在 FinancialRegulation.ViewModel.BaseEditVM`1.OKExecuteHost() 位置 D:\Users\孙立翔\Desktop\项目\程序\FinancialRegulation\FinancialRegulation\ViewModel\BaseEditVM.cs:行号 72
2014/09/25 11:07:35:654,[5],[]:System.Net.Sockets.SocketException (0x80004005): 由于套接字没有连接并且(当使用一个 sendto 调用发送数据报套接字时)没有提供地址，发送或接收数据的请求没有被接受。
   在 System.Net.Sockets.Socket.Send(Byte[] buffer, Int32 offset, Int32 size, SocketFlags socketFlags)
   在 System.Net.Sockets.Socket.Send(Byte[] buffer)
   在 Message.MessageSender.SendMessage(BaseRequest bmr, String WebsiteCode, String TellerCode) 位置 D:\Users\孙立翔\Desktop\项目\程序\FinancialRegulation\Message\MessageSender.cs:行号 56
   在 FinancialRegulation.ViewModel.BaseVM`1.SendMessage[R](BaseRequest request, String WebsiteCode, String TellerCode) 位置 D:\Users\孙立翔\Desktop\项目\程序\FinancialRegulation\FinancialRegulation\ViewModel\BaseVM.cs:行号 31
   在 FinancialRegulation.ViewModel.Fund.ReverseTradeVM.OKExecute() 位置 D:\Users\孙立翔\Desktop\项目\程序\FinancialRegulation\FinancialRegulation\Page\Fund\ReverseTradeVM.cs:行号 113
   在 FinancialRegulation.ViewModel.BaseEditVM`1.OKExecuteHost() 位置 D:\Users\孙立翔\Desktop\项目\程序\FinancialRegulation\FinancialRegulation\ViewModel\BaseEditVM.cs:行号 72
2014/09/25 18:12:27:514,[5],[]:System.Net.Sockets.SocketException (0x80004005): 由于套接字没有连接并且(当使用一个 sendto 调用发送数据报套接字时)没有提供地址，发送或接收数据的请求没有被接受。
   在 System.Net.Sockets.Socket.Send(Byte[] buffer, Int32 offset, Int32 size, SocketFlags socketFlags)
   在 System.Net.Sockets.Socket.Send(Byte[] buffer)
   在 Message.MessageSender.SendMessage(BaseRequest bmr, String WebsiteCode, String TellerCode) 位置 D:\Users\孙立翔\Desktop\项目\程序\FinancialRegulation\Message\MessageSender.cs:行号 56
   在 FinancialRegulation.ViewModel.BaseVM`1.SendMessage[R](BaseRequest request, String WebsiteCode, String TellerCode) 位置 D:\Users\孙立翔\Desktop\项目\程序\FinancialRegulation\FinancialRegulation\ViewModel\BaseVM.cs:行号 31
   在 FinancialRegulation.ViewModel.RefundInfoAddToEditVM.OKExecute() 位置 D:\Users\孙立翔\Desktop\项目\程序\FinancialRegulation\FinancialRegulation\Page\Other\RefundInfoAddToEditVM.cs:行号 148
   在 FinancialRegulation.ViewModel.BaseEditVM`1.OKExecuteHost() 位置 D:\Users\孙立翔\Desktop\项目\程序\FinancialRegulation\FinancialRegulation\ViewModel\BaseEditVM.cs:行号 72
2014/09/25 18:17:17:043,[5],[]:System.Net.Sockets.SocketException (0x80004005): 由于套接字没有连接并且(当使用一个 sendto 调用发送数据报套接字时)没有提供地址，发送或接收数据的请求没有被接受。
   在 System.Net.Sockets.Socket.Send(Byte[] buffer, Int32 offset, Int32 size, SocketFlags socketFlags)
   在 System.Net.Sockets.Socket.Send(Byte[] buffer)
   在 Message.MessageSender.SendMessage(BaseRequest bmr, String WebsiteCode, String TellerCode) 位置 D:\Users\孙立翔\Desktop\项目\程序\FinancialRegulation\Message\MessageSender.cs:行号 56
   在 FinancialRegulation.ViewModel.BaseVM`1.SendMessage[R](BaseRequest request, String WebsiteCode, String TellerCode) 位置 D:\Users\孙立翔\Desktop\项目\程序\FinancialRegulation\FinancialRegulation\ViewModel\BaseVM.cs:行号 31
   在 FinancialRegulation.ViewModel.PayInfoAddToEditVM.OKExecute() 位置 D:\Users\孙立翔\Desktop\项目\程序\FinancialRegulation\FinancialRegulation\Page\Pay\PayInfoAddToEditVM.cs:行号 152
   在 FinancialRegulation.ViewModel.BaseEditVM`1.OKExecuteHost() 位置 D:\Users\孙立翔\Desktop\项目\程序\FinancialRegulation\FinancialRegulation\ViewModel\BaseEditVM.cs:行号 72
