2014/12/09 09:55:11:524,[5],[]:System.Web.Services.Protocols.SoapException: System.Web.Services.Protocols.SoapException: 服务器无法处理请求。 ---> System.Data.SqlClient.SqlException: 将截断字符串或二进制数据。
语句已终止。
   在 System.Data.SqlClient.SqlConnection.OnError(SqlException exception, Boolean breakConnection)
   在 System.Data.SqlClient.SqlInternalConnection.OnError(SqlException exception, Boolean breakConnection)
   在 System.Data.SqlClient.TdsParser.ThrowExceptionAndWarning()
   在 System.Data.SqlClient.TdsParser.Run(RunBehavior runBehavior, SqlCommand cmdHandler, SqlDataReader dataStream, BulkCopySimpleResultSet bulkCopyHandler, TdsParserStateObject stateObj)
   在 System.Data.SqlClient.SqlCommand.FinishExecuteReader(SqlDataReader ds, RunBehavior runBehavior, String resetOptionsString)
   在 System.Data.SqlClient.SqlCommand.RunExecuteReaderTds(CommandBehavior cmdBehavior, RunBehavior runBehavior, Boolean returnStream, Boolean async)
   在 System.Data.SqlClient.SqlCommand.RunExecuteReader(CommandBehavior cmdBehavior, RunBehavior runBehavior, Boolean returnStream, String method, DbAsyncResult result)
   在 System.Data.SqlClient.SqlCommand.InternalExecuteNonQuery(DbAsyncResult result, String methodName, Boolean sendToPipe)
   在 System.Data.SqlClient.SqlCommand.ExecuteNonQuery()
   在 IBatisNet.DataMapper.Commands.DbCommandDecorator.System.Data.IDbCommand.ExecuteNonQuery()
   在 IBatisNet.DataMapper.MappedStatements.MappedStatement.ExecuteUpdate(ISqlMapSession session, Object parameterObject)
   在 IBatisNet.DataMapper.SqlMapper.Update(String statementName, Object parameterObject)
   在 Dao.BasesDAO`1.u(String Key, Object t) 位置 D:\Users\孙立翔\Desktop\资金监管\FinancialRegulation\DAO\BasesDAO.cs:行号 82
   在 Dao.BasesDAO`1.u(T t) 位置 D:\Users\孙立翔\Desktop\资金监管\FinancialRegulation\DAO\BasesDAO.cs:行号 108
   在 Dao.JG_BranchesDao.Update(JG_BranchesInfo t) 位置 D:\Users\孙立翔\Desktop\资金监管\FinancialRegulation\DAO\JG_BranchesDao.cs:行号 51
   在 FinancialRegulationSRV.JG_BranchesService.Update(JG_BranchesInfo o) 位置 D:\Users\孙立翔\Desktop\资金监管\FinancialRegulation\FinancialRegulationSRV\JG_BranchesService.asmx.cs:行号 31
   --- 内部异常堆栈跟踪的结尾 ---
   在 FinancialRegulation.ViewModel.PointManageEditVM.OKExecute() 位置 D:\Users\孙立翔\Desktop\资金监管\FinancialRegulation\FinancialRegulation\Page\Account&Point\PointEditVM.cs:行号 76
   在 FinancialRegulation.ViewModel.BaseEditVM`1.OKExecuteHost() 位置 D:\Users\孙立翔\Desktop\资金监管\FinancialRegulation\FinancialRegulation\ViewModel\BaseEditVM.cs:行号 72
2014/12/09 10:16:12:211,[5],[]:System.Web.Services.Protocols.SoapException: System.Web.Services.Protocols.SoapException: 服务器无法处理请求。 ---> System.Data.SqlClient.SqlException: 列名 'MainWebSite' 无效。
   在 System.Data.SqlClient.SqlConnection.OnError(SqlException exception, Boolean breakConnection)
   在 System.Data.SqlClient.SqlInternalConnection.OnError(SqlException exception, Boolean breakConnection)
   在 System.Data.SqlClient.TdsParser.ThrowExceptionAndWarning()
   在 System.Data.SqlClient.TdsParser.Run(RunBehavior runBehavior, SqlCommand cmdHandler, SqlDataReader dataStream, BulkCopySimpleResultSet bulkCopyHandler, TdsParserStateObject stateObj)
   在 System.Data.SqlClient.SqlDataReader.ConsumeMetaData()
   在 System.Data.SqlClient.SqlDataReader.get_MetaData()
   在 System.Data.SqlClient.SqlCommand.FinishExecuteReader(SqlDataReader ds, RunBehavior runBehavior, String resetOptionsString)
   在 System.Data.SqlClient.SqlCommand.RunExecuteReaderTds(CommandBehavior cmdBehavior, RunBehavior runBehavior, Boolean returnStream, Boolean async)
   在 System.Data.SqlClient.SqlCommand.RunExecuteReader(CommandBehavior cmdBehavior, RunBehavior runBehavior, Boolean returnStream, String method, DbAsyncResult result)
   在 System.Data.SqlClient.SqlCommand.RunExecuteReader(CommandBehavior cmdBehavior, RunBehavior runBehavior, Boolean returnStream, String method)
   在 System.Data.SqlClient.SqlCommand.ExecuteReader(CommandBehavior behavior, String method)
   在 System.Data.SqlClient.SqlCommand.ExecuteDbDataReader(CommandBehavior behavior)
   在 System.Data.Common.DbCommand.System.Data.IDbCommand.ExecuteReader()
   在 IBatisNet.DataMapper.Commands.DbCommandDecorator.System.Data.IDbCommand.ExecuteReader()
   在 IBatisNet.DataMapper.MappedStatements.MappedStatement.RunQueryForList[T](RequestScope request, ISqlMapSession session, Object parameterObject, IList`1 resultObject, RowDelegate`1 rowDelegate)
   在 IBatisNet.DataMapper.MappedStatements.MappedStatement.ExecuteQueryForList[T](ISqlMapSession session, Object parameterObject)
   在 IBatisNet.DataMapper.SqlMapper.QueryForList[T](String statementName, Object parameterObject)
   在 Dao.BasesDAO`1.ss(String Key) 位置 D:\Users\孙立翔\Desktop\资金监管\FinancialRegulation\DAO\BasesDAO.cs:行号 97
   在 Dao.BasesDAO`1.ss() 位置 D:\Users\孙立翔\Desktop\资金监管\FinancialRegulation\DAO\BasesDAO.cs:行号 120
   在 Dao.SysConfigDao.Selects() 位置 D:\Users\孙立翔\Desktop\资金监管\FinancialRegulation\DAO\SysConfigDao.cs:行号 51
   在 FinancialRegulationSRV.SysConfigService.Selects() 位置 D:\Users\孙立翔\Desktop\资金监管\FinancialRegulation\FinancialRegulationSRV\SysConfigService.asmx.cs:行号 35
   --- 内部异常堆栈跟踪的结尾 ---
   在 System.Web.Services.Protocols.SoapHttpClientProtocol.ReadResponse(SoapClientMessage message, WebResponse response, Stream responseStream, Boolean asyncCall)
   在 System.Web.Services.Protocols.SoapHttpClientProtocol.Invoke(String methodName, Object[] parameters)
   在 BaseClient.SysConfigSrv.SysConfigService.Selects() 位置 D:\Users\孙立翔\Desktop\资金监管\FinancialRegulation\BaseClient\Web References\SysConfigSrv\Reference.cs:行号 112
   在 BaseClient.LoginClient.CheckUserInfo(UserInfo ui) 位置 D:\Users\孙立翔\Desktop\资金监管\FinancialRegulation\BaseClient\LoginClient.cs:行号 57
   在 MainFrame.LoginVM.CheckLogin() 位置 D:\Users\孙立翔\Desktop\资金监管\FinancialRegulation\MainFrame\LoginVM.cs:行号 142
   在 MainFrame.LoginVM.Confirm() 位置 D:\Users\孙立翔\Desktop\资金监管\FinancialRegulation\MainFrame\LoginVM.cs:行号 223
2014/12/09 10:16:38:397,[5],[]:System.Web.Services.Protocols.SoapException: System.Web.Services.Protocols.SoapException: 服务器无法处理请求。 ---> System.Data.SqlClient.SqlException: 列名 'MainWebSite' 无效。
   在 System.Data.SqlClient.SqlConnection.OnError(SqlException exception, Boolean breakConnection)
   在 System.Data.SqlClient.SqlInternalConnection.OnError(SqlException exception, Boolean breakConnection)
   在 System.Data.SqlClient.TdsParser.ThrowExceptionAndWarning()
   在 System.Data.SqlClient.TdsParser.Run(RunBehavior runBehavior, SqlCommand cmdHandler, SqlDataReader dataStream, BulkCopySimpleResultSet bulkCopyHandler, TdsParserStateObject stateObj)
   在 System.Data.SqlClient.SqlDataReader.ConsumeMetaData()
   在 System.Data.SqlClient.SqlDataReader.get_MetaData()
   在 System.Data.SqlClient.SqlCommand.FinishExecuteReader(SqlDataReader ds, RunBehavior runBehavior, String resetOptionsString)
   在 System.Data.SqlClient.SqlCommand.RunExecuteReaderTds(CommandBehavior cmdBehavior, RunBehavior runBehavior, Boolean returnStream, Boolean async)
   在 System.Data.SqlClient.SqlCommand.RunExecuteReader(CommandBehavior cmdBehavior, RunBehavior runBehavior, Boolean returnStream, String method, DbAsyncResult result)
   在 System.Data.SqlClient.SqlCommand.RunExecuteReader(CommandBehavior cmdBehavior, RunBehavior runBehavior, Boolean returnStream, String method)
   在 System.Data.SqlClient.SqlCommand.ExecuteReader(CommandBehavior behavior, String method)
   在 System.Data.SqlClient.SqlCommand.ExecuteDbDataReader(CommandBehavior behavior)
   在 System.Data.Common.DbCommand.System.Data.IDbCommand.ExecuteReader()
   在 IBatisNet.DataMapper.Commands.DbCommandDecorator.System.Data.IDbCommand.ExecuteReader()
   在 IBatisNet.DataMapper.MappedStatements.MappedStatement.RunQueryForList[T](RequestScope request, ISqlMapSession session, Object parameterObject, IList`1 resultObject, RowDelegate`1 rowDelegate)
   在 IBatisNet.DataMapper.MappedStatements.MappedStatement.ExecuteQueryForList[T](ISqlMapSession session, Object parameterObject)
   在 IBatisNet.DataMapper.SqlMapper.QueryForList[T](String statementName, Object parameterObject)
   在 Dao.BasesDAO`1.ss(String Key) 位置 D:\Users\孙立翔\Desktop\资金监管\FinancialRegulation\DAO\BasesDAO.cs:行号 97
   在 Dao.BasesDAO`1.ss() 位置 D:\Users\孙立翔\Desktop\资金监管\FinancialRegulation\DAO\BasesDAO.cs:行号 120
   在 Dao.SysConfigDao.Selects() 位置 D:\Users\孙立翔\Desktop\资金监管\FinancialRegulation\DAO\SysConfigDao.cs:行号 51
   在 FinancialRegulationSRV.SysConfigService.Selects() 位置 D:\Users\孙立翔\Desktop\资金监管\FinancialRegulation\FinancialRegulationSRV\SysConfigService.asmx.cs:行号 35
   --- 内部异常堆栈跟踪的结尾 ---
   在 System.Web.Services.Protocols.SoapHttpClientProtocol.ReadResponse(SoapClientMessage message, WebResponse response, Stream responseStream, Boolean asyncCall)
   在 System.Web.Services.Protocols.SoapHttpClientProtocol.Invoke(String methodName, Object[] parameters)
   在 BaseClient.SysConfigSrv.SysConfigService.Selects() 位置 D:\Users\孙立翔\Desktop\资金监管\FinancialRegulation\BaseClient\Web References\SysConfigSrv\Reference.cs:行号 112
   在 BaseClient.LoginClient.CheckUserInfo(UserInfo ui) 位置 D:\Users\孙立翔\Desktop\资金监管\FinancialRegulation\BaseClient\LoginClient.cs:行号 57
   在 MainFrame.LoginVM.CheckLogin() 位置 D:\Users\孙立翔\Desktop\资金监管\FinancialRegulation\MainFrame\LoginVM.cs:行号 142
   在 MainFrame.LoginVM.Confirm() 位置 D:\Users\孙立翔\Desktop\资金监管\FinancialRegulation\MainFrame\LoginVM.cs:行号 223
2014/12/09 17:54:02:258,[5],[]:System.Net.WebException: 请求因 HTTP 状态 417 失败: Expectation failed。
   在 System.Web.Services.Protocols.SoapHttpClientProtocol.ReadResponse(SoapClientMessage message, WebResponse response, Stream responseStream, Boolean asyncCall)
   在 System.Web.Services.Protocols.SoapHttpClientProtocol.Invoke(String methodName, Object[] parameters)
   在 BaseClient.LoginSrv.LoginSrv.CheckUserInfo(UserInfo ui) 位置 D:\Users\孙立翔\Desktop\资金监管\FinancialRegulation\BaseClient\Web References\LoginSrv\Reference.cs:行号 115
   在 BaseClient.LoginClient.CheckUserInfo(UserInfo ui) 位置 D:\Users\孙立翔\Desktop\资金监管\FinancialRegulation\BaseClient\LoginClient.cs:行号 49
   在 MainFrame.LoginVM.CheckLogin() 位置 D:\Users\孙立翔\Desktop\资金监管\FinancialRegulation\MainFrame\LoginVM.cs:行号 142
   在 MainFrame.LoginVM.Confirm() 位置 D:\Users\孙立翔\Desktop\资金监管\FinancialRegulation\MainFrame\LoginVM.cs:行号 223
