2014/09/28 09:25:31:512,[5],[]:System.Net.Sockets.SocketException (0x80004005): 由于套接字没有连接并且(当使用一个 sendto 调用发送数据报套接字时)没有提供地址，发送或接收数据的请求没有被接受。
   在 System.Net.Sockets.Socket.Send(Byte[] buffer, Int32 offset, Int32 size, SocketFlags socketFlags)
   在 System.Net.Sockets.Socket.Send(Byte[] buffer)
   在 Message.MessageSender.SendMessage(BaseRequest bmr, String WebsiteCode, String TellerCode) 位置 D:\Users\孙立翔\Desktop\项目\程序\FinancialRegulation\Message\MessageSender.cs:行号 56
   在 FinancialRegulation.ViewModel.BaseVM`1.SendMessage[R](BaseRequest request, String WebsiteCode, String TellerCode) 位置 D:\Users\孙立翔\Desktop\项目\程序\FinancialRegulation\FinancialRegulation\ViewModel\BaseVM.cs:行号 31
   在 FinancialRegulation.ViewModel.FundInfoCheckVM.SearchExecute() 位置 D:\Users\孙立翔\Desktop\项目\程序\FinancialRegulation\FinancialRegulation\Page\Fund\FundInfoCheckVM.cs:行号 203
2014/09/28 09:26:10:488,[5],[]:System.Net.Sockets.SocketException (0x80004005): 由于套接字没有连接并且(当使用一个 sendto 调用发送数据报套接字时)没有提供地址，发送或接收数据的请求没有被接受。
   在 System.Net.Sockets.Socket.Send(Byte[] buffer, Int32 offset, Int32 size, SocketFlags socketFlags)
   在 System.Net.Sockets.Socket.Send(Byte[] buffer)
   在 Message.MessageSender.SendMessage(BaseRequest bmr, String WebsiteCode, String TellerCode) 位置 D:\Users\孙立翔\Desktop\项目\程序\FinancialRegulation\Message\MessageSender.cs:行号 56
   在 FinancialRegulation.ViewModel.BaseVM`1.SendMessage[R](BaseRequest request, String WebsiteCode, String TellerCode) 位置 D:\Users\孙立翔\Desktop\项目\程序\FinancialRegulation\FinancialRegulation\ViewModel\BaseVM.cs:行号 31
   在 FinancialRegulation.ViewModel.FundInfoCheckVM.SearchExecute() 位置 D:\Users\孙立翔\Desktop\项目\程序\FinancialRegulation\FinancialRegulation\Page\Fund\FundInfoCheckVM.cs:行号 203
2014/09/28 09:27:09:734,[5],[]:System.Net.WebException: 请求因 HTTP 状态 400 失败: Bad Request。
   在 System.Web.Services.Protocols.SoapHttpClientProtocol.ReadResponse(SoapClientMessage message, WebResponse response, Stream responseStream, Boolean asyncCall)
   在 System.Web.Services.Protocols.SoapHttpClientProtocol.Invoke(String methodName, Object[] parameters)
   在 FundsRegulatoryClient.JG_MessageInfoSrv.JG_MessageInfoService.Add(MessageInfo o) 位置 D:\Users\孙立翔\Desktop\项目\程序\FinancialRegulation\FundsRegulatoryClient\Web References\JG_MessageInfoSrv\Reference.cs:行号 98
   在 FundsRegulatoryClient.JG_MessageInfoClient.Add(MessageInfo m) 位置 D:\Users\孙立翔\Desktop\项目\程序\FinancialRegulation\FundsRegulatoryClient\JG_MessageInfoClient.cs:行号 36
   在 Message.MessageSender.SaveMessage(String MessageInfo, String WebsiteCode, String TellerCode) 位置 D:\Users\孙立翔\Desktop\项目\程序\FinancialRegulation\Message\MessageSender.cs:行号 113
   在 Message.MessageSender.SendMessage(BaseRequest bmr, String WebsiteCode, String TellerCode) 位置 D:\Users\孙立翔\Desktop\项目\程序\FinancialRegulation\Message\MessageSender.cs:行号 76
   在 FinancialRegulation.ViewModel.BaseVM`1.SendMessage[R](BaseRequest request, String WebsiteCode, String TellerCode) 位置 D:\Users\孙立翔\Desktop\项目\程序\FinancialRegulation\FinancialRegulation\ViewModel\BaseVM.cs:行号 31
   在 FinancialRegulation.ViewModel.FundInfoCheckVM.SearchExecute() 位置 D:\Users\孙立翔\Desktop\项目\程序\FinancialRegulation\FinancialRegulation\Page\Fund\FundInfoCheckVM.cs:行号 203
2014/09/28 09:30:54:988,[5],[]:System.Net.WebException: 请求因 HTTP 状态 400 失败: Bad Request。
   在 System.Web.Services.Protocols.SoapHttpClientProtocol.ReadResponse(SoapClientMessage message, WebResponse response, Stream responseStream, Boolean asyncCall)
   在 System.Web.Services.Protocols.SoapHttpClientProtocol.Invoke(String methodName, Object[] parameters)
   在 FundsRegulatoryClient.JG_MessageInfoSrv.JG_MessageInfoService.Add(MessageInfo o) 位置 D:\Users\孙立翔\Desktop\项目\程序\FinancialRegulation\FundsRegulatoryClient\Web References\JG_MessageInfoSrv\Reference.cs:行号 98
   在 FundsRegulatoryClient.JG_MessageInfoClient.Add(MessageInfo m) 位置 D:\Users\孙立翔\Desktop\项目\程序\FinancialRegulation\FundsRegulatoryClient\JG_MessageInfoClient.cs:行号 36
   在 Message.MessageSender.SaveMessage(String MessageInfo, String WebsiteCode, String TellerCode) 位置 D:\Users\孙立翔\Desktop\项目\程序\FinancialRegulation\Message\MessageSender.cs:行号 113
   在 Message.MessageSender.SendMessage(BaseRequest bmr, String WebsiteCode, String TellerCode) 位置 D:\Users\孙立翔\Desktop\项目\程序\FinancialRegulation\Message\MessageSender.cs:行号 76
   在 FinancialRegulation.ViewModel.BaseVM`1.SendMessage[R](BaseRequest request, String WebsiteCode, String TellerCode) 位置 D:\Users\孙立翔\Desktop\项目\程序\FinancialRegulation\FinancialRegulation\ViewModel\BaseVM.cs:行号 31
   在 FinancialRegulation.ViewModel.FundInfoCheckVM.SearchExecute() 位置 D:\Users\孙立翔\Desktop\项目\程序\FinancialRegulation\FinancialRegulation\Page\Fund\FundInfoCheckVM.cs:行号 203
2014/09/28 09:41:25:725,[5],[]:System.Net.Sockets.SocketException (0x80004005): 由于套接字没有连接并且(当使用一个 sendto 调用发送数据报套接字时)没有提供地址，发送或接收数据的请求没有被接受。
   在 System.Net.Sockets.Socket.Send(Byte[] buffer, Int32 offset, Int32 size, SocketFlags socketFlags)
   在 System.Net.Sockets.Socket.Send(Byte[] buffer)
   在 Message.MessageSender.SendMessage(BaseRequest bmr, String WebsiteCode, String TellerCode) 位置 D:\Users\孙立翔\Desktop\项目\程序\FinancialRegulation\Message\MessageSender.cs:行号 56
   在 FinancialRegulation.ViewModel.BaseVM`1.SendMessage[R](BaseRequest request, String WebsiteCode, String TellerCode) 位置 D:\Users\孙立翔\Desktop\项目\程序\FinancialRegulation\FinancialRegulation\ViewModel\BaseVM.cs:行号 31
   在 FinancialRegulation.ViewModel.FundInfoCheckVM.SearchExecute() 位置 D:\Users\孙立翔\Desktop\项目\程序\FinancialRegulation\FinancialRegulation\Page\Fund\FundInfoCheckVM.cs:行号 203
2014/09/28 09:43:28:201,[5],[]:System.Web.Services.Protocols.SoapException: System.Web.Services.Protocols.SoapException: 服务器无法处理请求。 ---> System.Data.SqlClient.SqlException: 将截断字符串或二进制数据。
语句已终止。
   在 System.Data.SqlClient.SqlConnection.OnError(SqlException exception, Boolean breakConnection)
   在 System.Data.SqlClient.SqlInternalConnection.OnError(SqlException exception, Boolean breakConnection)
   在 System.Data.SqlClient.TdsParser.ThrowExceptionAndWarning()
   在 System.Data.SqlClient.TdsParser.Run(RunBehavior runBehavior, SqlCommand cmdHandler, SqlDataReader dataStream, BulkCopySimpleResultSet bulkCopyHandler, TdsParserStateObject stateObj)
   在 System.Data.SqlClient.SqlCommand.FinishExecuteReader(SqlDataReader ds, RunBehavior runBehavior, String resetOptionsString)
   在 System.Data.SqlClient.SqlCommand.RunExecuteReaderTds(CommandBehavior cmdBehavior, RunBehavior runBehavior, Boolean returnStream, Boolean async)
   在 System.Data.SqlClient.SqlCommand.RunExecuteReader(CommandBehavior cmdBehavior, RunBehavior runBehavior, Boolean returnStream, String method, DbAsyncResult result)
   在 System.Data.SqlClient.SqlCommand.InternalExecuteNonQuery(DbAsyncResult result, String methodName, Boolean sendToPipe)
   在 System.Data.SqlClient.SqlCommand.ExecuteNonQuery()
   在 IBatisNet.DataMapper.Commands.DbCommandDecorator.System.Data.IDbCommand.ExecuteNonQuery()
   在 IBatisNet.DataMapper.MappedStatements.MappedStatement.ExecuteInsert(ISqlMapSession session, Object parameterObject)
   在 IBatisNet.DataMapper.SqlMapper.Insert(String statementName, Object parameterObject)
   在 Dao.BasesDAO`1.i(String Key, Object t) 位置 D:\Users\孙立翔\Desktop\项目\程序\FinancialRegulation\DAO\BasesDAO.cs:行号 76
   在 Dao.BasesDAO`1.i(T t) 位置 D:\Users\孙立翔\Desktop\项目\程序\FinancialRegulation\DAO\BasesDAO.cs:行号 104
   在 Dao.JG_MessageInfoDao.Add(MessageInfo t) 位置 D:\Users\孙立翔\Desktop\项目\程序\FinancialRegulation\DAO\JG_MessageInfoDao.cs:行号 42
   在 FinancialRegulationSRV.JG_MessageInfoService.Add(MessageInfo o) 位置 D:\Users\孙立翔\Desktop\项目\程序\FinancialRegulation\FinancialRegulationSRV\JG_MessageInfoService.asmx.cs:行号 26
   --- 内部异常堆栈跟踪的结尾 ---
   在 System.Web.Services.Protocols.SoapHttpClientProtocol.ReadResponse(SoapClientMessage message, WebResponse response, Stream responseStream, Boolean asyncCall)
   在 System.Web.Services.Protocols.SoapHttpClientProtocol.Invoke(String methodName, Object[] parameters)
   在 FundsRegulatoryClient.JG_MessageInfoSrv.JG_MessageInfoService.Add(MessageInfo o) 位置 D:\Users\孙立翔\Desktop\项目\程序\FinancialRegulation\FundsRegulatoryClient\Web References\JG_MessageInfoSrv\Reference.cs:行号 98
   在 FundsRegulatoryClient.JG_MessageInfoClient.Add(MessageInfo m) 位置 D:\Users\孙立翔\Desktop\项目\程序\FinancialRegulation\FundsRegulatoryClient\JG_MessageInfoClient.cs:行号 36
   在 Message.NewMessage.Response.BaseResponse.SaveMessage(String WebsiteCode, String TellerCode) 位置 D:\Users\孙立翔\Desktop\项目\程序\FinancialRegulation\Message\NewMessage\Response\BaseResponse.cs:行号 31
   在 Message.MessageSender.SendMessage(BaseRequest bmr, String WebsiteCode, String TellerCode) 位置 D:\Users\孙立翔\Desktop\项目\程序\FinancialRegulation\Message\MessageSender.cs:行号 75
   在 FinancialRegulation.ViewModel.BaseVM`1.SendMessage[R](BaseRequest request, String WebsiteCode, String TellerCode) 位置 D:\Users\孙立翔\Desktop\项目\程序\FinancialRegulation\FinancialRegulation\ViewModel\BaseVM.cs:行号 31
   在 FinancialRegulation.ViewModel.FundInfoCheckVM.SearchExecute() 位置 D:\Users\孙立翔\Desktop\项目\程序\FinancialRegulation\FinancialRegulation\Page\Fund\FundInfoCheckVM.cs:行号 203
2014/09/28 09:49:22:401,[5],[]:System.Web.Services.Protocols.SoapException: System.Web.Services.Protocols.SoapException: 服务器无法处理请求。 ---> System.Data.SqlClient.SqlException: 将截断字符串或二进制数据。
语句已终止。
   在 System.Data.SqlClient.SqlConnection.OnError(SqlException exception, Boolean breakConnection)
   在 System.Data.SqlClient.SqlInternalConnection.OnError(SqlException exception, Boolean breakConnection)
   在 System.Data.SqlClient.TdsParser.ThrowExceptionAndWarning()
   在 System.Data.SqlClient.TdsParser.Run(RunBehavior runBehavior, SqlCommand cmdHandler, SqlDataReader dataStream, BulkCopySimpleResultSet bulkCopyHandler, TdsParserStateObject stateObj)
   在 System.Data.SqlClient.SqlCommand.FinishExecuteReader(SqlDataReader ds, RunBehavior runBehavior, String resetOptionsString)
   在 System.Data.SqlClient.SqlCommand.RunExecuteReaderTds(CommandBehavior cmdBehavior, RunBehavior runBehavior, Boolean returnStream, Boolean async)
   在 System.Data.SqlClient.SqlCommand.RunExecuteReader(CommandBehavior cmdBehavior, RunBehavior runBehavior, Boolean returnStream, String method, DbAsyncResult result)
   在 System.Data.SqlClient.SqlCommand.InternalExecuteNonQuery(DbAsyncResult result, String methodName, Boolean sendToPipe)
   在 System.Data.SqlClient.SqlCommand.ExecuteNonQuery()
   在 IBatisNet.DataMapper.Commands.DbCommandDecorator.System.Data.IDbCommand.ExecuteNonQuery()
   在 IBatisNet.DataMapper.MappedStatements.MappedStatement.ExecuteInsert(ISqlMapSession session, Object parameterObject)
   在 IBatisNet.DataMapper.SqlMapper.Insert(String statementName, Object parameterObject)
   在 Dao.BasesDAO`1.i(String Key, Object t) 位置 D:\Users\孙立翔\Desktop\项目\程序\FinancialRegulation\DAO\BasesDAO.cs:行号 76
   在 Dao.BasesDAO`1.i(T t) 位置 D:\Users\孙立翔\Desktop\项目\程序\FinancialRegulation\DAO\BasesDAO.cs:行号 104
   在 Dao.JG_MessageInfoDao.Add(MessageInfo t) 位置 D:\Users\孙立翔\Desktop\项目\程序\FinancialRegulation\DAO\JG_MessageInfoDao.cs:行号 42
   在 FinancialRegulationSRV.JG_MessageInfoService.Add(MessageInfo o) 位置 D:\Users\孙立翔\Desktop\项目\程序\FinancialRegulation\FinancialRegulationSRV\JG_MessageInfoService.asmx.cs:行号 26
   --- 内部异常堆栈跟踪的结尾 ---
   在 System.Web.Services.Protocols.SoapHttpClientProtocol.ReadResponse(SoapClientMessage message, WebResponse response, Stream responseStream, Boolean asyncCall)
   在 System.Web.Services.Protocols.SoapHttpClientProtocol.Invoke(String methodName, Object[] parameters)
   在 FundsRegulatoryClient.JG_MessageInfoSrv.JG_MessageInfoService.Add(MessageInfo o) 位置 D:\Users\孙立翔\Desktop\项目\程序\FinancialRegulation\FundsRegulatoryClient\Web References\JG_MessageInfoSrv\Reference.cs:行号 98
   在 FundsRegulatoryClient.JG_MessageInfoClient.Add(MessageInfo m) 位置 D:\Users\孙立翔\Desktop\项目\程序\FinancialRegulation\FundsRegulatoryClient\JG_MessageInfoClient.cs:行号 36
   在 Message.NewMessage.Response.BaseResponse.SaveMessage(String WebsiteCode, String TellerCode) 位置 D:\Users\孙立翔\Desktop\项目\程序\FinancialRegulation\Message\NewMessage\Response\BaseResponse.cs:行号 31
   在 Message.MessageSender.SendMessage(BaseRequest bmr, String WebsiteCode, String TellerCode) 位置 D:\Users\孙立翔\Desktop\项目\程序\FinancialRegulation\Message\MessageSender.cs:行号 75
   在 FinancialRegulation.ViewModel.BaseVM`1.SendMessage[R](BaseRequest request, String WebsiteCode, String TellerCode) 位置 D:\Users\孙立翔\Desktop\项目\程序\FinancialRegulation\FinancialRegulation\ViewModel\BaseVM.cs:行号 31
   在 FinancialRegulation.ViewModel.FundInfoCheckVM.SearchExecute() 位置 D:\Users\孙立翔\Desktop\项目\程序\FinancialRegulation\FinancialRegulation\Page\Fund\FundInfoCheckVM.cs:行号 203
