2014/09/24 16:20:27:896,[5],[]:System.Collections.Generic.KeyNotFoundException: 给定关键字不在字典中。
   在 System.Collections.Generic.Dictionary`2.get_Item(TKey key)
   在 Message.NewMessage.Message.ObjectToMessage() 位置 D:\Users\孙立翔\Desktop\项目\程序\FinancialRegulation\Message\NewMessage\Message.cs:行号 51
   在 Message.MessageSender.SendMessage(BaseRequest bmr, String WebsiteCode, String TellerCode) 位置 D:\Users\孙立翔\Desktop\项目\程序\FinancialRegulation\Message\MessageSender.cs:行号 51
   在 FinancialRegulation.ViewModel.BaseVM`1.SendMessage[R](BaseRequest request, String WebsiteCode, String TellerCode) 位置 D:\Users\孙立翔\Desktop\项目\程序\FinancialRegulation\FinancialRegulation\ViewModel\BaseVM.cs:行号 31
   在 FinancialRegulation.ViewModel.FundInfoCheckVM.SearchExecute() 位置 D:\Users\孙立翔\Desktop\项目\程序\FinancialRegulation\FinancialRegulation\Page\Fund\FundInfoCheckVM.cs:行号 202
2014/09/24 16:21:55:460,[5],[]:System.Collections.Generic.KeyNotFoundException: 给定关键字不在字典中。
   在 System.Collections.Generic.Dictionary`2.get_Item(TKey key)
   在 Message.NewMessage.Message.ObjectToMessage() 位置 D:\Users\孙立翔\Desktop\项目\程序\FinancialRegulation\Message\NewMessage\Message.cs:行号 51
   在 Message.MessageSender.SendMessage(BaseRequest bmr, String WebsiteCode, String TellerCode) 位置 D:\Users\孙立翔\Desktop\项目\程序\FinancialRegulation\Message\MessageSender.cs:行号 51
   在 FinancialRegulation.ViewModel.BaseVM`1.SendMessage[R](BaseRequest request, String WebsiteCode, String TellerCode) 位置 D:\Users\孙立翔\Desktop\项目\程序\FinancialRegulation\FinancialRegulation\ViewModel\BaseVM.cs:行号 31
   在 FinancialRegulation.ViewModel.FundInfoCheckVM.SearchExecute() 位置 D:\Users\孙立翔\Desktop\项目\程序\FinancialRegulation\FinancialRegulation\Page\Fund\FundInfoCheckVM.cs:行号 202
2014/09/24 16:27:23:296,[5],[]:System.Collections.Generic.KeyNotFoundException: 给定关键字不在字典中。
   在 System.Collections.Generic.Dictionary`2.get_Item(TKey key)
   在 Message.NewMessage.Message.ObjectToMessage() 位置 D:\Users\孙立翔\Desktop\项目\程序\FinancialRegulation\Message\NewMessage\Message.cs:行号 51
   在 Message.MessageSender.SendMessage(BaseRequest bmr, String WebsiteCode, String TellerCode) 位置 D:\Users\孙立翔\Desktop\项目\程序\FinancialRegulation\Message\MessageSender.cs:行号 51
   在 FinancialRegulation.ViewModel.BaseVM`1.SendMessage[R](BaseRequest request, String WebsiteCode, String TellerCode) 位置 D:\Users\孙立翔\Desktop\项目\程序\FinancialRegulation\FinancialRegulation\ViewModel\BaseVM.cs:行号 31
   在 FinancialRegulation.ViewModel.FundInfoCheckVM.SearchExecute() 位置 D:\Users\孙立翔\Desktop\项目\程序\FinancialRegulation\FinancialRegulation\Page\Fund\FundInfoCheckVM.cs:行号 203
2014/09/24 16:27:28:580,[5],[]:System.Collections.Generic.KeyNotFoundException: 给定关键字不在字典中。
   在 System.Collections.Generic.Dictionary`2.get_Item(TKey key)
   在 Message.NewMessage.Message.ObjectToMessage() 位置 D:\Users\孙立翔\Desktop\项目\程序\FinancialRegulation\Message\NewMessage\Message.cs:行号 51
   在 Message.MessageSender.SendMessage(BaseRequest bmr, String WebsiteCode, String TellerCode) 位置 D:\Users\孙立翔\Desktop\项目\程序\FinancialRegulation\Message\MessageSender.cs:行号 51
   在 FinancialRegulation.ViewModel.BaseVM`1.SendMessage[R](BaseRequest request, String WebsiteCode, String TellerCode) 位置 D:\Users\孙立翔\Desktop\项目\程序\FinancialRegulation\FinancialRegulation\ViewModel\BaseVM.cs:行号 31
   在 FinancialRegulation.ViewModel.FundInfoCheckVM.SearchExecute() 位置 D:\Users\孙立翔\Desktop\项目\程序\FinancialRegulation\FinancialRegulation\Page\Fund\FundInfoCheckVM.cs:行号 203
2014/09/24 16:33:26:618,[5],[]:System.NullReferenceException: 未将对象引用设置到对象的实例。
   在 Message.NewMessage.Message.ObjectToMessage() 位置 D:\Users\孙立翔\Desktop\项目\程序\FinancialRegulation\Message\NewMessage\Message.cs:行号 53
   在 Message.MessageSender.SendMessage(BaseRequest bmr, String WebsiteCode, String TellerCode) 位置 D:\Users\孙立翔\Desktop\项目\程序\FinancialRegulation\Message\MessageSender.cs:行号 51
   在 FinancialRegulation.ViewModel.BaseVM`1.SendMessage[R](BaseRequest request, String WebsiteCode, String TellerCode) 位置 D:\Users\孙立翔\Desktop\项目\程序\FinancialRegulation\FinancialRegulation\ViewModel\BaseVM.cs:行号 31
   在 FinancialRegulation.ViewModel.FundInfoCheckVM.SearchExecute() 位置 D:\Users\孙立翔\Desktop\项目\程序\FinancialRegulation\FinancialRegulation\Page\Fund\FundInfoCheckVM.cs:行号 203
2014/09/24 16:54:17:853,[5],[]:System.Net.Sockets.SocketException (0x80004005): 由于套接字没有连接并且(当使用一个 sendto 调用发送数据报套接字时)没有提供地址，发送或接收数据的请求没有被接受。
   在 System.Net.Sockets.Socket.Send(Byte[] buffer, Int32 offset, Int32 size, SocketFlags socketFlags)
   在 System.Net.Sockets.Socket.Send(Byte[] buffer)
   在 Message.MessageSender.SendMessage(BaseRequest bmr, String WebsiteCode, String TellerCode) 位置 D:\Users\孙立翔\Desktop\项目\程序\FinancialRegulation\Message\MessageSender.cs:行号 56
   在 FinancialRegulation.ViewModel.BaseVM`1.SendMessage[R](BaseRequest request, String WebsiteCode, String TellerCode) 位置 D:\Users\孙立翔\Desktop\项目\程序\FinancialRegulation\FinancialRegulation\ViewModel\BaseVM.cs:行号 31
   在 FinancialRegulation.ViewModel.FundInfoCheckVM.SearchExecute() 位置 D:\Users\孙立翔\Desktop\项目\程序\FinancialRegulation\FinancialRegulation\Page\Fund\FundInfoCheckVM.cs:行号 203
2014/09/24 16:55:58:024,[5],[]:System.FormatException: 输入字符串的格式不正确。
   在 System.Number.StringToNumber(String str, NumberStyles options, NumberBuffer& number, NumberFormatInfo info, Boolean parseDecimal)
   在 System.Number.ParseDecimal(String value, NumberStyles options, NumberFormatInfo numfmt)
   在 System.Decimal.Parse(String s)
   在 Message.NewMessage.Response.Response02.SetValue() 位置 D:\Users\孙立翔\Desktop\项目\程序\FinancialRegulation\Message\NewMessage\Response\Response02.cs:行号 180
   在 Message.NewMessage.Response.Response02..ctor(String MessageInfo) 位置 D:\Users\孙立翔\Desktop\项目\程序\FinancialRegulation\Message\NewMessage\Response\Response02.cs:行号 81
   在 Message.MessageSender.SendMessage(BaseRequest bmr, String WebsiteCode, String TellerCode) 位置 D:\Users\孙立翔\Desktop\项目\程序\FinancialRegulation\Message\MessageSender.cs:行号 65
   在 FinancialRegulation.ViewModel.BaseVM`1.SendMessage[R](BaseRequest request, String WebsiteCode, String TellerCode) 位置 D:\Users\孙立翔\Desktop\项目\程序\FinancialRegulation\FinancialRegulation\ViewModel\BaseVM.cs:行号 31
   在 FinancialRegulation.ViewModel.FundInfoCheckVM.SearchExecute() 位置 D:\Users\孙立翔\Desktop\项目\程序\FinancialRegulation\FinancialRegulation\Page\Fund\FundInfoCheckVM.cs:行号 203
2014/09/24 16:59:54:846,[5],[]:System.FormatException: 输入字符串的格式不正确。
   在 System.Number.StringToNumber(String str, NumberStyles options, NumberBuffer& number, NumberFormatInfo info, Boolean parseDecimal)
   在 System.Number.ParseDecimal(String value, NumberStyles options, NumberFormatInfo numfmt)
   在 System.Decimal.Parse(String s)
   在 Message.NewMessage.Response.Response02.SetValue() 位置 D:\Users\孙立翔\Desktop\项目\程序\FinancialRegulation\Message\NewMessage\Response\Response02.cs:行号 180
   在 Message.NewMessage.Response.Response02..ctor(String MessageInfo) 位置 D:\Users\孙立翔\Desktop\项目\程序\FinancialRegulation\Message\NewMessage\Response\Response02.cs:行号 81
   在 Message.MessageSender.SendMessage(BaseRequest bmr, String WebsiteCode, String TellerCode) 位置 D:\Users\孙立翔\Desktop\项目\程序\FinancialRegulation\Message\MessageSender.cs:行号 65
   在 FinancialRegulation.ViewModel.BaseVM`1.SendMessage[R](BaseRequest request, String WebsiteCode, String TellerCode) 位置 D:\Users\孙立翔\Desktop\项目\程序\FinancialRegulation\FinancialRegulation\ViewModel\BaseVM.cs:行号 31
   在 FinancialRegulation.ViewModel.FundInfoCheckVM.SearchExecute() 位置 D:\Users\孙立翔\Desktop\项目\程序\FinancialRegulation\FinancialRegulation\Page\Fund\FundInfoCheckVM.cs:行号 203
2014/09/24 17:00:01:266,[5],[]:System.FormatException: 输入字符串的格式不正确。
   在 System.Number.StringToNumber(String str, NumberStyles options, NumberBuffer& number, NumberFormatInfo info, Boolean parseDecimal)
   在 System.Number.ParseDecimal(String value, NumberStyles options, NumberFormatInfo numfmt)
   在 System.Decimal.Parse(String s)
   在 Message.NewMessage.Response.Response02.SetValue() 位置 D:\Users\孙立翔\Desktop\项目\程序\FinancialRegulation\Message\NewMessage\Response\Response02.cs:行号 180
   在 Message.NewMessage.Response.Response02..ctor(String MessageInfo) 位置 D:\Users\孙立翔\Desktop\项目\程序\FinancialRegulation\Message\NewMessage\Response\Response02.cs:行号 81
   在 Message.MessageSender.SendMessage(BaseRequest bmr, String WebsiteCode, String TellerCode) 位置 D:\Users\孙立翔\Desktop\项目\程序\FinancialRegulation\Message\MessageSender.cs:行号 65
   在 FinancialRegulation.ViewModel.BaseVM`1.SendMessage[R](BaseRequest request, String WebsiteCode, String TellerCode) 位置 D:\Users\孙立翔\Desktop\项目\程序\FinancialRegulation\FinancialRegulation\ViewModel\BaseVM.cs:行号 31
   在 FinancialRegulation.ViewModel.FundInfoCheckVM.SearchExecute() 位置 D:\Users\孙立翔\Desktop\项目\程序\FinancialRegulation\FinancialRegulation\Page\Fund\FundInfoCheckVM.cs:行号 203
2014/09/24 17:04:19:292,[5],[]:System.Net.WebException: 请求因 HTTP 状态 400 失败: Bad Request。
   在 System.Web.Services.Protocols.SoapHttpClientProtocol.ReadResponse(SoapClientMessage message, WebResponse response, Stream responseStream, Boolean asyncCall)
   在 System.Web.Services.Protocols.SoapHttpClientProtocol.Invoke(String methodName, Object[] parameters)
   在 FundsRegulatoryClient.JG_MessageInfoSrv.JG_MessageInfoService.Add(MessageInfo o) 位置 D:\Users\孙立翔\Desktop\项目\程序\FinancialRegulation\FundsRegulatoryClient\Web References\JG_MessageInfoSrv\Reference.cs:行号 98
   在 FundsRegulatoryClient.JG_MessageInfoClient.Add(MessageInfo m) 位置 D:\Users\孙立翔\Desktop\项目\程序\FinancialRegulation\FundsRegulatoryClient\JG_MessageInfoClient.cs:行号 36
   在 Message.NewMessage.Response.BaseResponse.SaveMessage(String WebsiteCode, String TellerCode) 位置 D:\Users\孙立翔\Desktop\项目\程序\FinancialRegulation\Message\NewMessage\Response\BaseResponse.cs:行号 31
   在 Message.MessageSender.SendMessage(BaseRequest bmr, String WebsiteCode, String TellerCode) 位置 D:\Users\孙立翔\Desktop\项目\程序\FinancialRegulation\Message\MessageSender.cs:行号 74
   在 FinancialRegulation.ViewModel.BaseVM`1.SendMessage[R](BaseRequest request, String WebsiteCode, String TellerCode) 位置 D:\Users\孙立翔\Desktop\项目\程序\FinancialRegulation\FinancialRegulation\ViewModel\BaseVM.cs:行号 31
   在 FinancialRegulation.ViewModel.FundInfoCheckVM.SearchExecute() 位置 D:\Users\孙立翔\Desktop\项目\程序\FinancialRegulation\FinancialRegulation\Page\Fund\FundInfoCheckVM.cs:行号 203
2014/09/24 17:04:47:833,[5],[]:System.Net.WebException: 请求因 HTTP 状态 400 失败: Bad Request。
   在 System.Web.Services.Protocols.SoapHttpClientProtocol.ReadResponse(SoapClientMessage message, WebResponse response, Stream responseStream, Boolean asyncCall)
   在 System.Web.Services.Protocols.SoapHttpClientProtocol.Invoke(String methodName, Object[] parameters)
   在 FundsRegulatoryClient.JG_MessageInfoSrv.JG_MessageInfoService.Add(MessageInfo o) 位置 D:\Users\孙立翔\Desktop\项目\程序\FinancialRegulation\FundsRegulatoryClient\Web References\JG_MessageInfoSrv\Reference.cs:行号 98
   在 FundsRegulatoryClient.JG_MessageInfoClient.Add(MessageInfo m) 位置 D:\Users\孙立翔\Desktop\项目\程序\FinancialRegulation\FundsRegulatoryClient\JG_MessageInfoClient.cs:行号 36
   在 Message.NewMessage.Response.BaseResponse.SaveMessage(String WebsiteCode, String TellerCode) 位置 D:\Users\孙立翔\Desktop\项目\程序\FinancialRegulation\Message\NewMessage\Response\BaseResponse.cs:行号 31
   在 Message.MessageSender.SendMessage(BaseRequest bmr, String WebsiteCode, String TellerCode) 位置 D:\Users\孙立翔\Desktop\项目\程序\FinancialRegulation\Message\MessageSender.cs:行号 74
   在 FinancialRegulation.ViewModel.BaseVM`1.SendMessage[R](BaseRequest request, String WebsiteCode, String TellerCode) 位置 D:\Users\孙立翔\Desktop\项目\程序\FinancialRegulation\FinancialRegulation\ViewModel\BaseVM.cs:行号 31
   在 FinancialRegulation.ViewModel.FundInfoCheckVM.SearchExecute() 位置 D:\Users\孙立翔\Desktop\项目\程序\FinancialRegulation\FinancialRegulation\Page\Fund\FundInfoCheckVM.cs:行号 203
2014/09/24 17:05:09:017,[5],[]:System.Net.WebException: 请求因 HTTP 状态 400 失败: Bad Request。
   在 System.Web.Services.Protocols.SoapHttpClientProtocol.ReadResponse(SoapClientMessage message, WebResponse response, Stream responseStream, Boolean asyncCall)
   在 System.Web.Services.Protocols.SoapHttpClientProtocol.Invoke(String methodName, Object[] parameters)
   在 FundsRegulatoryClient.JG_MessageInfoSrv.JG_MessageInfoService.Add(MessageInfo o) 位置 D:\Users\孙立翔\Desktop\项目\程序\FinancialRegulation\FundsRegulatoryClient\Web References\JG_MessageInfoSrv\Reference.cs:行号 98
   在 FundsRegulatoryClient.JG_MessageInfoClient.Add(MessageInfo m) 位置 D:\Users\孙立翔\Desktop\项目\程序\FinancialRegulation\FundsRegulatoryClient\JG_MessageInfoClient.cs:行号 36
   在 Message.NewMessage.Response.BaseResponse.SaveMessage(String WebsiteCode, String TellerCode) 位置 D:\Users\孙立翔\Desktop\项目\程序\FinancialRegulation\Message\NewMessage\Response\BaseResponse.cs:行号 31
   在 Message.MessageSender.SendMessage(BaseRequest bmr, String WebsiteCode, String TellerCode) 位置 D:\Users\孙立翔\Desktop\项目\程序\FinancialRegulation\Message\MessageSender.cs:行号 74
   在 FinancialRegulation.ViewModel.BaseVM`1.SendMessage[R](BaseRequest request, String WebsiteCode, String TellerCode) 位置 D:\Users\孙立翔\Desktop\项目\程序\FinancialRegulation\FinancialRegulation\ViewModel\BaseVM.cs:行号 31
   在 FinancialRegulation.ViewModel.FundInfoCheckVM.SearchExecute() 位置 D:\Users\孙立翔\Desktop\项目\程序\FinancialRegulation\FinancialRegulation\Page\Fund\FundInfoCheckVM.cs:行号 203
2014/09/24 17:07:12:287,[5],[]:System.Net.WebException: 请求因 HTTP 状态 400 失败: Bad Request。
   在 System.Web.Services.Protocols.SoapHttpClientProtocol.ReadResponse(SoapClientMessage message, WebResponse response, Stream responseStream, Boolean asyncCall)
   在 System.Web.Services.Protocols.SoapHttpClientProtocol.Invoke(String methodName, Object[] parameters)
   在 FundsRegulatoryClient.JG_MessageInfoSrv.JG_MessageInfoService.Add(MessageInfo o) 位置 D:\Users\孙立翔\Desktop\项目\程序\FinancialRegulation\FundsRegulatoryClient\Web References\JG_MessageInfoSrv\Reference.cs:行号 98
   在 FundsRegulatoryClient.JG_MessageInfoClient.Add(MessageInfo m) 位置 D:\Users\孙立翔\Desktop\项目\程序\FinancialRegulation\FundsRegulatoryClient\JG_MessageInfoClient.cs:行号 36
   在 Message.NewMessage.Response.BaseResponse.SaveMessage(String WebsiteCode, String TellerCode) 位置 D:\Users\孙立翔\Desktop\项目\程序\FinancialRegulation\Message\NewMessage\Response\BaseResponse.cs:行号 31
   在 Message.MessageSender.SendMessage(BaseRequest bmr, String WebsiteCode, String TellerCode) 位置 D:\Users\孙立翔\Desktop\项目\程序\FinancialRegulation\Message\MessageSender.cs:行号 74
   在 FinancialRegulation.ViewModel.BaseVM`1.SendMessage[R](BaseRequest request, String WebsiteCode, String TellerCode) 位置 D:\Users\孙立翔\Desktop\项目\程序\FinancialRegulation\FinancialRegulation\ViewModel\BaseVM.cs:行号 31
   在 FinancialRegulation.ViewModel.FundInfoCheckVM.SearchExecute() 位置 D:\Users\孙立翔\Desktop\项目\程序\FinancialRegulation\FinancialRegulation\Page\Fund\FundInfoCheckVM.cs:行号 203
2014/09/24 17:09:37:316,[5],[]:System.Net.WebException: 请求因 HTTP 状态 400 失败: Bad Request。
   在 System.Web.Services.Protocols.SoapHttpClientProtocol.ReadResponse(SoapClientMessage message, WebResponse response, Stream responseStream, Boolean asyncCall)
   在 System.Web.Services.Protocols.SoapHttpClientProtocol.Invoke(String methodName, Object[] parameters)
   在 FundsRegulatoryClient.JG_MessageInfoSrv.JG_MessageInfoService.Add(MessageInfo o) 位置 D:\Users\孙立翔\Desktop\项目\程序\FinancialRegulation\FundsRegulatoryClient\Web References\JG_MessageInfoSrv\Reference.cs:行号 98
   在 FundsRegulatoryClient.JG_MessageInfoClient.Add(MessageInfo m) 位置 D:\Users\孙立翔\Desktop\项目\程序\FinancialRegulation\FundsRegulatoryClient\JG_MessageInfoClient.cs:行号 36
   在 Message.NewMessage.Response.BaseResponse.SaveMessage(String WebsiteCode, String TellerCode) 位置 D:\Users\孙立翔\Desktop\项目\程序\FinancialRegulation\Message\NewMessage\Response\BaseResponse.cs:行号 31
   在 Message.MessageSender.SendMessage(BaseRequest bmr, String WebsiteCode, String TellerCode) 位置 D:\Users\孙立翔\Desktop\项目\程序\FinancialRegulation\Message\MessageSender.cs:行号 74
   在 FinancialRegulation.ViewModel.BaseVM`1.SendMessage[R](BaseRequest request, String WebsiteCode, String TellerCode) 位置 D:\Users\孙立翔\Desktop\项目\程序\FinancialRegulation\FinancialRegulation\ViewModel\BaseVM.cs:行号 31
   在 FinancialRegulation.ViewModel.FundInfoCheckVM.SearchExecute() 位置 D:\Users\孙立翔\Desktop\项目\程序\FinancialRegulation\FinancialRegulation\Page\Fund\FundInfoCheckVM.cs:行号 203
2014/09/24 17:09:50:552,[5],[]:System.Net.WebException: 请求因 HTTP 状态 400 失败: Bad Request。
   在 System.Web.Services.Protocols.SoapHttpClientProtocol.ReadResponse(SoapClientMessage message, WebResponse response, Stream responseStream, Boolean asyncCall)
   在 System.Web.Services.Protocols.SoapHttpClientProtocol.Invoke(String methodName, Object[] parameters)
   在 FundsRegulatoryClient.JG_MessageInfoSrv.JG_MessageInfoService.Add(MessageInfo o) 位置 D:\Users\孙立翔\Desktop\项目\程序\FinancialRegulation\FundsRegulatoryClient\Web References\JG_MessageInfoSrv\Reference.cs:行号 98
   在 FundsRegulatoryClient.JG_MessageInfoClient.Add(MessageInfo m) 位置 D:\Users\孙立翔\Desktop\项目\程序\FinancialRegulation\FundsRegulatoryClient\JG_MessageInfoClient.cs:行号 36
   在 Message.NewMessage.Response.BaseResponse.SaveMessage(String WebsiteCode, String TellerCode) 位置 D:\Users\孙立翔\Desktop\项目\程序\FinancialRegulation\Message\NewMessage\Response\BaseResponse.cs:行号 31
   在 Message.MessageSender.SendMessage(BaseRequest bmr, String WebsiteCode, String TellerCode) 位置 D:\Users\孙立翔\Desktop\项目\程序\FinancialRegulation\Message\MessageSender.cs:行号 74
   在 FinancialRegulation.ViewModel.BaseVM`1.SendMessage[R](BaseRequest request, String WebsiteCode, String TellerCode) 位置 D:\Users\孙立翔\Desktop\项目\程序\FinancialRegulation\FinancialRegulation\ViewModel\BaseVM.cs:行号 31
   在 FinancialRegulation.ViewModel.FundInfoCheckVM.SearchExecute() 位置 D:\Users\孙立翔\Desktop\项目\程序\FinancialRegulation\FinancialRegulation\Page\Fund\FundInfoCheckVM.cs:行号 203
2014/09/24 17:11:20:462,[5],[]:System.Net.WebException: 请求因 HTTP 状态 400 失败: Bad Request。
   在 System.Web.Services.Protocols.SoapHttpClientProtocol.ReadResponse(SoapClientMessage message, WebResponse response, Stream responseStream, Boolean asyncCall)
   在 System.Web.Services.Protocols.SoapHttpClientProtocol.Invoke(String methodName, Object[] parameters)
   在 FundsRegulatoryClient.JG_MessageInfoSrv.JG_MessageInfoService.Add(MessageInfo o) 位置 D:\Users\孙立翔\Desktop\项目\程序\FinancialRegulation\FundsRegulatoryClient\Web References\JG_MessageInfoSrv\Reference.cs:行号 98
   在 FundsRegulatoryClient.JG_MessageInfoClient.Add(MessageInfo m) 位置 D:\Users\孙立翔\Desktop\项目\程序\FinancialRegulation\FundsRegulatoryClient\JG_MessageInfoClient.cs:行号 36
   在 Message.NewMessage.Response.BaseResponse.SaveMessage(String WebsiteCode, String TellerCode) 位置 D:\Users\孙立翔\Desktop\项目\程序\FinancialRegulation\Message\NewMessage\Response\BaseResponse.cs:行号 31
   在 Message.MessageSender.SendMessage(BaseRequest bmr, String WebsiteCode, String TellerCode) 位置 D:\Users\孙立翔\Desktop\项目\程序\FinancialRegulation\Message\MessageSender.cs:行号 74
   在 FinancialRegulation.ViewModel.BaseVM`1.SendMessage[R](BaseRequest request, String WebsiteCode, String TellerCode) 位置 D:\Users\孙立翔\Desktop\项目\程序\FinancialRegulation\FinancialRegulation\ViewModel\BaseVM.cs:行号 31
   在 FinancialRegulation.ViewModel.FundInfoCheckVM.SearchExecute() 位置 D:\Users\孙立翔\Desktop\项目\程序\FinancialRegulation\FinancialRegulation\Page\Fund\FundInfoCheckVM.cs:行号 203
2014/09/24 17:30:38:904,[5],[]:System.Net.WebException: 请求因 HTTP 状态 400 失败: Bad Request。
   在 System.Web.Services.Protocols.SoapHttpClientProtocol.ReadResponse(SoapClientMessage message, WebResponse response, Stream responseStream, Boolean asyncCall)
   在 System.Web.Services.Protocols.SoapHttpClientProtocol.Invoke(String methodName, Object[] parameters)
   在 FundsRegulatoryClient.JG_MessageInfoSrv.JG_MessageInfoService.Add(MessageInfo o) 位置 D:\Users\孙立翔\Desktop\项目\程序\FinancialRegulation\FundsRegulatoryClient\Web References\JG_MessageInfoSrv\Reference.cs:行号 98
   在 FundsRegulatoryClient.JG_MessageInfoClient.Add(MessageInfo m) 位置 D:\Users\孙立翔\Desktop\项目\程序\FinancialRegulation\FundsRegulatoryClient\JG_MessageInfoClient.cs:行号 36
   在 Message.NewMessage.Response.BaseResponse.SaveMessage(String WebsiteCode, String TellerCode) 位置 D:\Users\孙立翔\Desktop\项目\程序\FinancialRegulation\Message\NewMessage\Response\BaseResponse.cs:行号 31
   在 Message.MessageSender.SendMessage(BaseRequest bmr, String WebsiteCode, String TellerCode) 位置 D:\Users\孙立翔\Desktop\项目\程序\FinancialRegulation\Message\MessageSender.cs:行号 74
   在 FinancialRegulation.ViewModel.BaseVM`1.SendMessage[R](BaseRequest request, String WebsiteCode, String TellerCode) 位置 D:\Users\孙立翔\Desktop\项目\程序\FinancialRegulation\FinancialRegulation\ViewModel\BaseVM.cs:行号 31
   在 FinancialRegulation.ViewModel.FundInfoCheckVM.SearchExecute() 位置 D:\Users\孙立翔\Desktop\项目\程序\FinancialRegulation\FinancialRegulation\Page\Fund\FundInfoCheckVM.cs:行号 203
2014/09/24 17:47:41:838,[5],[]:System.Net.WebException: 请求因 HTTP 状态 400 失败: Bad Request。
   在 System.Web.Services.Protocols.SoapHttpClientProtocol.ReadResponse(SoapClientMessage message, WebResponse response, Stream responseStream, Boolean asyncCall)
   在 System.Web.Services.Protocols.SoapHttpClientProtocol.Invoke(String methodName, Object[] parameters)
   在 FundsRegulatoryClient.JG_MessageInfoSrv.JG_MessageInfoService.Add(MessageInfo o) 位置 D:\Users\孙立翔\Desktop\项目\程序\FinancialRegulation\FundsRegulatoryClient\Web References\JG_MessageInfoSrv\Reference.cs:行号 98
   在 FundsRegulatoryClient.JG_MessageInfoClient.Add(MessageInfo m) 位置 D:\Users\孙立翔\Desktop\项目\程序\FinancialRegulation\FundsRegulatoryClient\JG_MessageInfoClient.cs:行号 36
   在 Message.NewMessage.Response.BaseResponse.SaveMessage(String WebsiteCode, String TellerCode) 位置 D:\Users\孙立翔\Desktop\项目\程序\FinancialRegulation\Message\NewMessage\Response\BaseResponse.cs:行号 31
   在 Message.MessageSender.SendMessage(BaseRequest bmr, String WebsiteCode, String TellerCode) 位置 D:\Users\孙立翔\Desktop\项目\程序\FinancialRegulation\Message\MessageSender.cs:行号 74
   在 FinancialRegulation.ViewModel.BaseVM`1.SendMessage[R](BaseRequest request, String WebsiteCode, String TellerCode) 位置 D:\Users\孙立翔\Desktop\项目\程序\FinancialRegulation\FinancialRegulation\ViewModel\BaseVM.cs:行号 31
   在 FinancialRegulation.ViewModel.FundInfoCheckVM.SearchExecute() 位置 D:\Users\孙立翔\Desktop\项目\程序\FinancialRegulation\FinancialRegulation\Page\Fund\FundInfoCheckVM.cs:行号 203
2014/09/24 17:51:17:419,[5],[]:System.Net.WebException: 请求因 HTTP 状态 400 失败: Bad Request。
   在 System.Web.Services.Protocols.SoapHttpClientProtocol.ReadResponse(SoapClientMessage message, WebResponse response, Stream responseStream, Boolean asyncCall)
   在 System.Web.Services.Protocols.SoapHttpClientProtocol.Invoke(String methodName, Object[] parameters)
   在 FundsRegulatoryClient.JG_MessageInfoSrv.JG_MessageInfoService.Add(MessageInfo o) 位置 D:\Users\孙立翔\Desktop\项目\程序\FinancialRegulation\FundsRegulatoryClient\Web References\JG_MessageInfoSrv\Reference.cs:行号 98
   在 FundsRegulatoryClient.JG_MessageInfoClient.Add(MessageInfo m) 位置 D:\Users\孙立翔\Desktop\项目\程序\FinancialRegulation\FundsRegulatoryClient\JG_MessageInfoClient.cs:行号 36
   在 Message.NewMessage.Response.BaseResponse.SaveMessage(String WebsiteCode, String TellerCode) 位置 D:\Users\孙立翔\Desktop\项目\程序\FinancialRegulation\Message\NewMessage\Response\BaseResponse.cs:行号 31
   在 Message.MessageSender.SendMessage(BaseRequest bmr, String WebsiteCode, String TellerCode) 位置 D:\Users\孙立翔\Desktop\项目\程序\FinancialRegulation\Message\MessageSender.cs:行号 74
   在 FinancialRegulation.ViewModel.BaseVM`1.SendMessage[R](BaseRequest request, String WebsiteCode, String TellerCode) 位置 D:\Users\孙立翔\Desktop\项目\程序\FinancialRegulation\FinancialRegulation\ViewModel\BaseVM.cs:行号 31
   在 FinancialRegulation.ViewModel.FundInfoCheckVM.SearchExecute() 位置 D:\Users\孙立翔\Desktop\项目\程序\FinancialRegulation\FinancialRegulation\Page\Fund\FundInfoCheckVM.cs:行号 203
2014/09/24 17:54:32:628,[5],[]:System.Net.Sockets.SocketException (0x80004005): 由于套接字没有连接并且(当使用一个 sendto 调用发送数据报套接字时)没有提供地址，发送或接收数据的请求没有被接受。
   在 System.Net.Sockets.Socket.Send(Byte[] buffer, Int32 offset, Int32 size, SocketFlags socketFlags)
   在 System.Net.Sockets.Socket.Send(Byte[] buffer)
   在 Message.MessageSender.SendMessage(BaseRequest bmr, String WebsiteCode, String TellerCode) 位置 D:\Users\孙立翔\Desktop\项目\程序\FinancialRegulation\Message\MessageSender.cs:行号 56
   在 FinancialRegulation.ViewModel.BaseVM`1.SendMessage[R](BaseRequest request, String WebsiteCode, String TellerCode) 位置 D:\Users\孙立翔\Desktop\项目\程序\FinancialRegulation\FinancialRegulation\ViewModel\BaseVM.cs:行号 31
   在 FinancialRegulation.ViewModel.FundInfoCheckVM.SearchExecute() 位置 D:\Users\孙立翔\Desktop\项目\程序\FinancialRegulation\FinancialRegulation\Page\Fund\FundInfoCheckVM.cs:行号 203
2014/09/24 17:55:07:280,[5],[]:System.Net.WebException: 请求因 HTTP 状态 400 失败: Bad Request。
   在 System.Web.Services.Protocols.SoapHttpClientProtocol.ReadResponse(SoapClientMessage message, WebResponse response, Stream responseStream, Boolean asyncCall)
   在 System.Web.Services.Protocols.SoapHttpClientProtocol.Invoke(String methodName, Object[] parameters)
   在 FundsRegulatoryClient.JG_MessageInfoSrv.JG_MessageInfoService.Add(MessageInfo o) 位置 D:\Users\孙立翔\Desktop\项目\程序\FinancialRegulation\FundsRegulatoryClient\Web References\JG_MessageInfoSrv\Reference.cs:行号 98
   在 FundsRegulatoryClient.JG_MessageInfoClient.Add(MessageInfo m) 位置 D:\Users\孙立翔\Desktop\项目\程序\FinancialRegulation\FundsRegulatoryClient\JG_MessageInfoClient.cs:行号 36
   在 Message.NewMessage.Response.BaseResponse.SaveMessage(String WebsiteCode, String TellerCode) 位置 D:\Users\孙立翔\Desktop\项目\程序\FinancialRegulation\Message\NewMessage\Response\BaseResponse.cs:行号 31
   在 Message.MessageSender.SendMessage(BaseRequest bmr, String WebsiteCode, String TellerCode) 位置 D:\Users\孙立翔\Desktop\项目\程序\FinancialRegulation\Message\MessageSender.cs:行号 74
   在 FinancialRegulation.ViewModel.BaseVM`1.SendMessage[R](BaseRequest request, String WebsiteCode, String TellerCode) 位置 D:\Users\孙立翔\Desktop\项目\程序\FinancialRegulation\FinancialRegulation\ViewModel\BaseVM.cs:行号 31
   在 FinancialRegulation.ViewModel.FundInfoCheckVM.SearchExecute() 位置 D:\Users\孙立翔\Desktop\项目\程序\FinancialRegulation\FinancialRegulation\Page\Fund\FundInfoCheckVM.cs:行号 203
2014/09/24 17:57:55:729,[5],[]:System.Net.WebException: 请求因 HTTP 状态 400 失败: Bad Request。
   在 System.Web.Services.Protocols.SoapHttpClientProtocol.ReadResponse(SoapClientMessage message, WebResponse response, Stream responseStream, Boolean asyncCall)
   在 System.Web.Services.Protocols.SoapHttpClientProtocol.Invoke(String methodName, Object[] parameters)
   在 FundsRegulatoryClient.JG_MessageInfoSrv.JG_MessageInfoService.Add(MessageInfo o) 位置 D:\Users\孙立翔\Desktop\项目\程序\FinancialRegulation\FundsRegulatoryClient\Web References\JG_MessageInfoSrv\Reference.cs:行号 98
   在 FundsRegulatoryClient.JG_MessageInfoClient.Add(MessageInfo m) 位置 D:\Users\孙立翔\Desktop\项目\程序\FinancialRegulation\FundsRegulatoryClient\JG_MessageInfoClient.cs:行号 36
   在 Message.NewMessage.Response.BaseResponse.SaveMessage(String WebsiteCode, String TellerCode) 位置 D:\Users\孙立翔\Desktop\项目\程序\FinancialRegulation\Message\NewMessage\Response\BaseResponse.cs:行号 31
   在 Message.MessageSender.SendMessage(BaseRequest bmr, String WebsiteCode, String TellerCode) 位置 D:\Users\孙立翔\Desktop\项目\程序\FinancialRegulation\Message\MessageSender.cs:行号 74
   在 FinancialRegulation.ViewModel.BaseVM`1.SendMessage[R](BaseRequest request, String WebsiteCode, String TellerCode) 位置 D:\Users\孙立翔\Desktop\项目\程序\FinancialRegulation\FinancialRegulation\ViewModel\BaseVM.cs:行号 31
   在 FinancialRegulation.ViewModel.FundInfoCheckVM.SearchExecute() 位置 D:\Users\孙立翔\Desktop\项目\程序\FinancialRegulation\FinancialRegulation\Page\Fund\FundInfoCheckVM.cs:行号 203
2014/09/24 18:02:45:520,[5],[]:System.Net.WebException: 请求因 HTTP 状态 400 失败: Bad Request。
   在 System.Web.Services.Protocols.SoapHttpClientProtocol.ReadResponse(SoapClientMessage message, WebResponse response, Stream responseStream, Boolean asyncCall)
   在 System.Web.Services.Protocols.SoapHttpClientProtocol.Invoke(String methodName, Object[] parameters)
   在 FundsRegulatoryClient.JG_MessageInfoSrv.JG_MessageInfoService.Add(MessageInfo o) 位置 D:\Users\孙立翔\Desktop\项目\程序\FinancialRegulation\FundsRegulatoryClient\Web References\JG_MessageInfoSrv\Reference.cs:行号 98
   在 FundsRegulatoryClient.JG_MessageInfoClient.Add(MessageInfo m) 位置 D:\Users\孙立翔\Desktop\项目\程序\FinancialRegulation\FundsRegulatoryClient\JG_MessageInfoClient.cs:行号 36
   在 Message.NewMessage.Response.BaseResponse.SaveMessage(String WebsiteCode, String TellerCode) 位置 D:\Users\孙立翔\Desktop\项目\程序\FinancialRegulation\Message\NewMessage\Response\BaseResponse.cs:行号 31
   在 Message.MessageSender.SendMessage(BaseRequest bmr, String WebsiteCode, String TellerCode) 位置 D:\Users\孙立翔\Desktop\项目\程序\FinancialRegulation\Message\MessageSender.cs:行号 74
   在 FinancialRegulation.ViewModel.BaseVM`1.SendMessage[R](BaseRequest request, String WebsiteCode, String TellerCode) 位置 D:\Users\孙立翔\Desktop\项目\程序\FinancialRegulation\FinancialRegulation\ViewModel\BaseVM.cs:行号 31
   在 FinancialRegulation.ViewModel.FundInfoCheckVM.SearchExecute() 位置 D:\Users\孙立翔\Desktop\项目\程序\FinancialRegulation\FinancialRegulation\Page\Fund\FundInfoCheckVM.cs:行号 203
2014/09/24 18:21:23:107,[5],[]:System.Net.Sockets.SocketException (0x80004005): 由于套接字没有连接并且(当使用一个 sendto 调用发送数据报套接字时)没有提供地址，发送或接收数据的请求没有被接受。
   在 System.Net.Sockets.Socket.Send(Byte[] buffer, Int32 offset, Int32 size, SocketFlags socketFlags)
   在 System.Net.Sockets.Socket.Send(Byte[] buffer)
   在 Message.MessageSender.SendMessage(BaseRequest bmr, String WebsiteCode, String TellerCode) 位置 D:\Users\孙立翔\Desktop\项目\程序\FinancialRegulation\Message\MessageSender.cs:行号 56
   在 FinancialRegulation.ViewModel.BaseVM`1.SendMessage[R](BaseRequest request, String WebsiteCode, String TellerCode) 位置 D:\Users\孙立翔\Desktop\项目\程序\FinancialRegulation\FinancialRegulation\ViewModel\BaseVM.cs:行号 31
   在 FinancialRegulation.ViewModel.FundInfoCheckVM.SearchExecute() 位置 D:\Users\孙立翔\Desktop\项目\程序\FinancialRegulation\FinancialRegulation\Page\Fund\FundInfoCheckVM.cs:行号 203
2014/09/24 18:22:37:023,[5],[]:System.Net.WebException: 请求因 HTTP 状态 400 失败: Bad Request。
   在 System.Web.Services.Protocols.SoapHttpClientProtocol.ReadResponse(SoapClientMessage message, WebResponse response, Stream responseStream, Boolean asyncCall)
   在 System.Web.Services.Protocols.SoapHttpClientProtocol.Invoke(String methodName, Object[] parameters)
   在 FundsRegulatoryClient.JG_MessageInfoSrv.JG_MessageInfoService.Add(MessageInfo o) 位置 D:\Users\孙立翔\Desktop\项目\程序\FinancialRegulation\FundsRegulatoryClient\Web References\JG_MessageInfoSrv\Reference.cs:行号 98
   在 FundsRegulatoryClient.JG_MessageInfoClient.Add(MessageInfo m) 位置 D:\Users\孙立翔\Desktop\项目\程序\FinancialRegulation\FundsRegulatoryClient\JG_MessageInfoClient.cs:行号 36
   在 Message.MessageSender.SaveMessage(String MessageInfo, String WebsiteCode, String TellerCode) 位置 D:\Users\孙立翔\Desktop\项目\程序\FinancialRegulation\Message\MessageSender.cs:行号 113
   在 Message.MessageSender.SendMessage(BaseRequest bmr, String WebsiteCode, String TellerCode) 位置 D:\Users\孙立翔\Desktop\项目\程序\FinancialRegulation\Message\MessageSender.cs:行号 76
   在 FinancialRegulation.ViewModel.BaseVM`1.SendMessage[R](BaseRequest request, String WebsiteCode, String TellerCode) 位置 D:\Users\孙立翔\Desktop\项目\程序\FinancialRegulation\FinancialRegulation\ViewModel\BaseVM.cs:行号 31
   在 FinancialRegulation.ViewModel.FundInfoCheckVM.SearchExecute() 位置 D:\Users\孙立翔\Desktop\项目\程序\FinancialRegulation\FinancialRegulation\Page\Fund\FundInfoCheckVM.cs:行号 203
2014/09/24 18:25:56:598,[5],[]:System.Net.WebException: 请求因 HTTP 状态 400 失败: Bad Request。
   在 System.Web.Services.Protocols.SoapHttpClientProtocol.ReadResponse(SoapClientMessage message, WebResponse response, Stream responseStream, Boolean asyncCall)
   在 System.Web.Services.Protocols.SoapHttpClientProtocol.Invoke(String methodName, Object[] parameters)
   在 FundsRegulatoryClient.JG_MessageInfoSrv.JG_MessageInfoService.Add(MessageInfo o) 位置 D:\Users\孙立翔\Desktop\项目\程序\FinancialRegulation\FundsRegulatoryClient\Web References\JG_MessageInfoSrv\Reference.cs:行号 98
   在 FundsRegulatoryClient.JG_MessageInfoClient.Add(MessageInfo m) 位置 D:\Users\孙立翔\Desktop\项目\程序\FinancialRegulation\FundsRegulatoryClient\JG_MessageInfoClient.cs:行号 36
   在 Message.MessageSender.SaveMessage(String MessageInfo, String WebsiteCode, String TellerCode) 位置 D:\Users\孙立翔\Desktop\项目\程序\FinancialRegulation\Message\MessageSender.cs:行号 113
   在 Message.MessageSender.SendMessage(BaseRequest bmr, String WebsiteCode, String TellerCode) 位置 D:\Users\孙立翔\Desktop\项目\程序\FinancialRegulation\Message\MessageSender.cs:行号 76
   在 FinancialRegulation.ViewModel.BaseVM`1.SendMessage[R](BaseRequest request, String WebsiteCode, String TellerCode) 位置 D:\Users\孙立翔\Desktop\项目\程序\FinancialRegulation\FinancialRegulation\ViewModel\BaseVM.cs:行号 31
   在 FinancialRegulation.ViewModel.FundInfoCheckVM.SearchExecute() 位置 D:\Users\孙立翔\Desktop\项目\程序\FinancialRegulation\FinancialRegulation\Page\Fund\FundInfoCheckVM.cs:行号 203
2014/09/24 18:27:12:537,[5],[]:System.Net.WebException: 请求因 HTTP 状态 400 失败: Bad Request。
   在 System.Web.Services.Protocols.SoapHttpClientProtocol.ReadResponse(SoapClientMessage message, WebResponse response, Stream responseStream, Boolean asyncCall)
   在 System.Web.Services.Protocols.SoapHttpClientProtocol.Invoke(String methodName, Object[] parameters)
   在 FundsRegulatoryClient.JG_MessageInfoSrv.JG_MessageInfoService.Add(MessageInfo o) 位置 D:\Users\孙立翔\Desktop\项目\程序\FinancialRegulation\FundsRegulatoryClient\Web References\JG_MessageInfoSrv\Reference.cs:行号 98
   在 FundsRegulatoryClient.JG_MessageInfoClient.Add(MessageInfo m) 位置 D:\Users\孙立翔\Desktop\项目\程序\FinancialRegulation\FundsRegulatoryClient\JG_MessageInfoClient.cs:行号 36
   在 Message.MessageSender.SaveMessage(String MessageInfo, String WebsiteCode, String TellerCode) 位置 D:\Users\孙立翔\Desktop\项目\程序\FinancialRegulation\Message\MessageSender.cs:行号 113
   在 Message.MessageSender.SendMessage(BaseRequest bmr, String WebsiteCode, String TellerCode) 位置 D:\Users\孙立翔\Desktop\项目\程序\FinancialRegulation\Message\MessageSender.cs:行号 76
   在 FinancialRegulation.ViewModel.BaseVM`1.SendMessage[R](BaseRequest request, String WebsiteCode, String TellerCode) 位置 D:\Users\孙立翔\Desktop\项目\程序\FinancialRegulation\FinancialRegulation\ViewModel\BaseVM.cs:行号 31
   在 FinancialRegulation.ViewModel.FundInfoCheckVM.SearchExecute() 位置 D:\Users\孙立翔\Desktop\项目\程序\FinancialRegulation\FinancialRegulation\Page\Fund\FundInfoCheckVM.cs:行号 203
2014/09/24 21:30:10:897,[5],[]:System.Net.Sockets.SocketException (0x80004005): 由于套接字没有连接并且(当使用一个 sendto 调用发送数据报套接字时)没有提供地址，发送或接收数据的请求没有被接受。
   在 System.Net.Sockets.Socket.Send(Byte[] buffer, Int32 offset, Int32 size, SocketFlags socketFlags)
   在 System.Net.Sockets.Socket.Send(Byte[] buffer)
   在 Message.MessageSender.SendMessage(BaseRequest bmr, String WebsiteCode, String TellerCode) 位置 D:\Users\孙立翔\Desktop\项目\程序\FinancialRegulation\Message\MessageSender.cs:行号 56
   在 FinancialRegulation.ViewModel.BaseVM`1.SendMessage[R](BaseRequest request, String WebsiteCode, String TellerCode) 位置 D:\Users\孙立翔\Desktop\项目\程序\FinancialRegulation\FinancialRegulation\ViewModel\BaseVM.cs:行号 31
   在 FinancialRegulation.ViewModel.PayInfoCheckVM.SearchExecute() 位置 D:\Users\孙立翔\Desktop\项目\程序\FinancialRegulation\FinancialRegulation\Page\Pay\PayInfoCheckVM.cs:行号 202
2014/09/24 22:41:47:954,[5],[]:System.Net.Sockets.SocketException (0x80004005): 由于套接字没有连接并且(当使用一个 sendto 调用发送数据报套接字时)没有提供地址，发送或接收数据的请求没有被接受。
   在 System.Net.Sockets.Socket.Send(Byte[] buffer, Int32 offset, Int32 size, SocketFlags socketFlags)
   在 System.Net.Sockets.Socket.Send(Byte[] buffer)
   在 Message.MessageSender.SendMessage(BaseRequest bmr, String WebsiteCode, String TellerCode) 位置 D:\Users\孙立翔\Desktop\项目\程序\FinancialRegulation\Message\MessageSender.cs:行号 56
   在 FinancialRegulation.ViewModel.BaseVM`1.SendMessage[R](BaseRequest request, String WebsiteCode, String TellerCode) 位置 D:\Users\孙立翔\Desktop\项目\程序\FinancialRegulation\FinancialRegulation\ViewModel\BaseVM.cs:行号 31
   在 FinancialRegulation.ViewModel.FundInfoCheckVM.SearchExecute() 位置 D:\Users\孙立翔\Desktop\项目\程序\FinancialRegulation\FinancialRegulation\Page\Fund\FundInfoCheckVM.cs:行号 203
2014/09/24 22:49:48:149,[5],[]:System.Net.WebException: 请求因 HTTP 状态 400 失败: Bad Request。
   在 System.Web.Services.Protocols.SoapHttpClientProtocol.ReadResponse(SoapClientMessage message, WebResponse response, Stream responseStream, Boolean asyncCall)
   在 System.Web.Services.Protocols.SoapHttpClientProtocol.Invoke(String methodName, Object[] parameters)
   在 FundsRegulatoryClient.JG_AccountManageSrv.JG_AccountManageService.Select(JG_AccountManageInfo o) 位置 D:\Users\孙立翔\Desktop\项目\程序\FinancialRegulation\FundsRegulatoryClient\Web References\JG_AccountManageSrv\Reference.cs:行号 217
   在 FundsRegulatoryClient.JG_AccountManageClient.Select(JG_AccountManageInfo m) 位置 D:\Users\孙立翔\Desktop\项目\程序\FinancialRegulation\FundsRegulatoryClient\JG_AccountManageClient.cs:行号 75
   在 FinancialRegulation.ViewModel.PayInfoAddToEditVM.OKExecute() 位置 D:\Users\孙立翔\Desktop\项目\程序\FinancialRegulation\FinancialRegulation\Page\Pay\PayInfoAddToEditVM.cs:行号 162
   在 FinancialRegulation.ViewModel.BaseEditVM`1.OKExecuteHost() 位置 D:\Users\孙立翔\Desktop\项目\程序\FinancialRegulation\FinancialRegulation\ViewModel\BaseEditVM.cs:行号 72
2014/09/24 23:01:17:579,[5],[]:System.Net.WebException: 请求因 HTTP 状态 400 失败: Bad Request。
   在 System.Web.Services.Protocols.SoapHttpClientProtocol.ReadResponse(SoapClientMessage message, WebResponse response, Stream responseStream, Boolean asyncCall)
   在 System.Web.Services.Protocols.SoapHttpClientProtocol.Invoke(String methodName, Object[] parameters)
   在 FundsRegulatoryClient.JG_AccountManageSrv.JG_AccountManageService.Select(JG_AccountManageInfo o) 位置 D:\Users\孙立翔\Desktop\项目\程序\FinancialRegulation\FundsRegulatoryClient\Web References\JG_AccountManageSrv\Reference.cs:行号 217
   在 FundsRegulatoryClient.JG_AccountManageClient.Select(JG_AccountManageInfo m) 位置 D:\Users\孙立翔\Desktop\项目\程序\FinancialRegulation\FundsRegulatoryClient\JG_AccountManageClient.cs:行号 75
   在 FinancialRegulation.ViewModel.PayInfoAddToEditVM.OKExecute() 位置 D:\Users\孙立翔\Desktop\项目\程序\FinancialRegulation\FinancialRegulation\Page\Pay\PayInfoAddToEditVM.cs:行号 162
   在 FinancialRegulation.ViewModel.BaseEditVM`1.OKExecuteHost() 位置 D:\Users\孙立翔\Desktop\项目\程序\FinancialRegulation\FinancialRegulation\ViewModel\BaseEditVM.cs:行号 72
2014/09/24 23:57:51:326,[5],[]:System.Net.WebException: 请求因 HTTP 状态 400 失败: Bad Request。
   在 System.Web.Services.Protocols.SoapHttpClientProtocol.ReadResponse(SoapClientMessage message, WebResponse response, Stream responseStream, Boolean asyncCall)
   在 System.Web.Services.Protocols.SoapHttpClientProtocol.Invoke(String methodName, Object[] parameters)
   在 FundsRegulatoryClient.JG_AccountManageSrv.JG_AccountManageService.Select(JG_AccountManageInfo o) 位置 D:\Users\孙立翔\Desktop\项目\程序\FinancialRegulation\FundsRegulatoryClient\Web References\JG_AccountManageSrv\Reference.cs:行号 217
   在 FundsRegulatoryClient.JG_AccountManageClient.Select(JG_AccountManageInfo m) 位置 D:\Users\孙立翔\Desktop\项目\程序\FinancialRegulation\FundsRegulatoryClient\JG_AccountManageClient.cs:行号 75
   在 FinancialRegulation.ViewModel.PayInfoAddToEditVM.OKExecute() 位置 D:\Users\孙立翔\Desktop\项目\程序\FinancialRegulation\FinancialRegulation\Page\Pay\PayInfoAddToEditVM.cs:行号 162
   在 FinancialRegulation.ViewModel.BaseEditVM`1.OKExecuteHost() 位置 D:\Users\孙立翔\Desktop\项目\程序\FinancialRegulation\FinancialRegulation\ViewModel\BaseEditVM.cs:行号 72
