2014/12/05 09:23:34:942,[5],[]:System.Net.Sockets.SocketException (0x80004005): 由于套接字没有连接并且(当使用一个 sendto 调用发送数据报套接字时)没有提供地址，发送或接收数据的请求没有被接受。
   在 System.Net.Sockets.Socket.Send(Byte[] buffer, Int32 offset, Int32 size, SocketFlags socketFlags)
   在 System.Net.Sockets.Socket.Send(Byte[] buffer)
   在 Message.MessageSender.SendMessage(BaseRequest bmr, String WebsiteCode, String TellerCode) 位置 D:\Users\孙立翔\Desktop\资金监管\FinancialRegulation\Message\MessageSender.cs:行号 52
   在 FinancialRegulation.ViewModel.BaseVM`1.SendMessage[R](BaseRequest request, String WebsiteCode, String TellerCode) 位置 D:\Users\孙立翔\Desktop\资金监管\FinancialRegulation\FinancialRegulation\ViewModel\BaseVM.cs:行号 31
   在 FinancialRegulation.ViewModel.FundInfoEditVM.OKExecute() 位置 D:\Users\孙立翔\Desktop\资金监管\FinancialRegulation\FinancialRegulation\Page\Fund\FundInfoEditVM.cs:行号 159
2014/12/05 09:27:55:334,[5],[]:System.NullReferenceException: 未将对象引用设置到对象的实例。
   在 FinancialRegulation.ViewModel.FundInfoEditVM.OKExecute() 位置 D:\Users\孙立翔\Desktop\资金监管\FinancialRegulation\FinancialRegulation\Page\Fund\FundInfoEditVM.cs:行号 163
2014/12/05 10:10:43:329,[5],[]:System.Net.Sockets.SocketException (0x80004005): 由于套接字没有连接并且(当使用一个 sendto 调用发送数据报套接字时)没有提供地址，发送或接收数据的请求没有被接受。
   在 System.Net.Sockets.Socket.Send(Byte[] buffer, Int32 offset, Int32 size, SocketFlags socketFlags)
   在 System.Net.Sockets.Socket.Send(Byte[] buffer)
   在 Message.MessageSender.SendMessage(BaseRequest bmr, String WebsiteCode, String TellerCode) 位置 D:\Users\孙立翔\Desktop\资金监管\FinancialRegulation\Message\MessageSender.cs:行号 52
   在 FinancialRegulation.ViewModel.BaseVM`1.SendMessage[R](BaseRequest request, String WebsiteCode, String TellerCode) 位置 D:\Users\孙立翔\Desktop\资金监管\FinancialRegulation\FinancialRegulation\ViewModel\BaseVM.cs:行号 31
   在 FinancialRegulation.ViewModel.FundInfoEditVM.OKExecute() 位置 D:\Users\孙立翔\Desktop\资金监管\FinancialRegulation\FinancialRegulation\Page\Fund\FundInfoEditVM.cs:行号 159
2014/12/05 17:33:17:682,[5],[]:System.Web.Services.Protocols.SoapException: System.Web.Services.Protocols.SoapException: 服务器无法处理请求。 ---> System.Data.SqlClient.SqlException: 违反了 PRIMARY KEY 约束 'PK_UnknownBill'。不能在对象 'dbo.UnknownBill' 中插入重复键。
语句已终止。
   在 Dao.JG_DepositDao.UpdateUnKownJG_Deposit(UnknowBill jdInfo) 位置 D:\Users\孙立翔\Desktop\资金监管\FinancialRegulation\DAO\JG_DepositDao.cs:行号 124
   在 FinancialRegulationSRV.JG_DepositService.UpdateUnKownJG_Deposit(UnknowBill jdInfo) 位置 D:\Users\孙立翔\Desktop\资金监管\FinancialRegulation\FinancialRegulationSRV\JG_DepositService.asmx.cs:行号 89
   --- 内部异常堆栈跟踪的结尾 ---
   在 System.Web.Services.Protocols.SoapHttpClientProtocol.ReadResponse(SoapClientMessage message, WebResponse response, Stream responseStream, Boolean asyncCall)
   在 System.Web.Services.Protocols.SoapHttpClientProtocol.Invoke(String methodName, Object[] parameters)
   在 FundsRegulatoryClient.JG_DepositSrv.JG_DepositService.UpdateUnKownJG_Deposit(UnknowBill jdInfo) 位置 D:\Users\孙立翔\Desktop\资金监管\FinancialRegulation\FundsRegulatoryClient\Web References\JG_DepositSrv\Reference.cs:行号 393
   在 FundsRegulatoryClient.JG_DepositClient.UpdateUnKownJG_Deposit(UnknowBill jdInfo) 位置 D:\Users\孙立翔\Desktop\资金监管\FinancialRegulation\FundsRegulatoryClient\JG_DepositClient.cs:行号 120
   在 FinancialRegulation.ViewModel.UnKnownInfoAddToEditVM.OKExecute() 位置 D:\Users\孙立翔\Desktop\资金监管\FinancialRegulation\FinancialRegulation\Page\UnknowBill\UnKnownInfoAddToEditVM.cs:行号 122
2014/12/05 17:33:34:878,[5],[]:System.Web.Services.Protocols.SoapException: System.Web.Services.Protocols.SoapException: 服务器无法处理请求。 ---> System.Data.SqlClient.SqlException: 违反了 PRIMARY KEY 约束 'PK_UnknownBill'。不能在对象 'dbo.UnknownBill' 中插入重复键。
语句已终止。
   在 Dao.JG_DepositDao.UpdateUnKownJG_Deposit(UnknowBill jdInfo) 位置 D:\Users\孙立翔\Desktop\资金监管\FinancialRegulation\DAO\JG_DepositDao.cs:行号 124
   在 FinancialRegulationSRV.JG_DepositService.UpdateUnKownJG_Deposit(UnknowBill jdInfo) 位置 D:\Users\孙立翔\Desktop\资金监管\FinancialRegulation\FinancialRegulationSRV\JG_DepositService.asmx.cs:行号 89
   --- 内部异常堆栈跟踪的结尾 ---
   在 System.Web.Services.Protocols.SoapHttpClientProtocol.ReadResponse(SoapClientMessage message, WebResponse response, Stream responseStream, Boolean asyncCall)
   在 System.Web.Services.Protocols.SoapHttpClientProtocol.Invoke(String methodName, Object[] parameters)
   在 FundsRegulatoryClient.JG_DepositSrv.JG_DepositService.UpdateUnKownJG_Deposit(UnknowBill jdInfo) 位置 D:\Users\孙立翔\Desktop\资金监管\FinancialRegulation\FundsRegulatoryClient\Web References\JG_DepositSrv\Reference.cs:行号 393
   在 FundsRegulatoryClient.JG_DepositClient.UpdateUnKownJG_Deposit(UnknowBill jdInfo) 位置 D:\Users\孙立翔\Desktop\资金监管\FinancialRegulation\FundsRegulatoryClient\JG_DepositClient.cs:行号 120
   在 FinancialRegulation.ViewModel.UnKnownInfoAddToEditVM.OKExecute() 位置 D:\Users\孙立翔\Desktop\资金监管\FinancialRegulation\FinancialRegulation\Page\UnknowBill\UnKnownInfoAddToEditVM.cs:行号 122
2014/12/05 17:34:08:122,[5],[]:System.Web.Services.Protocols.SoapException: System.Web.Services.Protocols.SoapException: 服务器无法处理请求。 ---> System.Data.SqlClient.SqlException: 违反了 PRIMARY KEY 约束 'PK_UnknownBill'。不能在对象 'dbo.UnknownBill' 中插入重复键。
语句已终止。
   在 Dao.JG_DepositDao.UpdateUnKownJG_Deposit(UnknowBill jdInfo) 位置 D:\Users\孙立翔\Desktop\资金监管\FinancialRegulation\DAO\JG_DepositDao.cs:行号 124
   在 FinancialRegulationSRV.JG_DepositService.UpdateUnKownJG_Deposit(UnknowBill jdInfo) 位置 D:\Users\孙立翔\Desktop\资金监管\FinancialRegulation\FinancialRegulationSRV\JG_DepositService.asmx.cs:行号 89
   --- 内部异常堆栈跟踪的结尾 ---
   在 System.Web.Services.Protocols.SoapHttpClientProtocol.ReadResponse(SoapClientMessage message, WebResponse response, Stream responseStream, Boolean asyncCall)
   在 System.Web.Services.Protocols.SoapHttpClientProtocol.Invoke(String methodName, Object[] parameters)
   在 FundsRegulatoryClient.JG_DepositSrv.JG_DepositService.UpdateUnKownJG_Deposit(UnknowBill jdInfo) 位置 D:\Users\孙立翔\Desktop\资金监管\FinancialRegulation\FundsRegulatoryClient\Web References\JG_DepositSrv\Reference.cs:行号 393
   在 FundsRegulatoryClient.JG_DepositClient.UpdateUnKownJG_Deposit(UnknowBill jdInfo) 位置 D:\Users\孙立翔\Desktop\资金监管\FinancialRegulation\FundsRegulatoryClient\JG_DepositClient.cs:行号 120
   在 FinancialRegulation.ViewModel.UnKnownInfoAddToEditVM.OKExecute() 位置 D:\Users\孙立翔\Desktop\资金监管\FinancialRegulation\FinancialRegulation\Page\UnknowBill\UnKnownInfoAddToEditVM.cs:行号 122
2014/12/05 17:36:11:541,[5],[]:System.Web.Services.Protocols.SoapException: System.Web.Services.Protocols.SoapException: 服务器无法处理请求。 ---> System.Data.SqlClient.SqlException: 违反了 PRIMARY KEY 约束 'PK_UnknownBill'。不能在对象 'dbo.UnknownBill' 中插入重复键。
语句已终止。
   在 Dao.JG_DepositDao.UpdateUnKownJG_Deposit(UnknowBill jdInfo) 位置 D:\Users\孙立翔\Desktop\资金监管\FinancialRegulation\DAO\JG_DepositDao.cs:行号 124
   在 FinancialRegulationSRV.JG_DepositService.UpdateUnKownJG_Deposit(UnknowBill jdInfo) 位置 D:\Users\孙立翔\Desktop\资金监管\FinancialRegulation\FinancialRegulationSRV\JG_DepositService.asmx.cs:行号 89
   --- 内部异常堆栈跟踪的结尾 ---
   在 System.Web.Services.Protocols.SoapHttpClientProtocol.ReadResponse(SoapClientMessage message, WebResponse response, Stream responseStream, Boolean asyncCall)
   在 System.Web.Services.Protocols.SoapHttpClientProtocol.Invoke(String methodName, Object[] parameters)
   在 FundsRegulatoryClient.JG_DepositSrv.JG_DepositService.UpdateUnKownJG_Deposit(UnknowBill jdInfo) 位置 D:\Users\孙立翔\Desktop\资金监管\FinancialRegulation\FundsRegulatoryClient\Web References\JG_DepositSrv\Reference.cs:行号 393
   在 FundsRegulatoryClient.JG_DepositClient.UpdateUnKownJG_Deposit(UnknowBill jdInfo) 位置 D:\Users\孙立翔\Desktop\资金监管\FinancialRegulation\FundsRegulatoryClient\JG_DepositClient.cs:行号 120
   在 FinancialRegulation.ViewModel.UnKnownInfoAddToEditVM.OKExecute() 位置 D:\Users\孙立翔\Desktop\资金监管\FinancialRegulation\FinancialRegulation\Page\UnknowBill\UnKnownInfoAddToEditVM.cs:行号 122
2014/12/05 17:37:58:113,[5],[]:System.Web.Services.Protocols.SoapException: System.Web.Services.Protocols.SoapException: 服务器无法处理请求。 ---> System.Data.SqlClient.SqlException: 违反了 PRIMARY KEY 约束 'PK_UnknownBill'。不能在对象 'dbo.UnknownBill' 中插入重复键。
语句已终止。
   在 Dao.JG_DepositDao.UpdateUnKownJG_Deposit(UnknowBill jdInfo) 位置 D:\Users\孙立翔\Desktop\资金监管\FinancialRegulation\DAO\JG_DepositDao.cs:行号 124
   在 FinancialRegulationSRV.JG_DepositService.UpdateUnKownJG_Deposit(UnknowBill jdInfo) 位置 D:\Users\孙立翔\Desktop\资金监管\FinancialRegulation\FinancialRegulationSRV\JG_DepositService.asmx.cs:行号 89
   --- 内部异常堆栈跟踪的结尾 ---
   在 System.Web.Services.Protocols.SoapHttpClientProtocol.ReadResponse(SoapClientMessage message, WebResponse response, Stream responseStream, Boolean asyncCall)
   在 System.Web.Services.Protocols.SoapHttpClientProtocol.Invoke(String methodName, Object[] parameters)
   在 FundsRegulatoryClient.JG_DepositSrv.JG_DepositService.UpdateUnKownJG_Deposit(UnknowBill jdInfo) 位置 D:\Users\孙立翔\Desktop\资金监管\FinancialRegulation\FundsRegulatoryClient\Web References\JG_DepositSrv\Reference.cs:行号 393
   在 FundsRegulatoryClient.JG_DepositClient.UpdateUnKownJG_Deposit(UnknowBill jdInfo) 位置 D:\Users\孙立翔\Desktop\资金监管\FinancialRegulation\FundsRegulatoryClient\JG_DepositClient.cs:行号 120
   在 FinancialRegulation.ViewModel.UnKnownInfoAddToEditVM.OKExecute() 位置 D:\Users\孙立翔\Desktop\资金监管\FinancialRegulation\FinancialRegulation\Page\UnknowBill\UnKnownInfoAddToEditVM.cs:行号 122
