2014/10/09 08:58:57:341,[5],[]:System.Web.Services.Protocols.SoapException: System.Web.Services.Protocols.SoapException: 服务器无法处理请求。 ---> System.Data.SqlClient.SqlException: 将 numeric 转换为数据类型 numeric 时出现算术溢出错误。
语句已终止。
   在 System.Data.SqlClient.SqlConnection.OnError(SqlException exception, Boolean breakConnection)
   在 System.Data.SqlClient.SqlInternalConnection.OnError(SqlException exception, Boolean breakConnection)
   在 System.Data.SqlClient.TdsParser.ThrowExceptionAndWarning()
   在 System.Data.SqlClient.TdsParser.Run(RunBehavior runBehavior, SqlCommand cmdHandler, SqlDataReader dataStream, BulkCopySimpleResultSet bulkCopyHandler, TdsParserStateObject stateObj)
   在 System.Data.SqlClient.SqlCommand.FinishExecuteReader(SqlDataReader ds, RunBehavior runBehavior, String resetOptionsString)
   在 System.Data.SqlClient.SqlCommand.RunExecuteReaderTds(CommandBehavior cmdBehavior, RunBehavior runBehavior, Boolean returnStream, Boolean async)
   在 System.Data.SqlClient.SqlCommand.RunExecuteReader(CommandBehavior cmdBehavior, RunBehavior runBehavior, Boolean returnStream, String method, DbAsyncResult result)
   在 System.Data.SqlClient.SqlCommand.InternalExecuteNonQuery(DbAsyncResult result, String methodName, Boolean sendToPipe)
   在 System.Data.SqlClient.SqlCommand.ExecuteNonQuery()
   在 IBatisNet.DataMapper.Commands.DbCommandDecorator.System.Data.IDbCommand.ExecuteNonQuery()
   在 IBatisNet.DataMapper.MappedStatements.MappedStatement.ExecuteInsert(ISqlMapSession session, Object parameterObject)
   在 IBatisNet.DataMapper.SqlMapper.Insert(String statementName, Object parameterObject)
   在 Dao.BasesDAO`1.i(String Key, Object t) 位置 D:\Users\孙立翔\Desktop\项目\程序\FinancialRegulation\DAO\BasesDAO.cs:行号 76
   在 Dao.BasesDAO`1.i(T t) 位置 D:\Users\孙立翔\Desktop\项目\程序\FinancialRegulation\DAO\BasesDAO.cs:行号 104
   在 Dao.JG_DepositDao.Add(DepositFund t) 位置 D:\Users\孙立翔\Desktop\项目\程序\FinancialRegulation\DAO\JG_DepositDao.cs:行号 44
   在 FinancialRegulationSRV.JG_DepositService.Add(DepositFund o) 位置 D:\Users\孙立翔\Desktop\项目\程序\FinancialRegulation\FinancialRegulationSRV\JG_DepositService.asmx.cs:行号 28
   --- 内部异常堆栈跟踪的结尾 ---
   在 System.Web.Services.Protocols.SoapHttpClientProtocol.ReadResponse(SoapClientMessage message, WebResponse response, Stream responseStream, Boolean asyncCall)
   在 System.Web.Services.Protocols.SoapHttpClientProtocol.Invoke(String methodName, Object[] parameters)
   在 FundsRegulatoryClient.JG_DepositSrv.JG_DepositService.Add(DepositFund o) 位置 D:\Users\孙立翔\Desktop\项目\程序\FinancialRegulation\FundsRegulatoryClient\Web References\JG_DepositSrv\Reference.cs:行号 134
   在 FundsRegulatoryClient.JG_DepositClient.Add(DepositFund m) 位置 D:\Users\孙立翔\Desktop\项目\程序\FinancialRegulation\FundsRegulatoryClient\JG_DepositClient.cs:行号 39
   在 FinancialRegulation.ViewModel.FundInfoCheckVM.OKExecute() 位置 D:\Users\孙立翔\Desktop\项目\程序\FinancialRegulation\FinancialRegulation\Page\Fund\FundInfoCheckVM.cs:行号 165
   在 FinancialRegulation.ViewModel.BaseEditVM`1.OKExecuteHost() 位置 D:\Users\孙立翔\Desktop\项目\程序\FinancialRegulation\FinancialRegulation\ViewModel\BaseEditVM.cs:行号 72
2014/10/09 08:59:24:082,[5],[]:System.Web.Services.Protocols.SoapException: System.Web.Services.Protocols.SoapException: 服务器无法处理请求。 ---> System.Data.SqlClient.SqlException: 将 numeric 转换为数据类型 numeric 时出现算术溢出错误。
语句已终止。
   在 System.Data.SqlClient.SqlConnection.OnError(SqlException exception, Boolean breakConnection)
   在 System.Data.SqlClient.SqlInternalConnection.OnError(SqlException exception, Boolean breakConnection)
   在 System.Data.SqlClient.TdsParser.ThrowExceptionAndWarning()
   在 System.Data.SqlClient.TdsParser.Run(RunBehavior runBehavior, SqlCommand cmdHandler, SqlDataReader dataStream, BulkCopySimpleResultSet bulkCopyHandler, TdsParserStateObject stateObj)
   在 System.Data.SqlClient.SqlCommand.FinishExecuteReader(SqlDataReader ds, RunBehavior runBehavior, String resetOptionsString)
   在 System.Data.SqlClient.SqlCommand.RunExecuteReaderTds(CommandBehavior cmdBehavior, RunBehavior runBehavior, Boolean returnStream, Boolean async)
   在 System.Data.SqlClient.SqlCommand.RunExecuteReader(CommandBehavior cmdBehavior, RunBehavior runBehavior, Boolean returnStream, String method, DbAsyncResult result)
   在 System.Data.SqlClient.SqlCommand.InternalExecuteNonQuery(DbAsyncResult result, String methodName, Boolean sendToPipe)
   在 System.Data.SqlClient.SqlCommand.ExecuteNonQuery()
   在 IBatisNet.DataMapper.Commands.DbCommandDecorator.System.Data.IDbCommand.ExecuteNonQuery()
   在 IBatisNet.DataMapper.MappedStatements.MappedStatement.ExecuteInsert(ISqlMapSession session, Object parameterObject)
   在 IBatisNet.DataMapper.SqlMapper.Insert(String statementName, Object parameterObject)
   在 Dao.BasesDAO`1.i(String Key, Object t) 位置 D:\Users\孙立翔\Desktop\项目\程序\FinancialRegulation\DAO\BasesDAO.cs:行号 76
   在 Dao.BasesDAO`1.i(T t) 位置 D:\Users\孙立翔\Desktop\项目\程序\FinancialRegulation\DAO\BasesDAO.cs:行号 104
   在 Dao.JG_DepositDao.Add(DepositFund t) 位置 D:\Users\孙立翔\Desktop\项目\程序\FinancialRegulation\DAO\JG_DepositDao.cs:行号 44
   在 FinancialRegulationSRV.JG_DepositService.Add(DepositFund o) 位置 D:\Users\孙立翔\Desktop\项目\程序\FinancialRegulation\FinancialRegulationSRV\JG_DepositService.asmx.cs:行号 28
   --- 内部异常堆栈跟踪的结尾 ---
   在 System.Web.Services.Protocols.SoapHttpClientProtocol.ReadResponse(SoapClientMessage message, WebResponse response, Stream responseStream, Boolean asyncCall)
   在 System.Web.Services.Protocols.SoapHttpClientProtocol.Invoke(String methodName, Object[] parameters)
   在 FundsRegulatoryClient.JG_DepositSrv.JG_DepositService.Add(DepositFund o) 位置 D:\Users\孙立翔\Desktop\项目\程序\FinancialRegulation\FundsRegulatoryClient\Web References\JG_DepositSrv\Reference.cs:行号 134
   在 FundsRegulatoryClient.JG_DepositClient.Add(DepositFund m) 位置 D:\Users\孙立翔\Desktop\项目\程序\FinancialRegulation\FundsRegulatoryClient\JG_DepositClient.cs:行号 39
   在 FinancialRegulation.ViewModel.FundInfoCheckVM.OKExecute() 位置 D:\Users\孙立翔\Desktop\项目\程序\FinancialRegulation\FinancialRegulation\Page\Fund\FundInfoCheckVM.cs:行号 165
   在 FinancialRegulation.ViewModel.BaseEditVM`1.OKExecuteHost() 位置 D:\Users\孙立翔\Desktop\项目\程序\FinancialRegulation\FinancialRegulation\ViewModel\BaseEditVM.cs:行号 72
2014/10/09 08:59:33:274,[5],[]:System.Web.Services.Protocols.SoapException: System.Web.Services.Protocols.SoapException: 服务器无法处理请求。 ---> System.Data.SqlClient.SqlException: 将截断字符串或二进制数据。
语句已终止。
   在 System.Data.SqlClient.SqlConnection.OnError(SqlException exception, Boolean breakConnection)
   在 System.Data.SqlClient.SqlInternalConnection.OnError(SqlException exception, Boolean breakConnection)
   在 System.Data.SqlClient.TdsParser.ThrowExceptionAndWarning()
   在 System.Data.SqlClient.TdsParser.Run(RunBehavior runBehavior, SqlCommand cmdHandler, SqlDataReader dataStream, BulkCopySimpleResultSet bulkCopyHandler, TdsParserStateObject stateObj)
   在 System.Data.SqlClient.SqlCommand.FinishExecuteReader(SqlDataReader ds, RunBehavior runBehavior, String resetOptionsString)
   在 System.Data.SqlClient.SqlCommand.RunExecuteReaderTds(CommandBehavior cmdBehavior, RunBehavior runBehavior, Boolean returnStream, Boolean async)
   在 System.Data.SqlClient.SqlCommand.RunExecuteReader(CommandBehavior cmdBehavior, RunBehavior runBehavior, Boolean returnStream, String method, DbAsyncResult result)
   在 System.Data.SqlClient.SqlCommand.InternalExecuteNonQuery(DbAsyncResult result, String methodName, Boolean sendToPipe)
   在 System.Data.SqlClient.SqlCommand.ExecuteNonQuery()
   在 IBatisNet.DataMapper.Commands.DbCommandDecorator.System.Data.IDbCommand.ExecuteNonQuery()
   在 IBatisNet.DataMapper.MappedStatements.MappedStatement.ExecuteInsert(ISqlMapSession session, Object parameterObject)
   在 IBatisNet.DataMapper.SqlMapper.Insert(String statementName, Object parameterObject)
   在 Dao.BasesDAO`1.i(String Key, Object t) 位置 D:\Users\孙立翔\Desktop\项目\程序\FinancialRegulation\DAO\BasesDAO.cs:行号 76
   在 Dao.BasesDAO`1.i(T t) 位置 D:\Users\孙立翔\Desktop\项目\程序\FinancialRegulation\DAO\BasesDAO.cs:行号 104
   在 Dao.JG_DepositDao.Add(DepositFund t) 位置 D:\Users\孙立翔\Desktop\项目\程序\FinancialRegulation\DAO\JG_DepositDao.cs:行号 44
   在 FinancialRegulationSRV.JG_DepositService.Add(DepositFund o) 位置 D:\Users\孙立翔\Desktop\项目\程序\FinancialRegulation\FinancialRegulationSRV\JG_DepositService.asmx.cs:行号 28
   --- 内部异常堆栈跟踪的结尾 ---
   在 System.Web.Services.Protocols.SoapHttpClientProtocol.ReadResponse(SoapClientMessage message, WebResponse response, Stream responseStream, Boolean asyncCall)
   在 System.Web.Services.Protocols.SoapHttpClientProtocol.Invoke(String methodName, Object[] parameters)
   在 FundsRegulatoryClient.JG_DepositSrv.JG_DepositService.Add(DepositFund o) 位置 D:\Users\孙立翔\Desktop\项目\程序\FinancialRegulation\FundsRegulatoryClient\Web References\JG_DepositSrv\Reference.cs:行号 134
   在 FundsRegulatoryClient.JG_DepositClient.Add(DepositFund m) 位置 D:\Users\孙立翔\Desktop\项目\程序\FinancialRegulation\FundsRegulatoryClient\JG_DepositClient.cs:行号 39
   在 FinancialRegulation.ViewModel.FundInfoCheckVM.OKExecute() 位置 D:\Users\孙立翔\Desktop\项目\程序\FinancialRegulation\FinancialRegulation\Page\Fund\FundInfoCheckVM.cs:行号 165
   在 FinancialRegulation.ViewModel.BaseEditVM`1.OKExecuteHost() 位置 D:\Users\孙立翔\Desktop\项目\程序\FinancialRegulation\FinancialRegulation\ViewModel\BaseEditVM.cs:行号 72
2014/10/09 10:54:51:576,[5],[]:System.Net.Sockets.SocketException (0x80004005): 由于套接字没有连接并且(当使用一个 sendto 调用发送数据报套接字时)没有提供地址，发送或接收数据的请求没有被接受。
   在 System.Net.Sockets.Socket.Send(Byte[] buffer, Int32 offset, Int32 size, SocketFlags socketFlags)
   在 System.Net.Sockets.Socket.Send(Byte[] buffer)
   在 Message.MessageSender.SendMessage(BaseRequest bmr, String WebsiteCode, String TellerCode) 位置 D:\Users\孙立翔\Desktop\项目\程序\FinancialRegulation\Message\MessageSender.cs:行号 52
   在 FinancialRegulation.ViewModel.BaseVM`1.SendMessage[R](BaseRequest request, String WebsiteCode, String TellerCode) 位置 D:\Users\孙立翔\Desktop\项目\程序\FinancialRegulation\FinancialRegulation\ViewModel\BaseVM.cs:行号 31
   在 FinancialRegulation.ViewModel.PayAccrualManageVM.InterestCommandExecute() 位置 D:\Users\孙立翔\Desktop\项目\程序\FinancialRegulation\FinancialRegulation\Page\Accrual\PayAccrualManageVM.cs:行号 274
2014/10/09 11:27:14:218,[5],[]:System.Web.Services.Protocols.SoapException: System.Web.Services.Protocols.SoapException: 服务器无法处理请求。 ---> System.Data.SqlClient.SqlException: 将 numeric 转换为数据类型 numeric 时出现算术溢出错误。
语句已终止。
   在 System.Data.SqlClient.SqlConnection.OnError(SqlException exception, Boolean breakConnection)
   在 System.Data.SqlClient.SqlInternalConnection.OnError(SqlException exception, Boolean breakConnection)
   在 System.Data.SqlClient.TdsParser.ThrowExceptionAndWarning()
   在 System.Data.SqlClient.TdsParser.Run(RunBehavior runBehavior, SqlCommand cmdHandler, SqlDataReader dataStream, BulkCopySimpleResultSet bulkCopyHandler, TdsParserStateObject stateObj)
   在 System.Data.SqlClient.SqlCommand.FinishExecuteReader(SqlDataReader ds, RunBehavior runBehavior, String resetOptionsString)
   在 System.Data.SqlClient.SqlCommand.RunExecuteReaderTds(CommandBehavior cmdBehavior, RunBehavior runBehavior, Boolean returnStream, Boolean async)
   在 System.Data.SqlClient.SqlCommand.RunExecuteReader(CommandBehavior cmdBehavior, RunBehavior runBehavior, Boolean returnStream, String method, DbAsyncResult result)
   在 System.Data.SqlClient.SqlCommand.InternalExecuteNonQuery(DbAsyncResult result, String methodName, Boolean sendToPipe)
   在 System.Data.SqlClient.SqlCommand.ExecuteNonQuery()
   在 IBatisNet.DataMapper.Commands.DbCommandDecorator.System.Data.IDbCommand.ExecuteNonQuery()
   在 IBatisNet.DataMapper.MappedStatements.MappedStatement.ExecuteInsert(ISqlMapSession session, Object parameterObject)
   在 IBatisNet.DataMapper.SqlMapper.Insert(String statementName, Object parameterObject)
   在 Dao.BasesDAO`1.i(String Key, Object t) 位置 D:\Users\孙立翔\Desktop\项目\程序\FinancialRegulation\DAO\BasesDAO.cs:行号 76
   在 Dao.BasesDAO`1.i(T t) 位置 D:\Users\孙立翔\Desktop\项目\程序\FinancialRegulation\DAO\BasesDAO.cs:行号 104
   在 Dao.JG_DepositDao.Add(DepositFund t) 位置 D:\Users\孙立翔\Desktop\项目\程序\FinancialRegulation\DAO\JG_DepositDao.cs:行号 44
   在 FinancialRegulationSRV.JG_DepositService.Add(DepositFund o) 位置 D:\Users\孙立翔\Desktop\项目\程序\FinancialRegulation\FinancialRegulationSRV\JG_DepositService.asmx.cs:行号 28
   --- 内部异常堆栈跟踪的结尾 ---
   在 System.Web.Services.Protocols.SoapHttpClientProtocol.ReadResponse(SoapClientMessage message, WebResponse response, Stream responseStream, Boolean asyncCall)
   在 System.Web.Services.Protocols.SoapHttpClientProtocol.Invoke(String methodName, Object[] parameters)
   在 FundsRegulatoryClient.JG_DepositSrv.JG_DepositService.Add(DepositFund o) 位置 D:\Users\孙立翔\Desktop\项目\程序\FinancialRegulation\FundsRegulatoryClient\Web References\JG_DepositSrv\Reference.cs:行号 134
   在 FundsRegulatoryClient.JG_DepositClient.Add(DepositFund m) 位置 D:\Users\孙立翔\Desktop\项目\程序\FinancialRegulation\FundsRegulatoryClient\JG_DepositClient.cs:行号 39
   在 FinancialRegulation.ViewModel.FundInfoCheckVM.OKExecute() 位置 D:\Users\孙立翔\Desktop\项目\程序\FinancialRegulation\FinancialRegulation\Page\Fund\FundInfoCheckVM.cs:行号 165
   在 FinancialRegulation.ViewModel.BaseEditVM`1.OKExecuteHost() 位置 D:\Users\孙立翔\Desktop\项目\程序\FinancialRegulation\FinancialRegulation\ViewModel\BaseEditVM.cs:行号 72
2014/10/09 11:27:28:095,[5],[]:System.Web.Services.Protocols.SoapException: System.Web.Services.Protocols.SoapException: 服务器无法处理请求。 ---> System.Data.SqlClient.SqlException: 将 numeric 转换为数据类型 numeric 时出现算术溢出错误。
语句已终止。
   在 System.Data.SqlClient.SqlConnection.OnError(SqlException exception, Boolean breakConnection)
   在 System.Data.SqlClient.SqlInternalConnection.OnError(SqlException exception, Boolean breakConnection)
   在 System.Data.SqlClient.TdsParser.ThrowExceptionAndWarning()
   在 System.Data.SqlClient.TdsParser.Run(RunBehavior runBehavior, SqlCommand cmdHandler, SqlDataReader dataStream, BulkCopySimpleResultSet bulkCopyHandler, TdsParserStateObject stateObj)
   在 System.Data.SqlClient.SqlCommand.FinishExecuteReader(SqlDataReader ds, RunBehavior runBehavior, String resetOptionsString)
   在 System.Data.SqlClient.SqlCommand.RunExecuteReaderTds(CommandBehavior cmdBehavior, RunBehavior runBehavior, Boolean returnStream, Boolean async)
   在 System.Data.SqlClient.SqlCommand.RunExecuteReader(CommandBehavior cmdBehavior, RunBehavior runBehavior, Boolean returnStream, String method, DbAsyncResult result)
   在 System.Data.SqlClient.SqlCommand.InternalExecuteNonQuery(DbAsyncResult result, String methodName, Boolean sendToPipe)
   在 System.Data.SqlClient.SqlCommand.ExecuteNonQuery()
   在 IBatisNet.DataMapper.Commands.DbCommandDecorator.System.Data.IDbCommand.ExecuteNonQuery()
   在 IBatisNet.DataMapper.MappedStatements.MappedStatement.ExecuteInsert(ISqlMapSession session, Object parameterObject)
   在 IBatisNet.DataMapper.SqlMapper.Insert(String statementName, Object parameterObject)
   在 Dao.BasesDAO`1.i(String Key, Object t) 位置 D:\Users\孙立翔\Desktop\项目\程序\FinancialRegulation\DAO\BasesDAO.cs:行号 76
   在 Dao.BasesDAO`1.i(T t) 位置 D:\Users\孙立翔\Desktop\项目\程序\FinancialRegulation\DAO\BasesDAO.cs:行号 104
   在 Dao.JG_DepositDao.Add(DepositFund t) 位置 D:\Users\孙立翔\Desktop\项目\程序\FinancialRegulation\DAO\JG_DepositDao.cs:行号 44
   在 FinancialRegulationSRV.JG_DepositService.Add(DepositFund o) 位置 D:\Users\孙立翔\Desktop\项目\程序\FinancialRegulation\FinancialRegulationSRV\JG_DepositService.asmx.cs:行号 28
   --- 内部异常堆栈跟踪的结尾 ---
   在 System.Web.Services.Protocols.SoapHttpClientProtocol.ReadResponse(SoapClientMessage message, WebResponse response, Stream responseStream, Boolean asyncCall)
   在 System.Web.Services.Protocols.SoapHttpClientProtocol.Invoke(String methodName, Object[] parameters)
   在 FundsRegulatoryClient.JG_DepositSrv.JG_DepositService.Add(DepositFund o) 位置 D:\Users\孙立翔\Desktop\项目\程序\FinancialRegulation\FundsRegulatoryClient\Web References\JG_DepositSrv\Reference.cs:行号 134
   在 FundsRegulatoryClient.JG_DepositClient.Add(DepositFund m) 位置 D:\Users\孙立翔\Desktop\项目\程序\FinancialRegulation\FundsRegulatoryClient\JG_DepositClient.cs:行号 39
   在 FinancialRegulation.ViewModel.FundInfoCheckVM.OKExecute() 位置 D:\Users\孙立翔\Desktop\项目\程序\FinancialRegulation\FinancialRegulation\Page\Fund\FundInfoCheckVM.cs:行号 165
   在 FinancialRegulation.ViewModel.BaseEditVM`1.OKExecuteHost() 位置 D:\Users\孙立翔\Desktop\项目\程序\FinancialRegulation\FinancialRegulation\ViewModel\BaseEditVM.cs:行号 72
2014/10/09 11:59:08:753,[5],[]:System.Web.Services.Protocols.SoapException: System.Web.Services.Protocols.SoapException: 服务器无法处理请求。 ---> System.Data.SqlClient.SqlException: 将 numeric 转换为数据类型 numeric 时出现算术溢出错误。
语句已终止。
   在 System.Data.SqlClient.SqlConnection.OnError(SqlException exception, Boolean breakConnection)
   在 System.Data.SqlClient.SqlInternalConnection.OnError(SqlException exception, Boolean breakConnection)
   在 System.Data.SqlClient.TdsParser.ThrowExceptionAndWarning()
   在 System.Data.SqlClient.TdsParser.Run(RunBehavior runBehavior, SqlCommand cmdHandler, SqlDataReader dataStream, BulkCopySimpleResultSet bulkCopyHandler, TdsParserStateObject stateObj)
   在 System.Data.SqlClient.SqlCommand.FinishExecuteReader(SqlDataReader ds, RunBehavior runBehavior, String resetOptionsString)
   在 System.Data.SqlClient.SqlCommand.RunExecuteReaderTds(CommandBehavior cmdBehavior, RunBehavior runBehavior, Boolean returnStream, Boolean async)
   在 System.Data.SqlClient.SqlCommand.RunExecuteReader(CommandBehavior cmdBehavior, RunBehavior runBehavior, Boolean returnStream, String method, DbAsyncResult result)
   在 System.Data.SqlClient.SqlCommand.InternalExecuteNonQuery(DbAsyncResult result, String methodName, Boolean sendToPipe)
   在 System.Data.SqlClient.SqlCommand.ExecuteNonQuery()
   在 IBatisNet.DataMapper.Commands.DbCommandDecorator.System.Data.IDbCommand.ExecuteNonQuery()
   在 IBatisNet.DataMapper.MappedStatements.MappedStatement.ExecuteInsert(ISqlMapSession session, Object parameterObject)
   在 IBatisNet.DataMapper.SqlMapper.Insert(String statementName, Object parameterObject)
   在 Dao.BasesDAO`1.i(String Key, Object t) 位置 D:\Users\孙立翔\Desktop\项目\程序\FinancialRegulation\DAO\BasesDAO.cs:行号 76
   在 Dao.BasesDAO`1.i(T t) 位置 D:\Users\孙立翔\Desktop\项目\程序\FinancialRegulation\DAO\BasesDAO.cs:行号 104
   在 Dao.JG_PaymentDao.Add(FundPayment t) 位置 D:\Users\孙立翔\Desktop\项目\程序\FinancialRegulation\DAO\JG_PaymentDao.cs:行号 43
   在 FinancialRegulationSRV.JG_PaymentService.Add(FundPayment o) 位置 D:\Users\孙立翔\Desktop\项目\程序\FinancialRegulation\FinancialRegulationSRV\JG_PaymentService.asmx.cs:行号 27
   --- 内部异常堆栈跟踪的结尾 ---
   在 System.Web.Services.Protocols.SoapHttpClientProtocol.ReadResponse(SoapClientMessage message, WebResponse response, Stream responseStream, Boolean asyncCall)
   在 System.Web.Services.Protocols.SoapHttpClientProtocol.Invoke(String methodName, Object[] parameters)
   在 FundsRegulatoryClient.JG_PaymentSrv.JG_PaymentService.Add(FundPayment o) 位置 D:\Users\孙立翔\Desktop\项目\程序\FinancialRegulation\FundsRegulatoryClient\Web References\JG_PaymentSrv\Reference.cs:行号 124
   在 FundsRegulatoryClient.JG_PaymentClient.Add(FundPayment m) 位置 D:\Users\孙立翔\Desktop\项目\程序\FinancialRegulation\FundsRegulatoryClient\JG_PaymentClient.cs:行号 37
   在 FinancialRegulation.ViewModel.PayInfoCheckVM.OKExecute() 位置 D:\Users\孙立翔\Desktop\项目\程序\FinancialRegulation\FinancialRegulation\Page\Pay\PayInfoCheckVM.cs:行号 167
   在 FinancialRegulation.ViewModel.BaseEditVM`1.OKExecuteHost() 位置 D:\Users\孙立翔\Desktop\项目\程序\FinancialRegulation\FinancialRegulation\ViewModel\BaseEditVM.cs:行号 72
2014/10/09 11:59:24:269,[5],[]:System.Web.Services.Protocols.SoapException: System.Web.Services.Protocols.SoapException: 服务器无法处理请求。 ---> System.Data.SqlClient.SqlException: 将截断字符串或二进制数据。
语句已终止。
   在 System.Data.SqlClient.SqlConnection.OnError(SqlException exception, Boolean breakConnection)
   在 System.Data.SqlClient.SqlInternalConnection.OnError(SqlException exception, Boolean breakConnection)
   在 System.Data.SqlClient.TdsParser.ThrowExceptionAndWarning()
   在 System.Data.SqlClient.TdsParser.Run(RunBehavior runBehavior, SqlCommand cmdHandler, SqlDataReader dataStream, BulkCopySimpleResultSet bulkCopyHandler, TdsParserStateObject stateObj)
   在 System.Data.SqlClient.SqlCommand.FinishExecuteReader(SqlDataReader ds, RunBehavior runBehavior, String resetOptionsString)
   在 System.Data.SqlClient.SqlCommand.RunExecuteReaderTds(CommandBehavior cmdBehavior, RunBehavior runBehavior, Boolean returnStream, Boolean async)
   在 System.Data.SqlClient.SqlCommand.RunExecuteReader(CommandBehavior cmdBehavior, RunBehavior runBehavior, Boolean returnStream, String method, DbAsyncResult result)
   在 System.Data.SqlClient.SqlCommand.InternalExecuteNonQuery(DbAsyncResult result, String methodName, Boolean sendToPipe)
   在 System.Data.SqlClient.SqlCommand.ExecuteNonQuery()
   在 IBatisNet.DataMapper.Commands.DbCommandDecorator.System.Data.IDbCommand.ExecuteNonQuery()
   在 IBatisNet.DataMapper.MappedStatements.MappedStatement.ExecuteInsert(ISqlMapSession session, Object parameterObject)
   在 IBatisNet.DataMapper.SqlMapper.Insert(String statementName, Object parameterObject)
   在 Dao.BasesDAO`1.i(String Key, Object t) 位置 D:\Users\孙立翔\Desktop\项目\程序\FinancialRegulation\DAO\BasesDAO.cs:行号 76
   在 Dao.BasesDAO`1.i(T t) 位置 D:\Users\孙立翔\Desktop\项目\程序\FinancialRegulation\DAO\BasesDAO.cs:行号 104
   在 Dao.JG_PaymentDao.Add(FundPayment t) 位置 D:\Users\孙立翔\Desktop\项目\程序\FinancialRegulation\DAO\JG_PaymentDao.cs:行号 43
   在 FinancialRegulationSRV.JG_PaymentService.Add(FundPayment o) 位置 D:\Users\孙立翔\Desktop\项目\程序\FinancialRegulation\FinancialRegulationSRV\JG_PaymentService.asmx.cs:行号 27
   --- 内部异常堆栈跟踪的结尾 ---
   在 System.Web.Services.Protocols.SoapHttpClientProtocol.ReadResponse(SoapClientMessage message, WebResponse response, Stream responseStream, Boolean asyncCall)
   在 System.Web.Services.Protocols.SoapHttpClientProtocol.Invoke(String methodName, Object[] parameters)
   在 FundsRegulatoryClient.JG_PaymentSrv.JG_PaymentService.Add(FundPayment o) 位置 D:\Users\孙立翔\Desktop\项目\程序\FinancialRegulation\FundsRegulatoryClient\Web References\JG_PaymentSrv\Reference.cs:行号 124
   在 FundsRegulatoryClient.JG_PaymentClient.Add(FundPayment m) 位置 D:\Users\孙立翔\Desktop\项目\程序\FinancialRegulation\FundsRegulatoryClient\JG_PaymentClient.cs:行号 37
   在 FinancialRegulation.ViewModel.PayInfoCheckVM.OKExecute() 位置 D:\Users\孙立翔\Desktop\项目\程序\FinancialRegulation\FinancialRegulation\Page\Pay\PayInfoCheckVM.cs:行号 167
   在 FinancialRegulation.ViewModel.BaseEditVM`1.OKExecuteHost() 位置 D:\Users\孙立翔\Desktop\项目\程序\FinancialRegulation\FinancialRegulation\ViewModel\BaseEditVM.cs:行号 72
2014/10/09 14:13:57:472,[5],[]:System.NullReferenceException: 未将对象引用设置到对象的实例。
   在 FinancialRegulation.Tools.DateTimeConvert.Convert(Object value, Type targetType, Object parameter, CultureInfo culture) 位置 D:\Users\孙立翔\Desktop\项目\程序\FinancialRegulation\FinancialRegulation\Tools\DateTimeConvert.cs:行号 13
   在 System.Windows.Data.BindingExpression.TransferValue(Object newValue, Boolean isASubPropertyChange)
   在 System.Windows.Data.BindingExpression.Activate(Object item)
   在 System.Windows.Data.BindingExpression.AttachToContext(AttachAttempt attempt)
   在 System.Windows.Data.BindingExpression.MS.Internal.Data.IDataBindEngineClient.AttachToContext(Boolean lastChance)
   在 MS.Internal.Data.DataBindEngine.Task.Run(Boolean lastChance)
   在 MS.Internal.Data.DataBindEngine.Run(Object arg)
   在 MS.Internal.Data.DataBindEngine.OnLayoutUpdated(Object sender, EventArgs e)
   在 System.Windows.ContextLayoutManager.fireLayoutUpdateEvent()
   在 System.Windows.ContextLayoutManager.UpdateLayout()
   在 System.Windows.ContextLayoutManager.UpdateLayoutCallback(Object arg)
   在 System.Windows.Media.MediaContext.InvokeOnRenderCallback.DoWork()
   在 System.Windows.Media.MediaContext.FireInvokeOnRenderCallbacks()
   在 System.Windows.Media.MediaContext.RenderMessageHandlerCore(Object resizedCompositionTarget)
   在 System.Windows.Media.MediaContext.RenderMessageHandler(Object resizedCompositionTarget)
   在 System.Windows.Threading.ExceptionWrapper.InternalRealCall(Delegate callback, Object args, Int32 numArgs)
   在 MS.Internal.Threading.ExceptionFilterHelper.TryCatchWhen(Object source, Delegate method, Object args, Int32 numArgs, Delegate catchHandler)
   在 System.Windows.Threading.DispatcherOperation.InvokeImpl()
   在 System.Windows.Threading.DispatcherOperation.InvokeInSecurityContext(Object state)
   在 System.Threading.ExecutionContext.runTryCode(Object userData)
   在 System.Runtime.CompilerServices.RuntimeHelpers.ExecuteCodeWithGuaranteedCleanup(TryCode code, CleanupCode backoutCode, Object userData)
   在 System.Threading.ExecutionContext.RunInternal(ExecutionContext executionContext, ContextCallback callback, Object state)
   在 System.Threading.ExecutionContext.Run(ExecutionContext executionContext, ContextCallback callback, Object state, Boolean ignoreSyncCtx)
   在 System.Threading.ExecutionContext.Run(ExecutionContext executionContext, ContextCallback callback, Object state)
   在 System.Windows.Threading.DispatcherOperation.Invoke()
   在 System.Windows.Threading.Dispatcher.ProcessQueue()
   在 System.Windows.Threading.Dispatcher.WndProcHook(IntPtr hwnd, Int32 msg, IntPtr wParam, IntPtr lParam, Boolean& handled)
   在 MS.Win32.HwndWrapper.WndProc(IntPtr hwnd, Int32 msg, IntPtr wParam, IntPtr lParam, Boolean& handled)
   在 MS.Win32.HwndSubclass.DispatcherCallbackOperation(Object o)
   在 System.Windows.Threading.ExceptionWrapper.InternalRealCall(Delegate callback, Object args, Int32 numArgs)
   在 MS.Internal.Threading.ExceptionFilterHelper.TryCatchWhen(Object source, Delegate method, Object args, Int32 numArgs, Delegate catchHandler)
   在 System.Windows.Threading.Dispatcher.InvokeImpl(DispatcherPriority priority, TimeSpan timeout, Delegate method, Object args, Int32 numArgs)
   在 MS.Win32.HwndSubclass.SubclassWndProc(IntPtr hwnd, Int32 msg, IntPtr wParam, IntPtr lParam)
   在 MS.Win32.UnsafeNativeMethods.MessageBox(HandleRef hWnd, String text, String caption, Int32 type)
   在 System.Windows.MessageBox.ShowCore(IntPtr owner, String messageBoxText, String caption, MessageBoxButton button, MessageBoxImage icon, MessageBoxResult defaultResult, MessageBoxOptions options)
   在 System.Windows.MessageBox.Show(String messageBoxText, String caption, MessageBoxButton button, MessageBoxImage icon)
   在 FinancialRegulation.Tools.HelpClass.ShowMessage(Boolean bit) 位置 D:\Users\孙立翔\Desktop\项目\程序\FinancialRegulation\FinancialRegulation\Tools\HelpClass.cs:行号 247
   在 FinancialRegulation.ViewModel.UnKnownInfoAddToEditVM.OKExecute() 位置 D:\Users\孙立翔\Desktop\项目\程序\FinancialRegulation\FinancialRegulation\Page\UnknowBill\UnKnownInfoAddToEditVM.cs:行号 114
2014/10/09 14:19:19:744,[5],[]:FinancialRegulation.ClientException.CheckException: 到账日期内容不能为空
   在 FinancialRegulation.Base.Check.CheckHelp.NotNullCheck(Object input, String label) 位置 D:\Users\孙立翔\Desktop\项目\程序\FinancialRegulation\FinancialRegulation\ViewModel\Check\CheckHelp.cs:行号 47
   在 FinancialRegulation.ViewModel.UnKnownInfoAddToEditVM.Check() 位置 D:\Users\孙立翔\Desktop\项目\程序\FinancialRegulation\FinancialRegulation\Page\UnknowBill\UnKnownInfoAddToEditVM.cs:行号 88
   在 FinancialRegulation.ViewModel.UnKnownInfoAddToEditVM.OKExecute() 位置 D:\Users\孙立翔\Desktop\项目\程序\FinancialRegulation\FinancialRegulation\Page\UnknowBill\UnKnownInfoAddToEditVM.cs:行号 112
2014/10/09 14:22:58:436,[5],[]:System.Net.Sockets.SocketException (0x80004005): 由于套接字没有连接并且(当使用一个 sendto 调用发送数据报套接字时)没有提供地址，发送或接收数据的请求没有被接受。
   在 System.Net.Sockets.Socket.Send(Byte[] buffer, Int32 offset, Int32 size, SocketFlags socketFlags)
   在 System.Net.Sockets.Socket.Send(Byte[] buffer)
   在 Message.MessageSender.SendMessage(BaseRequest bmr, String WebsiteCode, String TellerCode) 位置 D:\Users\孙立翔\Desktop\项目\程序\FinancialRegulation\Message\MessageSender.cs:行号 52
   在 FinancialRegulation.ViewModel.BaseVM`1.SendMessage[R](BaseRequest request, String WebsiteCode, String TellerCode) 位置 D:\Users\孙立翔\Desktop\项目\程序\FinancialRegulation\FinancialRegulation\ViewModel\BaseVM.cs:行号 31
   在 FinancialRegulation.ViewModel.FundInfoCheckVM.SearchExecute() 位置 D:\Users\孙立翔\Desktop\项目\程序\FinancialRegulation\FinancialRegulation\Page\Fund\FundInfoCheckVM.cs:行号 207
2014/10/09 15:59:15:863,[5],[]:System.Net.Sockets.SocketException (0x80004005): 由于套接字没有连接并且(当使用一个 sendto 调用发送数据报套接字时)没有提供地址，发送或接收数据的请求没有被接受。
   在 System.Net.Sockets.Socket.Send(Byte[] buffer, Int32 offset, Int32 size, SocketFlags socketFlags)
   在 System.Net.Sockets.Socket.Send(Byte[] buffer)
   在 Message.MessageSender.SendMessage(BaseRequest bmr, String WebsiteCode, String TellerCode) 位置 D:\Users\孙立翔\Desktop\项目\程序\FinancialRegulation\Message\MessageSender.cs:行号 52
   在 FinancialRegulation.ViewModel.BaseVM`1.SendMessage[R](BaseRequest request, String WebsiteCode, String TellerCode) 位置 D:\Users\孙立翔\Desktop\项目\程序\FinancialRegulation\FinancialRegulation\ViewModel\BaseVM.cs:行号 31
   在 FinancialRegulation.ViewModel.PayInfoCheckVM.SearchExecute() 位置 D:\Users\孙立翔\Desktop\项目\程序\FinancialRegulation\FinancialRegulation\Page\Pay\PayInfoCheckVM.cs:行号 203
2014/10/09 17:04:15:454,[5],[]:System.Web.Services.Protocols.SoapException: System.Web.Services.Protocols.SoapException: 服务器无法处理请求。 ---> System.Data.SqlClient.SqlException: 将 numeric 转换为数据类型 numeric 时出现算术溢出错误。
语句已终止。
   在 System.Data.SqlClient.SqlConnection.OnError(SqlException exception, Boolean breakConnection)
   在 System.Data.SqlClient.SqlInternalConnection.OnError(SqlException exception, Boolean breakConnection)
   在 System.Data.SqlClient.TdsParser.ThrowExceptionAndWarning()
   在 System.Data.SqlClient.TdsParser.Run(RunBehavior runBehavior, SqlCommand cmdHandler, SqlDataReader dataStream, BulkCopySimpleResultSet bulkCopyHandler, TdsParserStateObject stateObj)
   在 System.Data.SqlClient.SqlCommand.FinishExecuteReader(SqlDataReader ds, RunBehavior runBehavior, String resetOptionsString)
   在 System.Data.SqlClient.SqlCommand.RunExecuteReaderTds(CommandBehavior cmdBehavior, RunBehavior runBehavior, Boolean returnStream, Boolean async)
   在 System.Data.SqlClient.SqlCommand.RunExecuteReader(CommandBehavior cmdBehavior, RunBehavior runBehavior, Boolean returnStream, String method, DbAsyncResult result)
   在 System.Data.SqlClient.SqlCommand.InternalExecuteNonQuery(DbAsyncResult result, String methodName, Boolean sendToPipe)
   在 System.Data.SqlClient.SqlCommand.ExecuteNonQuery()
   在 IBatisNet.DataMapper.Commands.DbCommandDecorator.System.Data.IDbCommand.ExecuteNonQuery()
   在 IBatisNet.DataMapper.MappedStatements.MappedStatement.ExecuteInsert(ISqlMapSession session, Object parameterObject)
   在 IBatisNet.DataMapper.SqlMapper.Insert(String statementName, Object parameterObject)
   在 Dao.BasesDAO`1.i(String Key, Object t) 位置 D:\Users\孙立翔\Desktop\项目\程序\FinancialRegulation\DAO\BasesDAO.cs:行号 76
   在 Dao.BasesDAO`1.i(T t) 位置 D:\Users\孙立翔\Desktop\项目\程序\FinancialRegulation\DAO\BasesDAO.cs:行号 104
   在 Dao.JG_DepositDao.Add(DepositFund t) 位置 D:\Users\孙立翔\Desktop\项目\程序\FinancialRegulation\DAO\JG_DepositDao.cs:行号 44
   在 FinancialRegulationSRV.JG_DepositService.Add(DepositFund o) 位置 D:\Users\孙立翔\Desktop\项目\程序\FinancialRegulation\FinancialRegulationSRV\JG_DepositService.asmx.cs:行号 28
   --- 内部异常堆栈跟踪的结尾 ---
   在 System.Web.Services.Protocols.SoapHttpClientProtocol.ReadResponse(SoapClientMessage message, WebResponse response, Stream responseStream, Boolean asyncCall)
   在 System.Web.Services.Protocols.SoapHttpClientProtocol.Invoke(String methodName, Object[] parameters)
   在 FundsRegulatoryClient.JG_DepositSrv.JG_DepositService.Add(DepositFund o) 位置 D:\Users\孙立翔\Desktop\项目\程序\FinancialRegulation\FundsRegulatoryClient\Web References\JG_DepositSrv\Reference.cs:行号 134
   在 FundsRegulatoryClient.JG_DepositClient.Add(DepositFund m) 位置 D:\Users\孙立翔\Desktop\项目\程序\FinancialRegulation\FundsRegulatoryClient\JG_DepositClient.cs:行号 39
   在 FinancialRegulation.ViewModel.FundInfoCheckVM.OKExecute() 位置 D:\Users\孙立翔\Desktop\项目\程序\FinancialRegulation\FinancialRegulation\Page\Fund\FundInfoCheckVM.cs:行号 165
   在 FinancialRegulation.ViewModel.BaseEditVM`1.OKExecuteHost() 位置 D:\Users\孙立翔\Desktop\项目\程序\FinancialRegulation\FinancialRegulation\ViewModel\BaseEditVM.cs:行号 72
