2014/09/23 11:09:24:291,[5],[]:System.Web.Services.Protocols.SoapException: System.Web.Services.Protocols.SoapException: 服务器无法处理请求。 ---> IBatisNet.DataMapper.Exceptions.DataMapperException: SqlMap could not invoke CommitTransaction(). No Transaction was started. Call BeginTransaction() first.
   在 IBatisNet.DataMapper.SqlMapper.CommitTransaction()
   在 Dao.BasesDAO`1.Commit() 位置 D:\Users\孙立翔\Desktop\项目\程序\FinancialRegulation\DAO\BasesDAO.cs:行号 150
   在 FinancialRegulationSRV.JG_DepositService.Commit() 位置 D:\Users\孙立翔\Desktop\项目\程序\FinancialRegulation\FinancialRegulationSRV\JG_DepositService.asmx.cs:行号 125
   --- 内部异常堆栈跟踪的结尾 ---
   在 System.Web.Services.Protocols.SoapHttpClientProtocol.ReadResponse(SoapClientMessage message, WebResponse response, Stream responseStream, Boolean asyncCall)
   在 System.Web.Services.Protocols.SoapHttpClientProtocol.Invoke(String methodName, Object[] parameters)
   在 FundsRegulatoryClient.JG_DepositSrv.JG_DepositService.Commit() 位置 D:\Users\孙立翔\Desktop\项目\程序\FinancialRegulation\FundsRegulatoryClient\Web References\JG_DepositSrv\Reference.cs:行号 521
   在 FundsRegulatoryClient.JG_DepositClient.Commit() 位置 D:\Users\孙立翔\Desktop\项目\程序\FinancialRegulation\FundsRegulatoryClient\JG_DepositClient.cs:行号 169
   在 FinancialRegulation.ViewModel.RefundInfoAddToEditVM.DayBalanceAferRefund() 位置 D:\Users\孙立翔\Desktop\项目\程序\FinancialRegulation\FinancialRegulation\Page\Other\RefundInfoAddToEditVM.cs:行号 228
   在 FinancialRegulation.ViewModel.RefundInfoAddToEditVM.OKExecute() 位置 D:\Users\孙立翔\Desktop\项目\程序\FinancialRegulation\FinancialRegulation\Page\Other\RefundInfoAddToEditVM.cs:行号 151
   在 FinancialRegulation.ViewModel.BaseEditVM`1.OKExecuteHost() 位置 D:\Users\孙立翔\Desktop\项目\程序\FinancialRegulation\FinancialRegulation\ViewModel\BaseEditVM.cs:行号 72
2014/09/23 11:15:52:036,[5],[]:System.Net.WebException: 操作超时
   在 System.Web.Services.Protocols.WebClientProtocol.GetWebResponse(WebRequest request)
   在 System.Web.Services.Protocols.HttpWebClientProtocol.GetWebResponse(WebRequest request)
   在 System.Web.Services.Protocols.SoapHttpClientProtocol.Invoke(String methodName, Object[] parameters)
   在 FundsRegulatoryClient.JG_DepositSrv.JG_DepositService.Commit() 位置 D:\Users\孙立翔\Desktop\项目\程序\FinancialRegulation\FundsRegulatoryClient\Web References\JG_DepositSrv\Reference.cs:行号 521
   在 FundsRegulatoryClient.JG_DepositClient.Commit() 位置 D:\Users\孙立翔\Desktop\项目\程序\FinancialRegulation\FundsRegulatoryClient\JG_DepositClient.cs:行号 169
   在 FinancialRegulation.ViewModel.RefundInfoAddToEditVM.DayBalanceAferRefund() 位置 D:\Users\孙立翔\Desktop\项目\程序\FinancialRegulation\FinancialRegulation\Page\Other\RefundInfoAddToEditVM.cs:行号 228
   在 FinancialRegulation.ViewModel.RefundInfoAddToEditVM.OKExecute() 位置 D:\Users\孙立翔\Desktop\项目\程序\FinancialRegulation\FinancialRegulation\Page\Other\RefundInfoAddToEditVM.cs:行号 151
   在 FinancialRegulation.ViewModel.BaseEditVM`1.OKExecuteHost() 位置 D:\Users\孙立翔\Desktop\项目\程序\FinancialRegulation\FinancialRegulation\ViewModel\BaseEditVM.cs:行号 72
2014/09/23 11:16:27:314,[5],[]:System.Web.Services.Protocols.SoapException: System.Web.Services.Protocols.SoapException: 服务器无法处理请求。 ---> IBatisNet.DataMapper.Exceptions.DataMapperException: SqlMap could not invoke CommitTransaction(). No Transaction was started. Call BeginTransaction() first.
   在 IBatisNet.DataMapper.SqlMapper.CommitTransaction()
   在 Dao.BasesDAO`1.Commit() 位置 D:\Users\孙立翔\Desktop\项目\程序\FinancialRegulation\DAO\BasesDAO.cs:行号 150
   在 FinancialRegulationSRV.JG_DepositService.Commit() 位置 D:\Users\孙立翔\Desktop\项目\程序\FinancialRegulation\FinancialRegulationSRV\JG_DepositService.asmx.cs:行号 125
   --- 内部异常堆栈跟踪的结尾 ---
   在 System.Web.Services.Protocols.SoapHttpClientProtocol.ReadResponse(SoapClientMessage message, WebResponse response, Stream responseStream, Boolean asyncCall)
   在 System.Web.Services.Protocols.SoapHttpClientProtocol.Invoke(String methodName, Object[] parameters)
   在 FundsRegulatoryClient.JG_DepositSrv.JG_DepositService.Commit() 位置 D:\Users\孙立翔\Desktop\项目\程序\FinancialRegulation\FundsRegulatoryClient\Web References\JG_DepositSrv\Reference.cs:行号 521
   在 FundsRegulatoryClient.JG_DepositClient.Commit() 位置 D:\Users\孙立翔\Desktop\项目\程序\FinancialRegulation\FundsRegulatoryClient\JG_DepositClient.cs:行号 169
   在 FinancialRegulation.ViewModel.RefundInfoAddToEditVM.DayBalanceAferRefund() 位置 D:\Users\孙立翔\Desktop\项目\程序\FinancialRegulation\FinancialRegulation\Page\Other\RefundInfoAddToEditVM.cs:行号 228
   在 FinancialRegulation.ViewModel.RefundInfoAddToEditVM.OKExecute() 位置 D:\Users\孙立翔\Desktop\项目\程序\FinancialRegulation\FinancialRegulation\Page\Other\RefundInfoAddToEditVM.cs:行号 151
   在 FinancialRegulation.ViewModel.BaseEditVM`1.OKExecuteHost() 位置 D:\Users\孙立翔\Desktop\项目\程序\FinancialRegulation\FinancialRegulation\ViewModel\BaseEditVM.cs:行号 72
