2014/11/07 11:47:16:879,[5],[]:System.Web.Services.Protocols.SoapException: System.Web.Services.Protocols.SoapException: 服务器无法处理请求。 ---> System.Data.SqlClient.SqlException: 列名 'BillFolder' 无效。
   在 System.Data.SqlClient.SqlConnection.OnError(SqlException exception, Boolean breakConnection, Action`1 wrapCloseInAction)
   在 System.Data.SqlClient.TdsParser.ThrowExceptionAndWarning(TdsParserStateObject stateObj, Boolean callerHasConnectionLock, Boolean asyncClose)
   在 System.Data.SqlClient.TdsParser.TryRun(RunBehavior runBehavior, SqlCommand cmdHandler, SqlDataReader dataStream, BulkCopySimpleResultSet bulkCopyHandler, TdsParserStateObject stateObj, Boolean& dataReady)
   在 System.Data.SqlClient.SqlDataReader.TryConsumeMetaData()
   在 System.Data.SqlClient.SqlDataReader.get_MetaData()
   在 System.Data.SqlClient.SqlCommand.FinishExecuteReader(SqlDataReader ds, RunBehavior runBehavior, String resetOptionsString)
   在 System.Data.SqlClient.SqlCommand.RunExecuteReaderTds(CommandBehavior cmdBehavior, RunBehavior runBehavior, Boolean returnStream, Boolean async, Int32 timeout, Task& task, Boolean asyncWrite)
   在 System.Data.SqlClient.SqlCommand.RunExecuteReader(CommandBehavior cmdBehavior, RunBehavior runBehavior, Boolean returnStream, String method, TaskCompletionSource`1 completion, Int32 timeout, Task& task, Boolean asyncWrite)
   在 System.Data.SqlClient.SqlCommand.RunExecuteReader(CommandBehavior cmdBehavior, RunBehavior runBehavior, Boolean returnStream, String method)
   在 System.Data.SqlClient.SqlCommand.ExecuteReader(CommandBehavior behavior, String method)
   在 System.Data.SqlClient.SqlCommand.ExecuteDbDataReader(CommandBehavior behavior)
   在 System.Data.Common.DbCommand.System.Data.IDbCommand.ExecuteReader()
   在 IBatisNet.DataMapper.Commands.DbCommandDecorator.System.Data.IDbCommand.ExecuteReader()
   在 IBatisNet.DataMapper.MappedStatements.MappedStatement.RunQueryForList[T](RequestScope request, ISqlMapSession session, Object parameterObject, IList`1 resultObject, RowDelegate`1 rowDelegate)
   在 IBatisNet.DataMapper.MappedStatements.MappedStatement.ExecuteQueryForList[T](ISqlMapSession session, Object parameterObject)
   在 IBatisNet.DataMapper.SqlMapper.QueryForList[T](String statementName, Object parameterObject)
   在 Dao.BasesDAO`1.ss(String Key) 位置 E:\project\连云港项目\邮储银行端\源代码\FinancialRegulation\DAO\BasesDAO.cs:行号 97
   在 Dao.BasesDAO`1.ss() 位置 E:\project\连云港项目\邮储银行端\源代码\FinancialRegulation\DAO\BasesDAO.cs:行号 120
   在 Dao.SysConfigDao.Selects() 位置 E:\project\连云港项目\邮储银行端\源代码\FinancialRegulation\DAO\SysConfigDao.cs:行号 51
   在 FinancialRegulationSRV.SysConfigService.Selects() 位置 E:\project\连云港项目\邮储银行端\源代码\FinancialRegulation\FinancialRegulationSRV\SysConfigService.asmx.cs:行号 35
   --- 内部异常堆栈跟踪的结尾 ---
   在 System.Web.Services.Protocols.SoapHttpClientProtocol.ReadResponse(SoapClientMessage message, WebResponse response, Stream responseStream, Boolean asyncCall)
   在 System.Web.Services.Protocols.SoapHttpClientProtocol.Invoke(String methodName, Object[] parameters)
   在 BaseClient.SysConfigSrv.SysConfigService.Selects() 位置 E:\project\连云港项目\邮储银行端\源代码\FinancialRegulation\BaseClient\Web References\SysConfigSrv\Reference.cs:行号 112
   在 BaseClient.LoginClient.CheckUserInfo(UserInfo ui) 位置 E:\project\连云港项目\邮储银行端\源代码\FinancialRegulation\BaseClient\LoginClient.cs:行号 57
   在 MainFrame.LoginVM.CheckLogin() 位置 E:\project\连云港项目\邮储银行端\源代码\FinancialRegulation\MainFrame\LoginVM.cs:行号 142
   在 MainFrame.LoginVM.Confirm() 位置 E:\project\连云港项目\邮储银行端\源代码\FinancialRegulation\MainFrame\LoginVM.cs:行号 223
2014/11/07 11:50:29:740,[5],[]:System.Web.Services.Protocols.SoapException: System.Web.Services.Protocols.SoapException: 服务器无法处理请求。 ---> System.Data.SqlClient.SqlException: 列名 'BillFolder' 无效。
   在 System.Data.SqlClient.SqlConnection.OnError(SqlException exception, Boolean breakConnection, Action`1 wrapCloseInAction)
   在 System.Data.SqlClient.TdsParser.ThrowExceptionAndWarning(TdsParserStateObject stateObj, Boolean callerHasConnectionLock, Boolean asyncClose)
   在 System.Data.SqlClient.TdsParser.TryRun(RunBehavior runBehavior, SqlCommand cmdHandler, SqlDataReader dataStream, BulkCopySimpleResultSet bulkCopyHandler, TdsParserStateObject stateObj, Boolean& dataReady)
   在 System.Data.SqlClient.SqlDataReader.TryConsumeMetaData()
   在 System.Data.SqlClient.SqlDataReader.get_MetaData()
   在 System.Data.SqlClient.SqlCommand.FinishExecuteReader(SqlDataReader ds, RunBehavior runBehavior, String resetOptionsString)
   在 System.Data.SqlClient.SqlCommand.RunExecuteReaderTds(CommandBehavior cmdBehavior, RunBehavior runBehavior, Boolean returnStream, Boolean async, Int32 timeout, Task& task, Boolean asyncWrite)
   在 System.Data.SqlClient.SqlCommand.RunExecuteReader(CommandBehavior cmdBehavior, RunBehavior runBehavior, Boolean returnStream, String method, TaskCompletionSource`1 completion, Int32 timeout, Task& task, Boolean asyncWrite)
   在 System.Data.SqlClient.SqlCommand.RunExecuteReader(CommandBehavior cmdBehavior, RunBehavior runBehavior, Boolean returnStream, String method)
   在 System.Data.SqlClient.SqlCommand.ExecuteReader(CommandBehavior behavior, String method)
   在 System.Data.SqlClient.SqlCommand.ExecuteDbDataReader(CommandBehavior behavior)
   在 System.Data.Common.DbCommand.System.Data.IDbCommand.ExecuteReader()
   在 IBatisNet.DataMapper.Commands.DbCommandDecorator.System.Data.IDbCommand.ExecuteReader()
   在 IBatisNet.DataMapper.MappedStatements.MappedStatement.RunQueryForList[T](RequestScope request, ISqlMapSession session, Object parameterObject, IList`1 resultObject, RowDelegate`1 rowDelegate)
   在 IBatisNet.DataMapper.MappedStatements.MappedStatement.ExecuteQueryForList[T](ISqlMapSession session, Object parameterObject)
   在 IBatisNet.DataMapper.SqlMapper.QueryForList[T](String statementName, Object parameterObject)
   在 Dao.BasesDAO`1.ss(String Key) 位置 E:\project\连云港项目\邮储银行端\源代码\FinancialRegulation\DAO\BasesDAO.cs:行号 97
   在 Dao.BasesDAO`1.ss() 位置 E:\project\连云港项目\邮储银行端\源代码\FinancialRegulation\DAO\BasesDAO.cs:行号 120
   在 Dao.SysConfigDao.Selects() 位置 E:\project\连云港项目\邮储银行端\源代码\FinancialRegulation\DAO\SysConfigDao.cs:行号 51
   在 FinancialRegulationSRV.SysConfigService.Selects() 位置 E:\project\连云港项目\邮储银行端\源代码\FinancialRegulation\FinancialRegulationSRV\SysConfigService.asmx.cs:行号 35
   --- 内部异常堆栈跟踪的结尾 ---
   在 System.Web.Services.Protocols.SoapHttpClientProtocol.ReadResponse(SoapClientMessage message, WebResponse response, Stream responseStream, Boolean asyncCall)
   在 System.Web.Services.Protocols.SoapHttpClientProtocol.Invoke(String methodName, Object[] parameters)
   在 BaseClient.SysConfigSrv.SysConfigService.Selects() 位置 E:\project\连云港项目\邮储银行端\源代码\FinancialRegulation\BaseClient\Web References\SysConfigSrv\Reference.cs:行号 112
   在 BaseClient.LoginClient.CheckUserInfo(UserInfo ui) 位置 E:\project\连云港项目\邮储银行端\源代码\FinancialRegulation\BaseClient\LoginClient.cs:行号 57
   在 MainFrame.LoginVM.CheckLogin() 位置 E:\project\连云港项目\邮储银行端\源代码\FinancialRegulation\MainFrame\LoginVM.cs:行号 142
   在 MainFrame.LoginVM.Confirm() 位置 E:\project\连云港项目\邮储银行端\源代码\FinancialRegulation\MainFrame\LoginVM.cs:行号 223
2014/11/07 11:53:55:742,[5],[]:System.Net.WebException: 请求被中止: 操作超时。
   在 System.Web.Services.Protocols.WebClientProtocol.GetWebResponse(WebRequest request)
   在 System.Web.Services.Protocols.HttpWebClientProtocol.GetWebResponse(WebRequest request)
   在 System.Web.Services.Protocols.SoapHttpClientProtocol.Invoke(String methodName, Object[] parameters)
   在 BaseClient.SysConfigSrv.SysConfigService.Selects() 位置 E:\project\连云港项目\邮储银行端\源代码\FinancialRegulation\BaseClient\Web References\SysConfigSrv\Reference.cs:行号 112
   在 BaseClient.LoginClient.CheckUserInfo(UserInfo ui) 位置 E:\project\连云港项目\邮储银行端\源代码\FinancialRegulation\BaseClient\LoginClient.cs:行号 57
   在 MainFrame.LoginVM.CheckLogin() 位置 E:\project\连云港项目\邮储银行端\源代码\FinancialRegulation\MainFrame\LoginVM.cs:行号 142
   在 MainFrame.LoginVM.Confirm() 位置 E:\project\连云港项目\邮储银行端\源代码\FinancialRegulation\MainFrame\LoginVM.cs:行号 223
2014/11/07 12:31:13:361,[5],[]:System.Web.Services.Protocols.SoapException: System.Web.Services.Protocols.SoapException: 服务器无法处理请求。 ---> System.Data.SqlClient.SqlException: 列名 'BillFolder' 无效。
   在 System.Data.SqlClient.SqlConnection.OnError(SqlException exception, Boolean breakConnection, Action`1 wrapCloseInAction)
   在 System.Data.SqlClient.TdsParser.ThrowExceptionAndWarning(TdsParserStateObject stateObj, Boolean callerHasConnectionLock, Boolean asyncClose)
   在 System.Data.SqlClient.TdsParser.TryRun(RunBehavior runBehavior, SqlCommand cmdHandler, SqlDataReader dataStream, BulkCopySimpleResultSet bulkCopyHandler, TdsParserStateObject stateObj, Boolean& dataReady)
   在 System.Data.SqlClient.SqlDataReader.TryConsumeMetaData()
   在 System.Data.SqlClient.SqlDataReader.get_MetaData()
   在 System.Data.SqlClient.SqlCommand.FinishExecuteReader(SqlDataReader ds, RunBehavior runBehavior, String resetOptionsString)
   在 System.Data.SqlClient.SqlCommand.RunExecuteReaderTds(CommandBehavior cmdBehavior, RunBehavior runBehavior, Boolean returnStream, Boolean async, Int32 timeout, Task& task, Boolean asyncWrite)
   在 System.Data.SqlClient.SqlCommand.RunExecuteReader(CommandBehavior cmdBehavior, RunBehavior runBehavior, Boolean returnStream, String method, TaskCompletionSource`1 completion, Int32 timeout, Task& task, Boolean asyncWrite)
   在 System.Data.SqlClient.SqlCommand.RunExecuteReader(CommandBehavior cmdBehavior, RunBehavior runBehavior, Boolean returnStream, String method)
   在 System.Data.SqlClient.SqlCommand.ExecuteReader(CommandBehavior behavior, String method)
   在 System.Data.SqlClient.SqlCommand.ExecuteDbDataReader(CommandBehavior behavior)
   在 System.Data.Common.DbCommand.System.Data.IDbCommand.ExecuteReader()
   在 IBatisNet.DataMapper.Commands.DbCommandDecorator.System.Data.IDbCommand.ExecuteReader()
   在 IBatisNet.DataMapper.MappedStatements.MappedStatement.RunQueryForList[T](RequestScope request, ISqlMapSession session, Object parameterObject, IList`1 resultObject, RowDelegate`1 rowDelegate)
   在 IBatisNet.DataMapper.MappedStatements.MappedStatement.ExecuteQueryForList[T](ISqlMapSession session, Object parameterObject)
   在 IBatisNet.DataMapper.SqlMapper.QueryForList[T](String statementName, Object parameterObject)
   在 Dao.BasesDAO`1.ss(String Key) 位置 E:\project\连云港项目\邮储银行端\源代码\FinancialRegulation\DAO\BasesDAO.cs:行号 97
   在 Dao.BasesDAO`1.ss() 位置 E:\project\连云港项目\邮储银行端\源代码\FinancialRegulation\DAO\BasesDAO.cs:行号 120
   在 Dao.SysConfigDao.Selects() 位置 E:\project\连云港项目\邮储银行端\源代码\FinancialRegulation\DAO\SysConfigDao.cs:行号 51
   在 FinancialRegulationSRV.SysConfigService.Selects() 位置 E:\project\连云港项目\邮储银行端\源代码\FinancialRegulation\FinancialRegulationSRV\SysConfigService.asmx.cs:行号 35
   --- 内部异常堆栈跟踪的结尾 ---
   在 System.Web.Services.Protocols.SoapHttpClientProtocol.ReadResponse(SoapClientMessage message, WebResponse response, Stream responseStream, Boolean asyncCall)
   在 System.Web.Services.Protocols.SoapHttpClientProtocol.Invoke(String methodName, Object[] parameters)
   在 BaseClient.SysConfigSrv.SysConfigService.Selects() 位置 E:\project\连云港项目\邮储银行端\源代码\FinancialRegulation\BaseClient\Web References\SysConfigSrv\Reference.cs:行号 112
   在 BaseClient.LoginClient.CheckUserInfo(UserInfo ui) 位置 E:\project\连云港项目\邮储银行端\源代码\FinancialRegulation\BaseClient\LoginClient.cs:行号 57
   在 MainFrame.LoginVM.CheckLogin() 位置 E:\project\连云港项目\邮储银行端\源代码\FinancialRegulation\MainFrame\LoginVM.cs:行号 142
   在 MainFrame.LoginVM.Confirm() 位置 E:\project\连云港项目\邮储银行端\源代码\FinancialRegulation\MainFrame\LoginVM.cs:行号 223
