2014/09/10 13:57:18:042,[5],[]:System.NullReferenceException: 未将对象引用设置到对象的实例。
   在 FinancialRegulation.ViewModel.OpenAccountEditVM.OKExecute() 位置 D:\Users\孙立翔\Desktop\项目\程序\FinancialRegulation\FinancialRegulation\Page\Account&Point\OpenAccountEditVM.cs:行号 88
   在 FinancialRegulation.ViewModel.BaseEditVM`1.OKExecuteHost() 位置 D:\Users\孙立翔\Desktop\项目\程序\FinancialRegulation\FinancialRegulation\ViewModel\BaseEditVM.cs:行号 72
2014/09/10 13:57:37:824,[5],[]:System.NullReferenceException: 未将对象引用设置到对象的实例。
   在 FinancialRegulation.ViewModel.OpenAccountEditVM.OKExecute() 位置 D:\Users\孙立翔\Desktop\项目\程序\FinancialRegulation\FinancialRegulation\Page\Account&Point\OpenAccountEditVM.cs:行号 88
   在 FinancialRegulation.ViewModel.BaseEditVM`1.OKExecuteHost() 位置 D:\Users\孙立翔\Desktop\项目\程序\FinancialRegulation\FinancialRegulation\ViewModel\BaseEditVM.cs:行号 72
2014/09/10 14:05:09:024,[5],[]:System.Web.Services.Protocols.SoapException: System.Web.Services.Protocols.SoapException: 服务器无法处理请求。 ---> System.Data.SqlClient.SqlException: 不能将值 NULL 插入列 'AM_ID'，表 'FinancialRegulation.dbo.JG_AccountManage'；列不允许有空值。INSERT 失败。
语句已终止。
   在 System.Data.SqlClient.SqlConnection.OnError(SqlException exception, Boolean breakConnection)
   在 System.Data.SqlClient.SqlInternalConnection.OnError(SqlException exception, Boolean breakConnection)
   在 System.Data.SqlClient.TdsParser.ThrowExceptionAndWarning()
   在 System.Data.SqlClient.TdsParser.Run(RunBehavior runBehavior, SqlCommand cmdHandler, SqlDataReader dataStream, BulkCopySimpleResultSet bulkCopyHandler, TdsParserStateObject stateObj)
   在 System.Data.SqlClient.SqlCommand.FinishExecuteReader(SqlDataReader ds, RunBehavior runBehavior, String resetOptionsString)
   在 System.Data.SqlClient.SqlCommand.RunExecuteReaderTds(CommandBehavior cmdBehavior, RunBehavior runBehavior, Boolean returnStream, Boolean async)
   在 System.Data.SqlClient.SqlCommand.RunExecuteReader(CommandBehavior cmdBehavior, RunBehavior runBehavior, Boolean returnStream, String method, DbAsyncResult result)
   在 System.Data.SqlClient.SqlCommand.InternalExecuteNonQuery(DbAsyncResult result, String methodName, Boolean sendToPipe)
   在 System.Data.SqlClient.SqlCommand.ExecuteNonQuery()
   在 IBatisNet.DataMapper.Commands.DbCommandDecorator.System.Data.IDbCommand.ExecuteNonQuery()
   在 IBatisNet.DataMapper.MappedStatements.MappedStatement.ExecuteInsert(ISqlMapSession session, Object parameterObject)
   在 IBatisNet.DataMapper.SqlMapper.Insert(String statementName, Object parameterObject)
   在 Dao.BasesDAO`1.i(String Key, Object t) 位置 D:\Users\孙立翔\Desktop\项目\程序\FinancialRegulation\DAO\BasesDAO.cs:行号 75
   在 Dao.BasesDAO`1.i(T t) 位置 D:\Users\孙立翔\Desktop\项目\程序\FinancialRegulation\DAO\BasesDAO.cs:行号 101
   在 Dao.JG_AccountManageDao.Add(JG_AccountManageInfo t) 位置 D:\Users\孙立翔\Desktop\项目\程序\FinancialRegulation\DAO\JG_AccountManageDao.cs:行号 42
   在 FinancialRegulationSRV.JG_AccountManageService.Add(JG_AccountManageInfo o) 位置 D:\Users\孙立翔\Desktop\项目\程序\FinancialRegulation\FinancialRegulationSRV\JG_AccountManageService.asmx.cs:行号 23
   --- 内部异常堆栈跟踪的结尾 ---
   在 System.Web.Services.Protocols.SoapHttpClientProtocol.ReadResponse(SoapClientMessage message, WebResponse response, Stream responseStream, Boolean asyncCall)
   在 System.Web.Services.Protocols.SoapHttpClientProtocol.Invoke(String methodName, Object[] parameters)
   在 FundsRegulatoryClient.JG_AccountManageSrv.JG_AccountManageService.Add(JG_AccountManageInfo o) 位置 D:\Users\孙立翔\Desktop\项目\程序\FinancialRegulation\FundsRegulatoryClient\Web References\JG_AccountManageSrv\Reference.cs:行号 103
   在 FundsRegulatoryClient.JG_AccountManageClient.Add(JG_AccountManageInfo m) 位置 D:\Users\孙立翔\Desktop\项目\程序\FinancialRegulation\FundsRegulatoryClient\JG_AccountManageClient.cs:行号 36
   在 FinancialRegulation.ViewModel.OpenAccountEditVM.OKExecute() 位置 D:\Users\孙立翔\Desktop\项目\程序\FinancialRegulation\FinancialRegulation\Page\Account&Point\OpenAccountEditVM.cs:行号 74
   在 FinancialRegulation.ViewModel.BaseEditVM`1.OKExecuteHost() 位置 D:\Users\孙立翔\Desktop\项目\程序\FinancialRegulation\FinancialRegulation\ViewModel\BaseEditVM.cs:行号 72
