2014/12/03 16:50:15:475,[5],[]:System.Web.Services.Protocols.SoapException: System.Web.Services.Protocols.SoapException: 服务器无法处理请求。 ---> System.Data.SqlClient.SqlException: 列名 'PA_BankSerialNumber' 无效。
   在 System.Data.SqlClient.SqlConnection.OnError(SqlException exception, Boolean breakConnection)
   在 System.Data.SqlClient.SqlInternalConnection.OnError(SqlException exception, Boolean breakConnection)
   在 System.Data.SqlClient.TdsParser.ThrowExceptionAndWarning()
   在 System.Data.SqlClient.TdsParser.Run(RunBehavior runBehavior, SqlCommand cmdHandler, SqlDataReader dataStream, BulkCopySimpleResultSet bulkCopyHandler, TdsParserStateObject stateObj)
   在 System.Data.SqlClient.SqlCommand.FinishExecuteReader(SqlDataReader ds, RunBehavior runBehavior, String resetOptionsString)
   在 System.Data.SqlClient.SqlCommand.RunExecuteReaderTds(CommandBehavior cmdBehavior, RunBehavior runBehavior, Boolean returnStream, Boolean async)
   在 System.Data.SqlClient.SqlCommand.RunExecuteReader(CommandBehavior cmdBehavior, RunBehavior runBehavior, Boolean returnStream, String method, DbAsyncResult result)
   在 System.Data.SqlClient.SqlCommand.InternalExecuteNonQuery(DbAsyncResult result, String methodName, Boolean sendToPipe)
   在 System.Data.SqlClient.SqlCommand.ExecuteNonQuery()
   在 IBatisNet.DataMapper.Commands.DbCommandDecorator.System.Data.IDbCommand.ExecuteNonQuery()
   在 IBatisNet.DataMapper.MappedStatements.MappedStatement.ExecuteInsert(ISqlMapSession session, Object parameterObject)
   在 IBatisNet.DataMapper.SqlMapper.Insert(String statementName, Object parameterObject)
   在 Dao.BasesDAO`1.i(String Key, Object t) 位置 D:\Users\孙立翔\Desktop\资金监管\FinancialRegulation\DAO\BasesDAO.cs:行号 76
   在 Dao.BasesDAO`1.i(T t) 位置 D:\Users\孙立翔\Desktop\资金监管\FinancialRegulation\DAO\BasesDAO.cs:行号 104
   在 Dao.JG_PaymentDao.Add(FundPayment t) 位置 D:\Users\孙立翔\Desktop\资金监管\FinancialRegulation\DAO\JG_PaymentDao.cs:行号 43
   在 FinancialRegulationSRV.JG_PaymentService.Add(FundPayment o) 位置 D:\Users\孙立翔\Desktop\资金监管\FinancialRegulation\FinancialRegulationSRV\JG_PaymentService.asmx.cs:行号 27
   --- 内部异常堆栈跟踪的结尾 ---
   在 System.Web.Services.Protocols.SoapHttpClientProtocol.ReadResponse(SoapClientMessage message, WebResponse response, Stream responseStream, Boolean asyncCall)
   在 System.Web.Services.Protocols.SoapHttpClientProtocol.Invoke(String methodName, Object[] parameters)
   在 FundsRegulatoryClient.JG_PaymentSrv.JG_PaymentService.Add(FundPayment o) 位置 D:\Users\孙立翔\Desktop\资金监管\FinancialRegulation\FundsRegulatoryClient\Web References\JG_PaymentSrv\Reference.cs:行号 124
   在 FundsRegulatoryClient.JG_PaymentClient.Add(FundPayment m) 位置 D:\Users\孙立翔\Desktop\资金监管\FinancialRegulation\FundsRegulatoryClient\JG_PaymentClient.cs:行号 37
   在 FinancialRegulation.ViewModel.PayInfoCheckVM.OKExecute() 位置 D:\Users\孙立翔\Desktop\资金监管\FinancialRegulation\FinancialRegulation\Page\Pay\PayInfoCheckVM.cs:行号 167
   在 FinancialRegulation.ViewModel.BaseEditVM`1.OKExecuteHost() 位置 D:\Users\孙立翔\Desktop\资金监管\FinancialRegulation\FinancialRegulation\ViewModel\BaseEditVM.cs:行号 72
2014/12/03 16:52:48:763,[5],[]:System.Net.Sockets.SocketException (0x80004005): 由于套接字没有连接并且(当使用一个 sendto 调用发送数据报套接字时)没有提供地址，发送或接收数据的请求没有被接受。
   在 System.Net.Sockets.Socket.Send(Byte[] buffer, Int32 offset, Int32 size, SocketFlags socketFlags)
   在 System.Net.Sockets.Socket.Send(Byte[] buffer)
   在 Message.MessageSender.SendMessage(BaseRequest bmr, String WebsiteCode, String TellerCode) 位置 D:\Users\孙立翔\Desktop\资金监管\FinancialRegulation\Message\MessageSender.cs:行号 52
   在 FinancialRegulation.ViewModel.BaseVM`1.SendMessage[R](BaseRequest request, String WebsiteCode, String TellerCode) 位置 D:\Users\孙立翔\Desktop\资金监管\FinancialRegulation\FinancialRegulation\ViewModel\BaseVM.cs:行号 31
   在 FinancialRegulation.ViewModel.PayInfoAddToEditVM.OKExecute() 位置 D:\Users\孙立翔\Desktop\资金监管\FinancialRegulation\FinancialRegulation\Page\Pay\PayInfoAddToEditVM.cs:行号 172
2014/12/03 16:53:26:727,[5],[]:System.Net.Sockets.SocketException (0x80004005): 由于套接字没有连接并且(当使用一个 sendto 调用发送数据报套接字时)没有提供地址，发送或接收数据的请求没有被接受。
   在 System.Net.Sockets.Socket.Send(Byte[] buffer, Int32 offset, Int32 size, SocketFlags socketFlags)
   在 System.Net.Sockets.Socket.Send(Byte[] buffer)
   在 Message.MessageSender.SendMessage(BaseRequest bmr, String WebsiteCode, String TellerCode) 位置 D:\Users\孙立翔\Desktop\资金监管\FinancialRegulation\Message\MessageSender.cs:行号 52
   在 FinancialRegulation.ViewModel.BaseVM`1.SendMessage[R](BaseRequest request, String WebsiteCode, String TellerCode) 位置 D:\Users\孙立翔\Desktop\资金监管\FinancialRegulation\FinancialRegulation\ViewModel\BaseVM.cs:行号 31
   在 FinancialRegulation.ViewModel.PayInfoAddToEditVM.OKExecute() 位置 D:\Users\孙立翔\Desktop\资金监管\FinancialRegulation\FinancialRegulation\Page\Pay\PayInfoAddToEditVM.cs:行号 172
2014/12/03 17:47:15:691,[5],[]:System.Net.Sockets.SocketException (0x80004005): 由于套接字没有连接并且(当使用一个 sendto 调用发送数据报套接字时)没有提供地址，发送或接收数据的请求没有被接受。
   在 System.Net.Sockets.Socket.Send(Byte[] buffer, Int32 offset, Int32 size, SocketFlags socketFlags)
   在 System.Net.Sockets.Socket.Send(Byte[] buffer)
   在 Message.MessageSender.SendMessage(BaseRequest bmr, String WebsiteCode, String TellerCode) 位置 D:\Users\孙立翔\Desktop\资金监管\FinancialRegulation\Message\MessageSender.cs:行号 52
   在 FinancialRegulation.ViewModel.BaseVM`1.SendMessage[R](BaseRequest request, String WebsiteCode, String TellerCode) 位置 D:\Users\孙立翔\Desktop\资金监管\FinancialRegulation\FinancialRegulation\ViewModel\BaseVM.cs:行号 31
   在 FinancialRegulation.ViewModel.ReverseTradeVM.OKExecute() 位置 D:\Users\孙立翔\Desktop\资金监管\FinancialRegulation\FinancialRegulation\Page\Pay\ReverseTradeVM.cs:行号 118
