2014/12/11 00:47:51:143,[5],[]:System.Web.Services.Protocols.SoapException: System.Web.Services.Protocols.SoapException: 服务器无法处理请求。 ---> System.Data.SqlClient.SqlException: '，' 附近有语法错误。
   在 System.Data.SqlClient.SqlConnection.OnError(SqlException exception, Boolean breakConnection)
   在 System.Data.SqlClient.SqlInternalConnection.OnError(SqlException exception, Boolean breakConnection)
   在 System.Data.SqlClient.TdsParser.ThrowExceptionAndWarning()
   在 System.Data.SqlClient.TdsParser.Run(RunBehavior runBehavior, SqlCommand cmdHandler, SqlDataReader dataStream, BulkCopySimpleResultSet bulkCopyHandler, TdsParserStateObject stateObj)
   在 System.Data.SqlClient.SqlCommand.FinishExecuteReader(SqlDataReader ds, RunBehavior runBehavior, String resetOptionsString)
   在 System.Data.SqlClient.SqlCommand.RunExecuteReaderTds(CommandBehavior cmdBehavior, RunBehavior runBehavior, Boolean returnStream, Boolean async)
   在 System.Data.SqlClient.SqlCommand.RunExecuteReader(CommandBehavior cmdBehavior, RunBehavior runBehavior, Boolean returnStream, String method, DbAsyncResult result)
   在 System.Data.SqlClient.SqlCommand.InternalExecuteNonQuery(DbAsyncResult result, String methodName, Boolean sendToPipe)
   在 System.Data.SqlClient.SqlCommand.ExecuteNonQuery()
   在 IBatisNet.DataMapper.Commands.DbCommandDecorator.System.Data.IDbCommand.ExecuteNonQuery()
   在 IBatisNet.DataMapper.MappedStatements.MappedStatement.ExecuteInsert(ISqlMapSession session, Object parameterObject)
   在 IBatisNet.DataMapper.SqlMapper.Insert(String statementName, Object parameterObject)
   在 Dao.BasesDAO`1.i(String Key, Object t) 位置 D:\Users\孙立翔\Desktop\资金监管\FinancialRegulation\DAO\BasesDAO.cs:行号 76
   在 Dao.BasesDAO`1.i(T t) 位置 D:\Users\孙立翔\Desktop\资金监管\FinancialRegulation\DAO\BasesDAO.cs:行号 104
   在 Dao.DayBalanceDao.Add(DayBalance t) 位置 D:\Users\孙立翔\Desktop\资金监管\FinancialRegulation\DAO\InterestDao.cs:行号 96
   在 FinancialRegulationSRV.SqlTrans.CreateAccountSIDB(JG_AccountManageInfo acc, SeasonInterest si, DayBalance db, Int32 i) 位置 D:\Users\孙立翔\Desktop\资金监管\FinancialRegulation\FinancialRegulationSRV\SqlTrans.asmx.cs:行号 145
   --- 内部异常堆栈跟踪的结尾 ---
   在 System.Web.Services.Protocols.SoapHttpClientProtocol.ReadResponse(SoapClientMessage message, WebResponse response, Stream responseStream, Boolean asyncCall)
   在 System.Web.Services.Protocols.SoapHttpClientProtocol.Invoke(String methodName, Object[] parameters)
   在 FundsRegulatoryClient.SqlTransSvr.SqlTrans.CreateAccountSIDB(JG_AccountManageInfo acc, SeasonInterest si, DayBalance db, Int32 i) 位置 D:\Users\孙立翔\Desktop\资金监管\FinancialRegulation\FundsRegulatoryClient\Web References\SqlTransSvr\Reference.cs:行号 306
   在 FundsRegulatoryClient.SqlTransClient.CreateAccountSIDB(JG_AccountManageInfo acc, SeasonInterest si, DayBalance db, Int32 i) 位置 D:\Users\孙立翔\Desktop\资金监管\FinancialRegulation\FundsRegulatoryClient\SqlTransClient.cs:行号 91
   在 FinancialRegulation.ViewModel.OpenAccountEditVM.OKExecute() 位置 D:\Users\孙立翔\Desktop\资金监管\FinancialRegulation\FinancialRegulation\Page\Account&Point\OpenAccountEditVM.cs:行号 135
   在 FinancialRegulation.ViewModel.BaseEditVM`1.OKExecuteHost() 位置 D:\Users\孙立翔\Desktop\资金监管\FinancialRegulation\FinancialRegulation\ViewModel\BaseEditVM.cs:行号 72
