2014/11/14 10:23:16:775,[5],[]:System.FormatException: 输入字符串的格式不正确。
   在 System.Number.StringToNumber(String str, NumberStyles options, NumberBuffer& number, NumberFormatInfo info, Boolean parseDecimal)
   在 System.Number.ParseDecimal(String value, NumberStyles options, NumberFormatInfo numfmt)
   在 System.Decimal.Parse(String s)
   在 Message.NewMessage.Response.Response02.SetValue() 位置 E:\project\连云港项目\邮储银行端\源代码\FinancialRegulation\Message\NewMessage\Response\Response02.cs:行号 183
   在 Message.NewMessage.Response.Response02..ctor(String MessageInfo) 位置 E:\project\连云港项目\邮储银行端\源代码\FinancialRegulation\Message\NewMessage\Response\Response02.cs:行号 81
   在 Message.MessageSender.SendMessage(BaseRequest bmr, String WebsiteCode, String TellerCode) 位置 E:\project\连云港项目\邮储银行端\源代码\FinancialRegulation\Message\MessageSender.cs:行号 61
   在 FinancialRegulation.ViewModel.BaseVM`1.SendMessage[R](BaseRequest request, String WebsiteCode, String TellerCode) 位置 E:\project\连云港项目\邮储银行端\源代码\FinancialRegulation\FinancialRegulation\ViewModel\BaseVM.cs:行号 31
   在 FinancialRegulation.ViewModel.FundInfoCheckVM.SearchExecute() 位置 E:\project\连云港项目\邮储银行端\源代码\FinancialRegulation\FinancialRegulation\Page\Fund\FundInfoCheckVM.cs:行号 207
2014/11/14 10:33:29:470,[5],[]:System.FormatException: 输入字符串的格式不正确。
   在 System.Number.StringToNumber(String str, NumberStyles options, NumberBuffer& number, NumberFormatInfo info, Boolean parseDecimal)
   在 System.Number.ParseDecimal(String value, NumberStyles options, NumberFormatInfo numfmt)
   在 System.Decimal.Parse(String s)
   在 Message.NewMessage.Response.Response02.SetValue() 位置 E:\project\连云港项目\邮储银行端\源代码\FinancialRegulation\Message\NewMessage\Response\Response02.cs:行号 183
   在 Message.NewMessage.Response.Response02..ctor(String MessageInfo) 位置 E:\project\连云港项目\邮储银行端\源代码\FinancialRegulation\Message\NewMessage\Response\Response02.cs:行号 81
   在 Message.MessageSender.SendMessage(BaseRequest bmr, String WebsiteCode, String TellerCode) 位置 E:\project\连云港项目\邮储银行端\源代码\FinancialRegulation\Message\MessageSender.cs:行号 61
   在 FinancialRegulation.ViewModel.BaseVM`1.SendMessage[R](BaseRequest request, String WebsiteCode, String TellerCode) 位置 E:\project\连云港项目\邮储银行端\源代码\FinancialRegulation\FinancialRegulation\ViewModel\BaseVM.cs:行号 31
   在 FinancialRegulation.ViewModel.FundInfoCheckVM.SearchExecute() 位置 E:\project\连云港项目\邮储银行端\源代码\FinancialRegulation\FinancialRegulation\Page\Fund\FundInfoCheckVM.cs:行号 207
2014/11/14 11:07:52:277,[5],[]:System.Exception: 所提供的服务器连接超时
   在 Message.MessageSender.SendMessage(BaseRequest bmr, String WebsiteCode, String TellerCode) 位置 E:\project\连云港项目\邮储银行端\源代码\FinancialRegulation\Message\MessageSender.cs:行号 88
   在 FinancialRegulation.ViewModel.BaseVM`1.SendMessage[R](BaseRequest request, String WebsiteCode, String TellerCode) 位置 E:\project\连云港项目\邮储银行端\源代码\FinancialRegulation\FinancialRegulation\ViewModel\BaseVM.cs:行号 31
   在 FinancialRegulation.ViewModel.FundInfoCheckVM.SearchExecute() 位置 E:\project\连云港项目\邮储银行端\源代码\FinancialRegulation\FinancialRegulation\Page\Fund\FundInfoCheckVM.cs:行号 207
2014/11/14 11:08:44:995,[5],[]:System.Exception: 所提供的服务器连接超时
   在 Message.MessageSender.SendMessage(BaseRequest bmr, String WebsiteCode, String TellerCode) 位置 E:\project\连云港项目\邮储银行端\源代码\FinancialRegulation\Message\MessageSender.cs:行号 88
   在 FinancialRegulation.ViewModel.BaseVM`1.SendMessage[R](BaseRequest request, String WebsiteCode, String TellerCode) 位置 E:\project\连云港项目\邮储银行端\源代码\FinancialRegulation\FinancialRegulation\ViewModel\BaseVM.cs:行号 31
   在 FinancialRegulation.ViewModel.FundInfoCheckVM.SearchExecute() 位置 E:\project\连云港项目\邮储银行端\源代码\FinancialRegulation\FinancialRegulation\Page\Fund\FundInfoCheckVM.cs:行号 207
